::1 - - [29/Aug/2022:11:04:50 +0200] "GET /wp-admin/ HTTP/1.1" 200 90178
::1 - - [29/Aug/2022:11:04:50 +0200] "GET /wp-content/plugins/wp-fastest-cache/css/style.css?ver=1661763890 HTTP/1.1" 200 17342
::1 - - [29/Aug/2022:11:04:50 +0200] "GET /wp-includes/js/thickbox/thickbox.css?ver=6.0.1 HTTP/1.1" 200 2659
::1 - - [29/Aug/2022:11:04:50 +0200] "GET /wp-content/plugins/fakerpress/src/resources/css/font.min.css?ver=0.5.2 HTTP/1.1" 200 524
::1 - - [29/Aug/2022:11:04:50 +0200] "GET /wp-content/plugins/wp-fastest-cache/css/toolbar.css?ver=1661763890 HTTP/1.1" 200 6287
::1 - - [29/Aug/2022:11:04:51 +0200] "GET /wp-includes/css/editor.min.css?ver=6.0.1 HTTP/1.1" 200 27188
::1 - - [29/Aug/2022:11:04:51 +0200] "GET /wp-includes/js/dist/i18n.min.js?ver=ebee46757c6a411e38fd079a7ac71d94 HTTP/1.1" 200 10222
::1 - - [29/Aug/2022:11:04:51 +0200] "GET /wp-admin/js/common.min.js?ver=6.0.1 HTTP/1.1" 200 20038
::1 - - [29/Aug/2022:11:04:51 +0200] "GET /wp-includes/js/hoverintent-js.min.js?ver=2.2.1 HTTP/1.1" 200 1718
::1 - - [29/Aug/2022:11:04:51 +0200] "GET /wp-includes/js/admin-bar.min.js?ver=6.0.1 HTTP/1.1" 200 3548
::1 - - [29/Aug/2022:11:04:51 +0200] "GET /wp-includes/js/clipboard.min.js?ver=2.0.10 HTTP/1.1" 200 8908
::1 - - [29/Aug/2022:11:04:51 +0200] "GET /wp-includes/js/underscore.min.js?ver=1.13.3 HTTP/1.1" 200 18911
::1 - - [29/Aug/2022:11:04:51 +0200] "GET /wp-includes/js/dist/a11y.min.js?ver=a38319d7ba46c6e60f7f9d4c371222c5 HTTP/1.1" 200 2508
::1 - - [29/Aug/2022:11:04:51 +0200] "GET /wp-includes/js/dist/dom-ready.min.js?ver=d996b53411d1533a84951212ab6ac4ff HTTP/1.1" 200 498
::1 - - [29/Aug/2022:11:04:51 +0200] "GET /wp-includes/js/wp-util.min.js?ver=6.0.1 HTTP/1.1" 200 1340
::1 - - [29/Aug/2022:11:04:51 +0200] "GET /wp-includes/js/api-request.min.js?ver=6.0.1 HTTP/1.1" 200 1023
::1 - - [29/Aug/2022:11:04:51 +0200] "GET /wp-admin/js/site-health.min.js?ver=6.0.1 HTTP/1.1" 200 6142
::1 - - [29/Aug/2022:11:04:51 +0200] "GET /wp-includes/js/wp-ajax-response.min.js?ver=6.0.1 HTTP/1.1" 200 2306
::1 - - [29/Aug/2022:11:04:51 +0200] "GET /wp-includes/js/dist/url.min.js?ver=16385e4d69da65c7283790971de6b297 HTTP/1.1" 200 4891
::1 - - [29/Aug/2022:11:04:51 +0200] "GET /wp-includes/js/dist/vendor/lodash.min.js?ver=4.17.19 HTTP/1.1" 200 71098
::1 - - [29/Aug/2022:11:04:51 +0200] "GET /wp-includes/js/jquery/jquery.color.min.js?ver=2.2.0 HTTP/1.1" 200 7047
::1 - - [29/Aug/2022:11:04:51 +0200] "GET /wp-includes/js/wp-lists.min.js?ver=6.0.1 HTTP/1.1" 200 7446
::1 - - [29/Aug/2022:11:04:51 +0200] "GET /wp-includes/js/quicktags.min.js?ver=6.0.1 HTTP/1.1" 200 11132
::1 - - [29/Aug/2022:11:04:51 +0200] "GET /wp-includes/js/jquery/jquery.query.js?ver=2.2.3 HTTP/1.1" 200 3694
::1 - - [29/Aug/2022:11:04:51 +0200] "GET /wp-admin/js/edit-comments.min.js?ver=6.0.1 HTTP/1.1" 200 15317
::1 - - [29/Aug/2022:11:04:51 +0200] "GET /wp-includes/js/jquery/ui/core.min.js?ver=1.13.1 HTTP/1.1" 200 20715
::1 - - [29/Aug/2022:11:04:51 +0200] "GET /wp-includes/js/jquery/ui/mouse.min.js?ver=1.13.1 HTTP/1.1" 200 3411
::1 - - [29/Aug/2022:11:04:51 +0200] "GET /wp-includes/js/jquery/ui/sortable.min.js?ver=1.13.1 HTTP/1.1" 200 25455
::1 - - [29/Aug/2022:11:04:51 +0200] "GET /wp-admin/js/postbox.min.js?ver=6.0.1 HTTP/1.1" 200 6713
::1 - - [29/Aug/2022:11:04:51 +0200] "GET /wp-includes/js/dist/vendor/moment.min.js?ver=2.29.2 HTTP/1.1" 200 58023
::1 - - [29/Aug/2022:11:04:51 +0200] "GET /wp-includes/js/dist/date.min.js?ver=e0e02b3a1c7037e6cb893486d4680631 HTTP/1.1" 200 202159
::1 - - [29/Aug/2022:11:04:51 +0200] "GET /wp-includes/js/thickbox/thickbox.js?ver=3.1-20121105 HTTP/1.1" 200 13194
::1 - - [29/Aug/2022:11:04:51 +0200] "GET /wp-admin/js/dashboard.min.js?ver=6.0.1 HTTP/1.1" 200 8797
::1 - - [29/Aug/2022:11:04:51 +0200] "GET /wp-admin/js/plugin-install.min.js?ver=6.0.1 HTTP/1.1" 200 2403
::1 - - [29/Aug/2022:11:04:51 +0200] "GET /wp-includes/js/wp-sanitize.min.js?ver=6.0.1 HTTP/1.1" 200 458
::1 - - [29/Aug/2022:11:04:51 +0200] "GET /wp-admin/js/updates.min.js?ver=6.0.1 HTTP/1.1" 200 41355
::1 - - [29/Aug/2022:11:04:51 +0200] "GET /wp-includes/js/shortcode.min.js?ver=6.0.1 HTTP/1.1" 200 2651
::1 - - [29/Aug/2022:11:04:51 +0200] "GET /wp-admin/js/media-upload.min.js?ver=6.0.1 HTTP/1.1" 200 1152
::1 - - [29/Aug/2022:11:04:51 +0200] "GET /wp-admin/js/svg-painter.js?ver=6.0.1 HTTP/1.1" 200 5522
::1 - - [29/Aug/2022:11:04:51 +0200] "GET /wp-includes/js/heartbeat.min.js?ver=6.0.1 HTTP/1.1" 200 5934
::1 - - [29/Aug/2022:11:04:51 +0200] "GET /wp-includes/js/wp-auth-check.min.js?ver=6.0.1 HTTP/1.1" 200 1658
::1 - - [29/Aug/2022:11:04:51 +0200] "GET /wp-content/plugins/wp-fastest-cache/js/column.js?ver=1661763890 HTTP/1.1" 200 1411
::1 - - [29/Aug/2022:11:04:51 +0200] "GET /wp-content/plugins/wp-fastest-cache/js/toolbar.js?ver=1661763890 HTTP/1.1" 200 3514
::1 - - [29/Aug/2022:11:04:51 +0200] "GET /wp-includes/js/wplink.min.js?ver=6.0.1 HTTP/1.1" 200 11266
::1 - - [29/Aug/2022:11:04:51 +0200] "GET /wp-includes/js/jquery/ui/menu.min.js?ver=1.13.1 HTTP/1.1" 200 10114
::1 - - [29/Aug/2022:11:04:51 +0200] "GET /wp-includes/js/jquery/ui/autocomplete.min.js?ver=1.13.1 HTTP/1.1" 200 8524
::1 - - [29/Aug/2022:11:04:51 +0200] "GET /wp-includes/js/wp-emoji-release.min.js?ver=6.0.1 HTTP/1.1" 200 18617
::1 - - [29/Aug/2022:11:04:51 +0200] "GET /wp-content/themes/monSiteWP/js/diaporama.js?ver=1.0 HTTP/1.1" 404 27643
::1 - - [29/Aug/2022:11:04:51 +0200] "GET /wp-includes/js/thickbox/loadingAnimation.gif HTTP/1.1" 200 15238
::1 - - [29/Aug/2022:11:04:52 +0200] "GET / HTTP/1.1" 200 29582
::1 - - [29/Aug/2022:11:04:52 +0200] "GET /wp-includes/css/dashicons.min.css?ver=6.0.1 HTTP/1.1" 200 59016
::1 - - [29/Aug/2022:11:04:52 +0200] "GET /wp-includes/css/admin-bar.min.css?ver=6.0.1 HTTP/1.1" 200 20282
::1 - - [29/Aug/2022:11:04:52 +0200] "GET /wp-includes/css/dist/block-library/style.min.css?ver=6.0.1 HTTP/1.1" 200 88932
::1 - - [29/Aug/2022:11:04:52 +0200] "GET /wp-content/themes/monSiteWP/style.css?ver=1.0 HTTP/1.1" 200 319
::1 - - [29/Aug/2022:11:04:52 +0200] "GET /wp-content/themes/monSiteWP/style.css?ver=6.0.1 HTTP/1.1" 200 319
::1 - - [29/Aug/2022:11:04:52 +0200] "GET /wp-content/plugins/wp-fastest-cache/css/toolbar.css?ver=1661763892 HTTP/1.1" 200 6287
::1 - - [29/Aug/2022:11:04:52 +0200] "GET /wp-includes/js/jquery/jquery.min.js?ver=3.6.0 HTTP/1.1" 200 89521
::1 - - [29/Aug/2022:11:04:52 +0200] "GET /wp-includes/js/jquery/jquery-migrate.min.js?ver=3.3.2 HTTP/1.1" 200 11224
::1 - - [29/Aug/2022:11:04:53 +0200] "GET /wp-content/plugins/wp-fastest-cache/js/toolbar.js?ver=1661763892 HTTP/1.1" 200 3514
::1 - - [29/Aug/2022:11:04:53 +0200] "GET /wp-content/themes/monSiteWP/js/diaporama.js?ver=1.0 HTTP/1.1" 404 27643
::1 - - [29/Aug/2022:11:04:53 +0200] "GET /wp-content/themes/monSiteWP/img/logo.svg HTTP/1.1" 404 28850
::1 - - [29/Aug/2022:11:04:53 +0200] "GET /wp-content/themes/monSiteWP/images/search.png HTTP/1.1" 404 28855
::1 - - [29/Aug/2022:11:04:53 +0200] "GET /wp-content/themes/monSiteWP/js/script.js?ver=1.0 HTTP/1.1" 404 27640
::1 - - [29/Aug/2022:11:04:55 +0200] "GET / HTTP/1.1" 200 29582
::1 - - [29/Aug/2022:11:04:56 +0200] "GET /wp-content/plugins/wp-fastest-cache/css/toolbar.css?ver=1661763896 HTTP/1.1" 200 6287
::1 - - [29/Aug/2022:11:04:56 +0200] "GET /wp-content/plugins/wp-fastest-cache/js/toolbar.js?ver=1661763896 HTTP/1.1" 200 3514
::1 - - [29/Aug/2022:11:04:56 +0200] "GET /wp-content/themes/monSiteWP/img/logo.svg HTTP/1.1" 404 28850
::1 - - [29/Aug/2022:11:04:56 +0200] "GET /wp-content/themes/monSiteWP/js/diaporama.js?ver=1.0 HTTP/1.1" 404 27643
::1 - - [29/Aug/2022:11:04:56 +0200] "GET /wp-content/themes/monSiteWP/js/script.js?ver=1.0 HTTP/1.1" 404 27640
::1 - - [29/Aug/2022:11:04:56 +0200] "GET /wp-content/themes/monSiteWP/images/search.png HTTP/1.1" 404 28855
::1 - - [29/Aug/2022:11:04:57 +0200] "GET /favicon.ico HTTP/1.1" 302 -
::1 - - [29/Aug/2022:11:05:52 +0200] "POST /wp-admin/admin-ajax.php HTTP/1.1" 200 47
::1 - - [29/Aug/2022:11:07:53 +0200] "POST /wp-admin/admin-ajax.php HTTP/1.1" 200 47
::1 - - [29/Aug/2022:11:09:10 +0200] "GET / HTTP/1.1" 200 29582
::1 - - [29/Aug/2022:11:09:11 +0200] "GET /wp-content/plugins/wp-fastest-cache/css/toolbar.css?ver=1661764151 HTTP/1.1" 200 6287
::1 - - [29/Aug/2022:11:09:11 +0200] "GET /wp-content/themes/monSiteWP/img/screenshot.png HTTP/1.1" 200 31042
::1 - - [29/Aug/2022:11:09:11 +0200] "GET /wp-content/themes/monSiteWP/img/logo.svg HTTP/1.1" 200 1617
::1 - - [29/Aug/2022:11:09:11 +0200] "GET /wp-content/plugins/wp-fastest-cache/js/toolbar.js?ver=1661764151 HTTP/1.1" 200 3514
::1 - - [29/Aug/2022:11:09:11 +0200] "GET /wp-content/plugins/wp-fastest-cache/images/icon.svg HTTP/1.1" 200 23965
::1 - - [29/Aug/2022:11:09:11 +0200] "GET /wp-content/themes/monSiteWP/js/diaporama.js?ver=1.0 HTTP/1.1" 404 27643
::1 - - [29/Aug/2022:11:09:11 +0200] "GET /wp-content/themes/monSiteWP/images/search.png HTTP/1.1" 404 28855
::1 - - [29/Aug/2022:11:09:11 +0200] "GET /wp-content/themes/monSiteWP/js/script.js?ver=1.0 HTTP/1.1" 404 27640
::1 - - [29/Aug/2022:11:09:11 +0200] "GET /favicon.ico HTTP/1.1" 302 -
::1 - - [29/Aug/2022:11:09:11 +0200] "GET /wp-includes/images/w-logo-blue-white-bg.png HTTP/1.1" 200 4119
::1 - - [29/Aug/2022:11:09:54 +0200] "POST /wp-admin/admin-ajax.php HTTP/1.1" 200 47
::1 - - [29/Aug/2022:11:10:55 +0200] "POST /wp-admin/admin-ajax.php HTTP/1.1" 200 47
::1 - - [29/Aug/2022:11:12:56 +0200] "POST /wp-admin/admin-ajax.php HTTP/1.1" 200 47
::1 - - [29/Aug/2022:11:14:57 +0200] "POST /wp-admin/admin-ajax.php HTTP/1.1" 200 47
::1 - - [29/Aug/2022:11:16:24 +0200] "POST /wp-admin/admin-ajax.php HTTP/1.1" 200 47
::1 - - [29/Aug/2022:11:16:28 +0200] "GET / HTTP/1.1" 200 29582
::1 - - [29/Aug/2022:11:16:28 +0200] "GET /wp-content/plugins/wp-fastest-cache/css/toolbar.css?ver=1661764588 HTTP/1.1" 200 6287
::1 - - [29/Aug/2022:11:16:28 +0200] "GET /wp-content/themes/monSiteWP/style.css?ver=6.0.1 HTTP/1.1" 304 -
::1 - - [29/Aug/2022:11:16:28 +0200] "GET /wp-content/themes/monSiteWP/style.css?ver=1.0 HTTP/1.1" 304 -
::1 - - [29/Aug/2022:11:16:28 +0200] "GET /wp-content/plugins/wp-fastest-cache/js/toolbar.js?ver=1661764588 HTTP/1.1" 200 3514
::1 - - [29/Aug/2022:11:16:28 +0200] "GET /wp-content/themes/monSiteWP/img/logo.svg HTTP/1.1" 304 -
::1 - - [29/Aug/2022:11:16:28 +0200] "GET /wp-content/plugins/wp-fastest-cache/images/icon.svg HTTP/1.1" 304 -
::1 - - [29/Aug/2022:11:16:28 +0200] "GET /wp-content/themes/monSiteWP/js/script.js?ver=1.0 HTTP/1.1" 404 27640
::1 - - [29/Aug/2022:11:16:28 +0200] "GET /wp-content/themes/monSiteWP/images/search.png HTTP/1.1" 404 28855
::1 - - [29/Aug/2022:11:16:28 +0200] "GET /wp-content/themes/monSiteWP/js/diaporama.js?ver=1.0 HTTP/1.1" 404 27643
::1 - - [29/Aug/2022:11:16:29 +0200] "GET /favicon.ico HTTP/1.1" 302 -
::1 - - [29/Aug/2022:11:16:41 +0200] "GET / HTTP/1.1" 200 29582
::1 - - [29/Aug/2022:11:16:41 +0200] "GET /wp-content/plugins/wp-fastest-cache/css/toolbar.css?ver=1661764601 HTTP/1.1" 200 6287
::1 - - [29/Aug/2022:11:16:41 +0200] "GET /wp-content/plugins/wp-fastest-cache/js/toolbar.js?ver=1661764601 HTTP/1.1" 200 3514
::1 - - [29/Aug/2022:11:16:41 +0200] "GET /wp-content/themes/monSiteWP/js/script.js?ver=1.0 HTTP/1.1" 404 27640
::1 - - [29/Aug/2022:11:16:41 +0200] "GET /wp-content/themes/monSiteWP/js/diaporama.js?ver=1.0 HTTP/1.1" 404 27643
::1 - - [29/Aug/2022:11:16:41 +0200] "GET /wp-content/themes/monSiteWP/images/search.png HTTP/1.1" 404 28855
::1 - - [29/Aug/2022:11:17:25 +0200] "POST /wp-admin/admin-ajax.php HTTP/1.1" 200 47
::1 - - [29/Aug/2022:11:19:26 +0200] "POST /wp-admin/admin-ajax.php HTTP/1.1" 200 47
::1 - - [29/Aug/2022:11:20:16 +0200] "GET /wp-content/plugins/wp-fastest-cache/css/style.css?ver=1661764816 HTTP/1.1" 200 17342
::1 - - [29/Aug/2022:11:20:16 +0200] "GET /wp-content/plugins/wp-fastest-cache/css/toolbar.css?ver=1661764816 HTTP/1.1" 200 6287
::1 - - [29/Aug/2022:11:20:16 +0200] "GET /wp-includes/js/jquery/ui/droppable.min.js?ver=1.13.1 HTTP/1.1" 200 6651
::1 - - [29/Aug/2022:11:20:16 +0200] "GET /wp-content/plugins/fakerpress/src/resources/css/font.min.css?ver=0.5.2 HTTP/1.1" 304 -
::1 - - [29/Aug/2022:11:20:16 +0200] "GET /wp-includes/js/jquery/ui/draggable.min.js?ver=1.13.1 HTTP/1.1" 200 18327
::1 - - [29/Aug/2022:11:20:16 +0200] "GET /wp-admin/js/nav-menu.min.js?ver=6.0.1 HTTP/1.1" 200 25769
::1 - - [29/Aug/2022:11:20:16 +0200] "GET /wp-admin/nav-menus.php HTTP/1.1" 200 139180
::1 - - [29/Aug/2022:11:20:16 +0200] "GET /wp-content/plugins/wp-fastest-cache/images/icon.svg HTTP/1.1" 200 23965
::1 - - [29/Aug/2022:11:20:16 +0200] "GET /wp-admin/js/accordion.min.js?ver=6.0.1 HTTP/1.1" 200 849
::1 - - [29/Aug/2022:11:20:16 +0200] "GET /wp-content/plugins/wp-fastest-cache/js/toolbar.js?ver=1661764816 HTTP/1.1" 200 3514
::1 - - [29/Aug/2022:11:20:16 +0200] "GET /wp-content/plugins/wp-fastest-cache/js/column.js?ver=1661764816 HTTP/1.1" 200 1411
::1 - - [29/Aug/2022:11:20:16 +0200] "GET /wp-admin/images/spinner.gif HTTP/1.1" 200 3656
::1 - - [29/Aug/2022:11:20:16 +0200] "GET /wp-content/plugins/fakerpress/src/resources/font/fakerpress.ttf HTTP/1.1" 200 26640
::1 - - [29/Aug/2022:11:20:16 +0200] "GET /wp-content/themes/monSiteWP/js/diaporama.js?ver=1.0 HTTP/1.1" 404 27643
::1 - - [29/Aug/2022:11:20:25 +0200] "GET /wp-content/plugins/wp-fastest-cache/css/style.css?ver=1661764825 HTTP/1.1" 200 17342
::1 - - [29/Aug/2022:11:20:25 +0200] "GET /wp-content/plugins/wp-fastest-cache/css/toolbar.css?ver=1661764825 HTTP/1.1" 200 6287
::1 - - [29/Aug/2022:11:20:25 +0200] "GET /wp-admin/nav-menus.php?action=edit&menu=10 HTTP/1.1" 200 155379
::1 - - [29/Aug/2022:11:20:25 +0200] "GET /wp-content/plugins/wp-fastest-cache/js/toolbar.js?ver=1661764825 HTTP/1.1" 200 3514
::1 - - [29/Aug/2022:11:20:25 +0200] "GET /wp-content/plugins/wp-fastest-cache/js/column.js?ver=1661764825 HTTP/1.1" 200 1411
::1 - - [29/Aug/2022:11:20:25 +0200] "GET /wp-content/themes/monSiteWP/js/diaporama.js?ver=1.0 HTTP/1.1" 404 27643
::1 - - [29/Aug/2022:11:21:27 +0200] "POST /wp-admin/admin-ajax.php HTTP/1.1" 200 47
::1 - - [29/Aug/2022:11:23:15 +0200] "GET /wp-admin/images/spinner-2x.gif HTTP/1.1" 200 7536
::1 - - [29/Aug/2022:11:23:15 +0200] "POST /wp-admin/admin-ajax.php HTTP/1.1" 200 47
::1 - - [29/Aug/2022:11:23:40 +0200] "GET /wp-content/plugins/wp-fastest-cache/css/style.css?ver=1661765020 HTTP/1.1" 200 17342
::1 - - [29/Aug/2022:11:23:40 +0200] "GET /wp-content/plugins/wp-fastest-cache/css/toolbar.css?ver=1661765020 HTTP/1.1" 200 6287
::1 - - [29/Aug/2022:11:23:40 +0200] "GET /wp-content/plugins/wp-fastest-cache/images/icon.svg HTTP/1.1" 304 -
::1 - - [29/Aug/2022:11:23:40 +0200] "POST /wp-admin/nav-menus.php?action=edit&menu=10 HTTP/1.1" 200 155519
::1 - - [29/Aug/2022:11:23:40 +0200] "GET /wp-content/plugins/wp-fastest-cache/js/toolbar.js?ver=1661765020 HTTP/1.1" 200 3514
::1 - - [29/Aug/2022:11:23:40 +0200] "GET /wp-content/plugins/wp-fastest-cache/js/column.js?ver=1661765020 HTTP/1.1" 200 1411
::1 - - [29/Aug/2022:11:23:40 +0200] "GET /wp-content/themes/monSiteWP/js/diaporama.js?ver=1.0 HTTP/1.1" 404 27643
::1 - - [29/Aug/2022:11:23:44 +0200] "GET / HTTP/1.1" 200 29582
::1 - - [29/Aug/2022:11:23:45 +0200] "GET /wp-content/plugins/wp-fastest-cache/css/toolbar.css?ver=1661765024 HTTP/1.1" 200 6287
::1 - - [29/Aug/2022:11:23:45 +0200] "GET /wp-content/plugins/wp-fastest-cache/js/toolbar.js?ver=1661765024 HTTP/1.1" 200 3514
::1 - - [29/Aug/2022:11:23:45 +0200] "GET /wp-content/themes/monSiteWP/img/screenshot.png HTTP/1.1" 304 -
::1 - - [29/Aug/2022:11:23:45 +0200] "GET /wp-content/themes/monSiteWP/img/logo.svg HTTP/1.1" 304 -
::1 - - [29/Aug/2022:11:23:45 +0200] "GET /wp-content/themes/monSiteWP/js/diaporama.js?ver=1.0 HTTP/1.1" 404 27643
::1 - - [29/Aug/2022:11:23:45 +0200] "GET /wp-content/themes/monSiteWP/js/script.js?ver=1.0 HTTP/1.1" 404 27640
::1 - - [29/Aug/2022:11:23:45 +0200] "GET /wp-content/themes/monSiteWP/images/search.png HTTP/1.1" 404 28855
::1 - - [29/Aug/2022:11:23:45 +0200] "GET /favicon.ico HTTP/1.1" 302 -
::1 - - [29/Aug/2022:11:24:24 +0200] "GET / HTTP/1.1" 200 29590
::1 - - [29/Aug/2022:11:24:24 +0200] "GET /wp-content/plugins/wp-fastest-cache/css/toolbar.css?ver=1661765064 HTTP/1.1" 200 6287
::1 - - [29/Aug/2022:11:24:24 +0200] "GET /wp-content/plugins/wp-fastest-cache/js/toolbar.js?ver=1661765064 HTTP/1.1" 200 3514
::1 - - [29/Aug/2022:11:24:24 +0200] "GET /wp-content/themes/monSiteWP/js/diaporama.js?ver=1.0 HTTP/1.1" 404 27651
::1 - - [29/Aug/2022:11:24:24 +0200] "GET /wp-content/themes/monSiteWP/js/script.js?ver=1.0 HTTP/1.1" 404 27648
::1 - - [29/Aug/2022:11:24:24 +0200] "GET /wp-content/themes/monSiteWP/images/search.png HTTP/1.1" 404 28863
::1 - - [29/Aug/2022:11:24:25 +0200] "GET /favicon.ico HTTP/1.1" 302 -
::1 - - [29/Aug/2022:11:24:42 +0200] "POST /wp-admin/admin-ajax.php HTTP/1.1" 200 47
::1 - - [29/Aug/2022:11:26:28 +0200] "GET / HTTP/1.1" 200 29589
::1 - - [29/Aug/2022:11:26:29 +0200] "GET /wp-content/plugins/wp-fastest-cache/css/toolbar.css?ver=1661765189 HTTP/1.1" 200 6287
::1 - - [29/Aug/2022:11:26:29 +0200] "GET /wp-content/plugins/wp-fastest-cache/js/toolbar.js?ver=1661765189 HTTP/1.1" 200 3514
::1 - - [29/Aug/2022:11:26:29 +0200] "GET /wp-content/themes/monSiteWP/js/diaporama.js?ver=1.0 HTTP/1.1" 404 27650
::1 - - [29/Aug/2022:11:26:29 +0200] "GET /wp-content/themes/monSiteWP/js/script.js?ver=1.0 HTTP/1.1" 404 27647
::1 - - [29/Aug/2022:11:26:29 +0200] "GET /wp-content/themes/monSiteWP/img/loo.svg HTTP/1.1" 404 28856
::1 - - [29/Aug/2022:11:26:29 +0200] "GET /wp-content/themes/monSiteWP/images/search.png HTTP/1.1" 404 28862
::1 - - [29/Aug/2022:11:26:39 +0200] "GET / HTTP/1.1" 200 29590
::1 - - [29/Aug/2022:11:26:39 +0200] "GET /wp-content/plugins/wp-fastest-cache/css/toolbar.css?ver=1661765199 HTTP/1.1" 200 6287
::1 - - [29/Aug/2022:11:26:39 +0200] "GET /wp-content/plugins/wp-fastest-cache/js/toolbar.js?ver=1661765199 HTTP/1.1" 200 3514
::1 - - [29/Aug/2022:11:26:39 +0200] "GET /wp-content/themes/monSiteWP/img/logo.svg HTTP/1.1" 304 -
::1 - - [29/Aug/2022:11:26:39 +0200] "GET /wp-content/themes/monSiteWP/js/diaporama.js?ver=1.0 HTTP/1.1" 404 27651
::1 - - [29/Aug/2022:11:26:39 +0200] "GET /wp-content/themes/monSiteWP/js/script.js?ver=1.0 HTTP/1.1" 404 27648
::1 - - [29/Aug/2022:11:26:39 +0200] "GET /wp-content/themes/monSiteWP/images/search.png HTTP/1.1" 404 28863
::1 - - [29/Aug/2022:11:26:40 +0200] "GET /favicon.ico HTTP/1.1" 302 -
::1 - - [29/Aug/2022:11:26:43 +0200] "POST /wp-admin/admin-ajax.php HTTP/1.1" 200 47
::1 - - [29/Aug/2022:11:27:08 +0200] "GET / HTTP/1.1" 200 29588
::1 - - [29/Aug/2022:11:27:08 +0200] "GET /wp-content/plugins/wp-fastest-cache/css/toolbar.css?ver=1661765228 HTTP/1.1" 200 6287
::1 - - [29/Aug/2022:11:27:08 +0200] "GET /wp-content/plugins/wp-fastest-cache/js/toolbar.js?ver=1661765228 HTTP/1.1" 200 3514
::1 - - [29/Aug/2022:11:27:08 +0200] "GET /wp-content/plugins/wp-fastest-cache/images/icon.svg HTTP/1.1" 304 -
::1 - - [29/Aug/2022:11:27:08 +0200] "GET /wp-content/themes/monSiteWP/js/script.js?ver=1.0 HTTP/1.1" 404 27646
::1 - - [29/Aug/2022:11:27:08 +0200] "GET /wp-content/themes/monSiteWP/js/diaporama.js?ver=1.0 HTTP/1.1" 404 27649
::1 - - [29/Aug/2022:11:27:08 +0200] "GET /wp-content/themes/monSiteWP/img/screenot.png HTTP/1.1" 404 28860
::1 - - [29/Aug/2022:11:27:08 +0200] "GET /wp-content/themes/monSiteWP/images/search.png HTTP/1.1" 404 28861
::1 - - [29/Aug/2022:11:27:09 +0200] "GET /favicon.ico HTTP/1.1" 302 -
::1 - - [29/Aug/2022:11:28:44 +0200] "POST /wp-admin/admin-ajax.php HTTP/1.1" 200 47
::1 - - [29/Aug/2022:11:30:45 +0200] "POST /wp-admin/admin-ajax.php HTTP/1.1" 200 47
::1 - - [29/Aug/2022:11:32:46 +0200] "POST /wp-cron.php?doing_wp_cron=1661765566.6455209255218505859375 HTTP/1.1" 200 -
::1 - - [29/Aug/2022:11:32:46 +0200] "POST /wp-admin/admin-ajax.php HTTP/1.1" 200 47
::1 - - [29/Aug/2022:11:34:47 +0200] "POST /wp-admin/admin-ajax.php HTTP/1.1" 200 47
::1 - - [29/Aug/2022:11:35:26 +0200] "GET / HTTP/1.1" 200 29644
::1 - - [29/Aug/2022:11:35:26 +0200] "GET /wp-content/plugins/wp-fastest-cache/css/toolbar.css?ver=1661765726 HTTP/1.1" 200 6287
::1 - - [29/Aug/2022:11:35:26 +0200] "GET /wp-content/themes/monSiteWP/style.css?ver=1.0 HTTP/1.1" 304 -
::1 - - [29/Aug/2022:11:35:26 +0200] "GET /wp-content/themes/monSiteWP/style.css?ver=6.0.1 HTTP/1.1" 304 -
::1 - - [29/Aug/2022:11:35:26 +0200] "GET /wp-content/plugins/wp-fastest-cache/js/toolbar.js?ver=1661765726 HTTP/1.1" 200 3514
::1 - - [29/Aug/2022:11:35:26 +0200] "GET /wp-content/themes/monSiteWP/img/logo.svg HTTP/1.1" 304 -
::1 - - [29/Aug/2022:11:35:26 +0200] "GET /wp-content/plugins/wp-fastest-cache/images/icon.svg HTTP/1.1" 304 -
::1 - - [29/Aug/2022:11:35:26 +0200] "GET /wp-content/themes/monSiteWP/js/diaporama.js?ver=1.0 HTTP/1.1" 404 27705
::1 - - [29/Aug/2022:11:35:26 +0200] "GET /wp-content/themes/monSiteWP/js/script.js?ver=1.0 HTTP/1.1" 404 27702
::1 - - [29/Aug/2022:11:35:26 +0200] "GET /wp-content/themes/monSiteWP/img/screenot.png HTTP/1.1" 404 28916
::1 - - [29/Aug/2022:11:35:26 +0200] "GET /wp-content/themes/monSiteWP/images/search.png HTTP/1.1" 404 28917
::1 - - [29/Aug/2022:11:35:28 +0200] "GET /favicon.ico HTTP/1.1" 302 -
::1 - - [29/Aug/2022:11:36:40 +0200] "GET / HTTP/1.1" 200 29693
::1 - - [29/Aug/2022:11:36:40 +0200] "GET /wp-content/plugins/wp-fastest-cache/css/toolbar.css?ver=1661765800 HTTP/1.1" 200 6287
::1 - - [29/Aug/2022:11:36:40 +0200] "GET /wp-content/plugins/wp-fastest-cache/js/toolbar.js?ver=1661765800 HTTP/1.1" 200 3514
::1 - - [29/Aug/2022:11:36:40 +0200] "GET /wp-content/themes/monSiteWP/js/diaporama.js?ver=1.0 HTTP/1.1" 404 27754
::1 - - [29/Aug/2022:11:36:40 +0200] "GET /wp-content/themes/monSiteWP/js/script.js?ver=1.0 HTTP/1.1" 404 27751
::1 - - [29/Aug/2022:11:36:40 +0200] "GET /wp-content/themes/monSiteWP/img/screenot.png HTTP/1.1" 404 28965
::1 - - [29/Aug/2022:11:36:40 +0200] "GET /wp-content/themes/monSiteWP/images/search.png HTTP/1.1" 404 28966
::1 - - [29/Aug/2022:11:36:41 +0200] "GET /favicon.ico HTTP/1.1" 302 -
::1 - - [29/Aug/2022:11:36:48 +0200] "POST /wp-admin/admin-ajax.php HTTP/1.1" 200 47
::1 - - [29/Aug/2022:11:38:49 +0200] "POST /wp-admin/admin-ajax.php HTTP/1.1" 200 47
::1 - - [29/Aug/2022:11:39:11 +0200] "GET /wp-content/plugins/wp-fastest-cache/css/style.css?ver=1661765951 HTTP/1.1" 200 17342
::1 - - [29/Aug/2022:11:39:11 +0200] "GET /wp-content/plugins/wp-fastest-cache/css/toolbar.css?ver=1661765951 HTTP/1.1" 200 6287
::1 - - [29/Aug/2022:11:39:11 +0200] "GET /wp-includes/js/imgareaselect/imgareaselect.css?ver=0.9.8 HTTP/1.1" 200 790
::1 - - [29/Aug/2022:11:39:11 +0200] "GET /wp-content/plugins/fakerpress/src/resources/css/font.min.css?ver=0.5.2 HTTP/1.1" 304 -
::1 - - [29/Aug/2022:11:39:11 +0200] "GET /wp-includes/js/codemirror/codemirror.min.css?ver=5.29.1-alpha-ee20357 HTTP/1.1" 200 15899
::1 - - [29/Aug/2022:11:39:11 +0200] "GET /wp-includes/js/mediaelement/mediaelementplayer-legacy.min.css?ver=4.2.16 HTTP/1.1" 200 11256
::1 - - [29/Aug/2022:11:39:11 +0200] "GET /wp-includes/js/mediaelement/wp-mediaelement.min.css?ver=6.0.1 HTTP/1.1" 200 4186
::1 - - [29/Aug/2022:11:39:11 +0200] "GET /wp-includes/js/backbone.min.js?ver=1.4.1 HTTP/1.1" 200 23929
::1 - - [29/Aug/2022:11:39:11 +0200] "GET /wp-includes/js/wp-backbone.min.js?ver=6.0.1 HTTP/1.1" 200 3039
::1 - - [29/Aug/2022:11:39:11 +0200] "GET /wp-includes/js/utils.min.js?ver=6.0.1 HTTP/1.1" 200 1866
::1 - - [29/Aug/2022:11:39:11 +0200] "GET /wp-admin/js/editor.min.js?ver=6.0.1 HTTP/1.1" 200 13206
::1 - - [29/Aug/2022:11:39:11 +0200] "GET /wp-includes/js/media-models.min.js?ver=6.0.1 HTTP/1.1" 200 13435
::1 - - [29/Aug/2022:11:39:11 +0200] "GET /wp-includes/js/plupload/moxie.min.js?ver=1.3.5 HTTP/1.1" 200 87518
::1 - - [29/Aug/2022:11:39:11 +0200] "GET /wp-includes/js/plupload/plupload.min.js?ver=2.1.9 HTTP/1.1" 200 15612
::1 - - [29/Aug/2022:11:39:11 +0200] "GET /wp-includes/js/plupload/wp-plupload.min.js?ver=6.0.1 HTTP/1.1" 200 5976
::1 - - [29/Aug/2022:11:39:11 +0200] "GET /wp-includes/js/mediaelement/mediaelement-and-player.min.js?ver=4.2.16 HTTP/1.1" 200 157610
::1 - - [29/Aug/2022:11:39:11 +0200] "GET /wp-includes/js/mediaelement/mediaelement-migrate.min.js?ver=6.0.1 HTTP/1.1" 200 1191
::1 - - [29/Aug/2022:11:39:11 +0200] "GET /wp-includes/js/mediaelement/wp-mediaelement.min.js?ver=6.0.1 HTTP/1.1" 200 906
::1 - - [29/Aug/2022:11:39:11 +0200] "GET /wp-includes/js/media-views.min.js?ver=6.0.1 HTTP/1.1" 200 110314
::1 - - [29/Aug/2022:11:39:11 +0200] "GET /wp-includes/js/codemirror/codemirror.min.js?ver=5.29.1-alpha-ee20357 HTTP/1.1" 200 585414
::1 - - [29/Aug/2022:11:39:11 +0200] "GET /wp-admin/js/code-editor.min.js?ver=6.0.1 HTTP/1.1" 200 3084
::1 - - [29/Aug/2022:11:39:11 +0200] "GET /wp-includes/js/media-audiovideo.min.js?ver=6.0.1 HTTP/1.1" 200 12092
::1 - - [29/Aug/2022:11:39:11 +0200] "GET /wp-includes/js/media-editor.min.js?ver=6.0.1 HTTP/1.1" 200 10902
::1 - - [29/Aug/2022:11:39:11 +0200] "GET /wp-admin/js/widgets/media-widgets.min.js?ver=6.0.1 HTTP/1.1" 200 14252
::1 - - [29/Aug/2022:11:39:11 +0200] "GET /wp-admin/js/widgets/media-audio-widget.min.js?ver=6.0.1 HTTP/1.1" 200 1447
::1 - - [29/Aug/2022:11:39:11 +0200] "GET /wp-admin/js/widgets/media-image-widget.min.js?ver=6.0.1 HTTP/1.1" 200 2024
::1 - - [29/Aug/2022:11:39:11 +0200] "GET /wp-admin/js/widgets/media-gallery-widget.min.js?ver=6.0.1 HTTP/1.1" 200 3766
::1 - - [29/Aug/2022:11:39:11 +0200] "GET /wp-admin/js/widgets/media-video-widget.min.js?ver=6.0.1 HTTP/1.1" 200 2702
::1 - - [29/Aug/2022:11:39:11 +0200] "GET /wp-admin/js/widgets/text-widgets.min.js?ver=6.0.1 HTTP/1.1" 200 5853
::1 - - [29/Aug/2022:11:39:11 +0200] "GET /wp-includes/js/codemirror/htmlhint.js?ver=0.9.14-xwp HTTP/1.1" 200 17735
::1 - - [29/Aug/2022:11:39:10 +0200] "GET /wp-admin/customize.php?return=%2Fwp-admin%2Fnav-menus.php%3Faction%3Dedit%26menu%3D10 HTTP/1.1" 200 616821
::1 - - [29/Aug/2022:11:39:11 +0200] "GET /wp-includes/js/codemirror/csslint.js?ver=1.0.5 HTTP/1.1" 200 366769
::1 - - [29/Aug/2022:11:39:11 +0200] "GET /wp-includes/js/codemirror/esprima.js?ver=4.0.0 HTTP/1.1" 200 283149
::1 - - [29/Aug/2022:11:39:11 +0200] "GET /wp-includes/js/codemirror/fakejshint.js?ver=2.9.5 HTTP/1.1" 200 1002
::1 - - [29/Aug/2022:11:39:11 +0200] "GET /wp-admin/js/widgets/custom-html-widgets.min.js?ver=6.0.1 HTTP/1.1" 200 5571
::1 - - [29/Aug/2022:11:39:11 +0200] "GET /wp-content/plugins/wp-fastest-cache/js/column.js?ver=1661765951 HTTP/1.1" 200 1411
::1 - - [29/Aug/2022:11:39:11 +0200] "GET /wp-content/plugins/wp-fastest-cache/js/toolbar.js?ver=1661765951 HTTP/1.1" 200 3514
::1 - - [29/Aug/2022:11:39:11 +0200] "GET /wp-includes/js/dist/vendor/react.min.js?ver=17.0.1 HTTP/1.1" 200 11324
::1 - - [29/Aug/2022:11:39:11 +0200] "GET /wp-includes/js/dist/api-fetch.min.js?ver=63050163caffa6aac54e9ebf21fe0472 HTTP/1.1" 200 5325
::1 - - [29/Aug/2022:11:39:11 +0200] "GET /wp-includes/js/dist/vendor/react-dom.min.js?ver=17.0.1 HTTP/1.1" 200 118430
::1 - - [29/Aug/2022:11:39:11 +0200] "GET /wp-includes/js/dist/blob.min.js?ver=87cf2365cd719a6954f1e2bb8bcc692a HTTP/1.1" 200 952
::1 - - [29/Aug/2022:11:39:11 +0200] "GET /wp-includes/js/dist/block-serialization-default-parser.min.js?ver=8ee151736a1e51db2bafbb61ddd60634 HTTP/1.1" 200 2437
::1 - - [29/Aug/2022:11:39:11 +0200] "GET /wp-includes/js/dist/autop.min.js?ver=21d1d6c005241b908b592f52ad684a28 HTTP/1.1" 200 5738
::1 - - [29/Aug/2022:11:39:11 +0200] "GET /wp-includes/js/dist/dom.min.js?ver=3c10edc1abf3fbbc79f17fd7d1d332eb HTTP/1.1" 200 12690
::1 - - [29/Aug/2022:11:39:11 +0200] "GET /wp-includes/js/dist/deprecated.min.js?ver=96593d5d272d008fbcb6912fa0b86778 HTTP/1.1" 200 812
::1 - - [29/Aug/2022:11:39:11 +0200] "GET /wp-includes/js/dist/escape-html.min.js?ver=00a5735837e9efe13da1d979f16a7105 HTTP/1.1" 200 1139
::1 - - [29/Aug/2022:11:39:11 +0200] "GET /wp-includes/js/dist/element.min.js?ver=3dfdc75a0abf30f057df44e9a39abe5b HTTP/1.1" 200 10960
::1 - - [29/Aug/2022:11:39:11 +0200] "GET /wp-includes/js/dist/is-shallow-equal.min.js?ver=649feec00389556f8015a6b97efc1cb1 HTTP/1.1" 200 1097
::1 - - [29/Aug/2022:11:39:11 +0200] "GET /wp-includes/js/dist/keycodes.min.js?ver=84a0e6bbcf0b9e1ea0184c3f2bf28022 HTTP/1.1" 200 3169
::1 - - [29/Aug/2022:11:39:11 +0200] "GET /wp-includes/js/dist/priority-queue.min.js?ver=efad6460ae6b28406d39866cb10731e0 HTTP/1.1" 200 1061
::1 - - [29/Aug/2022:11:39:11 +0200] "GET /wp-includes/js/dist/redux-routine.min.js?ver=5156478c032ea85a2bbdceeb7a43b0c1 HTTP/1.1" 200 8907
::1 - - [29/Aug/2022:11:39:11 +0200] "GET /wp-includes/js/dist/html-entities.min.js?ver=c6385fb7cd9fdada1cf8892a545f8a26 HTTP/1.1" 200 837
::1 - - [29/Aug/2022:11:39:11 +0200] "GET /wp-includes/js/dist/compose.min.js?ver=e52c48958a19b766c6a9d28c02d53575 HTTP/1.1" 200 33896
::1 - - [29/Aug/2022:11:39:11 +0200] "GET /wp-includes/js/dist/data.min.js?ver=6c1ab5799c4b061254d313d2d8d9fb87 HTTP/1.1" 200 27801
::1 - - [29/Aug/2022:11:39:11 +0200] "GET /wp-includes/js/dist/shortcode.min.js?ver=d6964e945049b6190adc8770cda168c4 HTTP/1.1" 200 3261
::1 - - [29/Aug/2022:11:39:11 +0200] "GET /wp-includes/js/dist/primitives.min.js?ver=cadf5cfaabdb15c8c8fc440547afe919 HTTP/1.1" 200 2354
::1 - - [29/Aug/2022:11:39:11 +0200] "GET /wp-includes/js/dist/blocks.min.js?ver=658a51e7220626e26a92a46af5c2e489 HTTP/1.1" 200 157013
::1 - - [29/Aug/2022:11:39:11 +0200] "GET /wp-includes/js/dist/rich-text.min.js?ver=e7d57502b62ec4756783a0cd79238841 HTTP/1.1" 200 35478
::1 - - [29/Aug/2022:11:39:11 +0200] "GET /wp-includes/js/dist/warning.min.js?ver=b9190af8fc6a3a48c580473c6f337b88 HTTP/1.1" 200 392
::1 - - [29/Aug/2022:11:39:11 +0200] "GET /wp-includes/js/dist/components.min.js?ver=0e6d68fb5b3f61d537b3d3411bddd6fc HTTP/1.1" 200 792733
::1 - - [29/Aug/2022:11:39:11 +0200] "GET /wp-includes/js/dist/keyboard-shortcuts.min.js?ver=37fdd241f3be3126e9248060e363e7c9 HTTP/1.1" 200 4566
::1 - - [29/Aug/2022:11:39:11 +0200] "GET /wp-includes/js/dist/notices.min.js?ver=e44820c667bf205cacdfc48cbeb3c2e6 HTTP/1.1" 200 2399
::1 - - [29/Aug/2022:11:39:11 +0200] "GET /wp-includes/js/dist/token-list.min.js?ver=4ebce6423dfff99d40033fd33ce52cc9 HTTP/1.1" 200 1526
::1 - - [29/Aug/2022:11:39:11 +0200] "GET /wp-includes/js/dist/wordcount.min.js?ver=fb8056c75aa0a0569f7ea3ceae97fbc6 HTTP/1.1" 200 2625
::1 - - [29/Aug/2022:11:39:11 +0200] "GET /wp-includes/js/dist/block-editor.min.js?ver=dd2732876a0044113826cb7f80522e70 HTTP/1.1" 200 524242
::1 - - [29/Aug/2022:11:39:11 +0200] "GET /wp-includes/js/dist/core-data.min.js?ver=95df951bbac4c9f2fd2e6da80561595d HTTP/1.1" 200 50988
::1 - - [29/Aug/2022:11:39:11 +0200] "GET /wp-includes/js/dist/reusable-blocks.min.js?ver=7387bed6e19d1b3aec4b6fda683a0768 HTTP/1.1" 200 5756
::1 - - [29/Aug/2022:11:39:11 +0200] "GET /wp-includes/js/dist/server-side-render.min.js?ver=9aa1118308e1a7ca5fbe4b842b1ba63e HTTP/1.1" 200 3577
::1 - - [29/Aug/2022:11:39:11 +0200] "GET /wp-includes/js/dist/viewport.min.js?ver=7ee74cd3ed0dfcfd22b233b8750d1025 HTTP/1.1" 200 2235
::1 - - [29/Aug/2022:11:39:11 +0200] "GET /wp-includes/js/dist/media-utils.min.js?ver=ee812d25ec8504c5b419a1aa3cae974d HTTP/1.1" 200 7399
::1 - - [29/Aug/2022:11:39:11 +0200] "GET /wp-includes/js/dist/preferences.min.js?ver=a9b6f95c63bb642d0be7c3d1d208b302 HTTP/1.1" 200 2603
::1 - - [29/Aug/2022:11:39:11 +0200] "GET /wp-includes/js/dist/block-library.min.js?ver=dcc9ded9544ed588a6ecc6aee441005c HTTP/1.1" 200 655995
::1 - - [29/Aug/2022:11:39:11 +0200] "GET /wp-includes/js/dist/widgets.min.js?ver=80e98954519d1dad7a91a2248dbc2cc9 HTTP/1.1" 200 21541
::1 - - [29/Aug/2022:11:39:11 +0200] "GET /wp-includes/js/dist/customize-widgets.min.js?ver=498aa94909e53672986d64a11b67d88b HTTP/1.1" 200 36953
::1 - - [29/Aug/2022:11:39:11 +0200] "GET /wp-includes/js/dist/editor.min.js?ver=5ed697cafca349e71af1c7f8842fcd44 HTTP/1.1" 200 133898
::1 - - [29/Aug/2022:11:39:11 +0200] "GET /wp-includes/js/dist/plugins.min.js?ver=f885533aefb501e1eedcbd4a9d04ca70 HTTP/1.1" 200 4964
::1 - - [29/Aug/2022:11:39:11 +0200] "GET /wp-includes/js/dist/edit-post.min.js?ver=51ebcd5cd745a9866ab9a430d8318189 HTTP/1.1" 200 111604
::1 - - [29/Aug/2022:11:39:11 +0200] "GET /wp-includes/js/dist/block-directory.min.js?ver=7cf0ebaf9ad71b48f8e259da09c04a96 HTTP/1.1" 200 20099
::1 - - [29/Aug/2022:11:39:11 +0200] "GET /wp-includes/js/imgareaselect/jquery.imgareaselect.min.js?ver=6.0.1 HTTP/1.1" 200 9712
::1 - - [29/Aug/2022:11:39:11 +0200] "GET /wp-admin/js/customize-nav-menus.min.js?ver=6.0.1 HTTP/1.1" 200 45638
::1 - - [29/Aug/2022:11:39:11 +0200] "GET /wp-includes/js/customize-models.js?ver=6.0.1 HTTP/1.1" 200 6821
::1 - - [29/Aug/2022:11:39:11 +0200] "GET /wp-includes/js/dist/format-library.min.js?ver=98e32e5276b4b59e7b283addf7cdbd8c HTTP/1.1" 200 19272
::1 - - [29/Aug/2022:11:39:11 +0200] "GET /wp-includes/js/customize-views.js?ver=6.0.1 HTTP/1.1" 200 5065
::1 - - [29/Aug/2022:11:39:11 +0200] "GET /wp-includes/js/mce-view.min.js?ver=6.0.1 HTTP/1.1" 200 9883
::1 - - [29/Aug/2022:11:39:11 +0200] "GET /wp-includes/js/hoverIntent.min.js?ver=1.10.2 HTTP/1.1" 200 1499
::1 - - [29/Aug/2022:11:39:11 +0200] "GET /wp-admin/js/image-edit.min.js?ver=6.0.1 HTTP/1.1" 200 11255
::1 - - [29/Aug/2022:11:39:11 +0200] "GET /wp-includes/js/tinymce/tinymce.min.js?ver=49110-20201110 HTTP/1.1" 200 365570
::1 - - [29/Aug/2022:11:39:11 +0200] "GET /wp-includes/js/tinymce/plugins/compat3x/plugin.min.js?ver=49110-20201110 HTTP/1.1" 200 4129
::1 - - [29/Aug/2022:11:39:11 +0200] "GET /wp-admin/images/arrows-2x.png HTTP/1.1" 200 863
::1 - - [29/Aug/2022:11:39:11 +0200] "GET /wp-json/wp/v2/widget-types?context=edit&per_page=100&_locale=user HTTP/1.1" 200 5889
::1 - - [29/Aug/2022:11:39:11 +0200] "GET /?customize_changeset_uuid=512e711e-dcb2-4b45-b5ec-ad4bf4df612f&customize_theme=monSiteWP&customize_messenger_channel=preview-0 HTTP/1.1" 200 51628
::1 - - [29/Aug/2022:11:39:12 +0200] "GET /wp-includes/css/customize-preview.min.css?ver=6.0.1 HTTP/1.1" 200 2870
::1 - - [29/Aug/2022:11:39:12 +0200] "GET /wp-includes/js/dist/vendor/regenerator-runtime.min.js?ver=0.13.9 HTTP/1.1" 200 6475
::1 - - [29/Aug/2022:11:39:12 +0200] "GET /wp-includes/js/dist/vendor/wp-polyfill.min.js?ver=3.15.0 HTTP/1.1" 200 19142
::1 - - [29/Aug/2022:11:39:12 +0200] "GET /wp-includes/js/dist/hooks.min.js?ver=c6d64f2cb8f5c6bb49caca37f8828ce3 HTTP/1.1" 200 4910
::1 - - [29/Aug/2022:11:39:12 +0200] "GET /wp-includes/js/customize-preview.min.js?ver=6.0.1 HTTP/1.1" 200 10759
::1 - - [29/Aug/2022:11:39:12 +0200] "GET /wp-includes/js/customize-base.min.js?ver=6.0.1 HTTP/1.1" 200 7852
::1 - - [29/Aug/2022:11:39:12 +0200] "GET /wp-includes/js/mediaelement/renderers/vimeo.min.js?ver=4.2.16 HTTP/1.1" 200 6464
::1 - - [29/Aug/2022:11:39:12 +0200] "GET /wp-includes/js/mediaelement/wp-playlist.min.js?ver=6.0.1 HTTP/1.1" 200 3431
::1 - - [29/Aug/2022:11:39:12 +0200] "GET /wp-includes/js/customize-selective-refresh.min.js?ver=6.0.1 HTTP/1.1" 200 10692
::1 - - [29/Aug/2022:11:39:12 +0200] "GET /wp-includes/js/customize-preview-widgets.min.js?ver=6.0.1 HTTP/1.1" 200 7825
::1 - - [29/Aug/2022:11:39:12 +0200] "GET /wp-includes/js/customize-preview-nav-menus.min.js?ver=6.0.1 HTTP/1.1" 200 5038
::1 - - [29/Aug/2022:11:39:12 +0200] "GET /wp-content/themes/monSiteWP/img/logo.svg HTTP/1.1" 304 -
::1 - - [29/Aug/2022:11:39:12 +0200] "GET /wp-content/themes/monSiteWP/js/diaporama.js?ver=1.0 HTTP/1.1" 404 27754
::1 - - [29/Aug/2022:11:39:12 +0200] "GET /wp-content/themes/monSiteWP/js/script.js?ver=1.0 HTTP/1.1" 404 27751
::1 - - [29/Aug/2022:11:39:12 +0200] "GET /wp-content/themes/monSiteWP/img/screenot.png HTTP/1.1" 404 28965
::1 - - [29/Aug/2022:11:39:12 +0200] "GET /wp-content/themes/monSiteWP/images/search.png HTTP/1.1" 404 28966
::1 - - [29/Aug/2022:11:40:11 +0200] "POST /wp-admin/admin-ajax.php HTTP/1.1" 200 47
::1 - - [29/Aug/2022:11:40:31 +0200] "POST /wp-admin/admin-ajax.php HTTP/1.1" 200 126
::1 - - [29/Aug/2022:11:41:11 +0200] "POST /wp-admin/admin-ajax.php HTTP/1.1" 200 47
::1 - - [29/Aug/2022:11:41:31 +0200] "POST /wp-admin/admin-ajax.php HTTP/1.1" 200 126
::1 - - [29/Aug/2022:11:42:11 +0200] "POST /wp-admin/admin-ajax.php HTTP/1.1" 200 47
::1 - - [29/Aug/2022:11:42:23 +0200] "POST /wp-admin/admin-ajax.php HTTP/1.1" 404 50
::1 - - [29/Aug/2022:11:42:24 +0200] "GET /wp-content/plugins/wp-fastest-cache/css/style.css?ver=1661766144 HTTP/1.1" 200 17342
::1 - - [29/Aug/2022:11:42:24 +0200] "GET /wp-content/plugins/wp-fastest-cache/css/toolbar.css?ver=1661766144 HTTP/1.1" 200 6287
::1 - - [29/Aug/2022:11:42:24 +0200] "GET /wp-content/plugins/wp-fastest-cache/images/icon.svg HTTP/1.1" 304 -
::1 - - [29/Aug/2022:11:42:23 +0200] "GET /wp-admin/nav-menus.php?action=edit&menu=10 HTTP/1.1" 200 155397
::1 - - [29/Aug/2022:11:42:24 +0200] "GET /wp-content/plugins/wp-fastest-cache/js/toolbar.js?ver=1661766144 HTTP/1.1" 200 3514
::1 - - [29/Aug/2022:11:42:24 +0200] "GET /wp-content/plugins/wp-fastest-cache/js/column.js?ver=1661766144 HTTP/1.1" 200 1411
::1 - - [29/Aug/2022:11:42:24 +0200] "GET /wp-content/plugins/fakerpress/src/resources/font/fakerpress.ttf HTTP/1.1" 304 -
::1 - - [29/Aug/2022:11:42:24 +0200] "GET /wp-content/themes/monSiteWP/js/diaporama.js?ver=1.0 HTTP/1.1" 404 27754
::1 - - [29/Aug/2022:11:43:24 +0200] "POST /wp-admin/admin-ajax.php HTTP/1.1" 200 47
::1 - - [29/Aug/2022:11:44:24 +0200] "POST /wp-admin/admin-ajax.php HTTP/1.1" 200 47
::1 - - [29/Aug/2022:11:46:24 +0200] "POST /wp-admin/admin-ajax.php HTTP/1.1" 200 47
::1 - - [29/Aug/2022:11:48:24 +0200] "POST /wp-admin/admin-ajax.php HTTP/1.1" 200 47
::1 - - [29/Aug/2022:11:49:44 +0200] "POST /wp-admin/admin-ajax.php HTTP/1.1" 200 47
::1 - - [29/Aug/2022:11:51:45 +0200] "POST /wp-admin/admin-ajax.php HTTP/1.1" 200 47
::1 - - [29/Aug/2022:11:53:46 +0200] "POST /wp-admin/admin-ajax.php HTTP/1.1" 200 47
::1 - - [29/Aug/2022:11:55:47 +0200] "POST /wp-admin/admin-ajax.php HTTP/1.1" 200 47
::1 - - [29/Aug/2022:11:57:48 +0200] "POST /wp-admin/admin-ajax.php HTTP/1.1" 200 47
::1 - - [29/Aug/2022:11:59:49 +0200] "POST /wp-admin/admin-ajax.php HTTP/1.1" 200 47
::1 - - [29/Aug/2022:12:46:03 +0200] "POST /wp-cron.php?doing_wp_cron=1661769963.8209960460662841796875 HTTP/1.1" 200 -
::1 - - [29/Aug/2022:12:46:03 +0200] "POST /wp-admin/admin-ajax.php HTTP/1.1" 200 47
::1 - - [29/Aug/2022:12:47:04 +0200] "POST /wp-admin/admin-ajax.php HTTP/1.1" 200 47
::1 - - [29/Aug/2022:12:49:05 +0200] "POST /wp-admin/admin-ajax.php HTTP/1.1" 200 47
::1 - - [29/Aug/2022:14:29:11 +0200] "GET /wp-admin/ HTTP/1.1" 200 90178
::1 - - [29/Aug/2022:14:29:12 +0200] "GET /wp-content/plugins/wp-fastest-cache/css/style.css?ver=1661776152 HTTP/1.1" 200 17342
::1 - - [29/Aug/2022:14:29:12 +0200] "GET /wp-content/plugins/wp-fastest-cache/css/toolbar.css?ver=1661776152 HTTP/1.1" 200 6287
::1 - - [29/Aug/2022:14:29:12 +0200] "GET /wp-content/plugins/fakerpress/src/resources/css/font.min.css?ver=0.5.2 HTTP/1.1" 304 -
::1 - - [29/Aug/2022:14:29:13 +0200] "GET /wp-content/plugins/wp-fastest-cache/js/toolbar.js?ver=1661776152 HTTP/1.1" 200 3514
::1 - - [29/Aug/2022:14:29:13 +0200] "GET /wp-content/plugins/wp-fastest-cache/js/column.js?ver=1661776152 HTTP/1.1" 200 1411
::1 - - [29/Aug/2022:14:29:13 +0200] "GET /wp-content/plugins/wp-fastest-cache/images/icon.svg HTTP/1.1" 304 -
::1 - - [29/Aug/2022:14:29:13 +0200] "GET /wp-content/plugins/fakerpress/src/resources/font/fakerpress.ttf HTTP/1.1" 304 -
::1 - - [29/Aug/2022:14:29:13 +0200] "GET /wp-content/themes/monSiteWP/js/diaporama.js?ver=1.0 HTTP/1.1" 404 27705
::1 - - [29/Aug/2022:14:29:13 +0200] "POST /wp-cron.php?doing_wp_cron=1661776153.4347898960113525390625 HTTP/1.1" 200 -
::1 - - [29/Aug/2022:14:29:12 +0200] "POST /wp-cron.php?doing_wp_cron=1661776152.8513619899749755859375 HTTP/1.1" 200 -
::1 - - [29/Aug/2022:14:29:18 +0200] "GET / HTTP/1.1" 200 29644
::1 - - [29/Aug/2022:14:29:18 +0200] "GET /wp-content/plugins/wp-fastest-cache/css/toolbar.css?ver=1661776158 HTTP/1.1" 200 6287
::1 - - [29/Aug/2022:14:29:18 +0200] "GET /wp-content/themes/monSiteWP/style.css?ver=1.0 HTTP/1.1" 304 -
::1 - - [29/Aug/2022:14:29:18 +0200] "GET /wp-content/themes/monSiteWP/style.css?ver=6.0.1 HTTP/1.1" 304 -
::1 - - [29/Aug/2022:14:29:18 +0200] "GET /wp-content/plugins/wp-fastest-cache/js/toolbar.js?ver=1661776158 HTTP/1.1" 200 3514
::1 - - [29/Aug/2022:14:29:18 +0200] "GET /wp-content/themes/monSiteWP/img/logo.svg HTTP/1.1" 304 -
::1 - - [29/Aug/2022:14:29:18 +0200] "GET /wp-content/themes/monSiteWP/js/diaporama.js?ver=1.0 HTTP/1.1" 404 27705
::1 - - [29/Aug/2022:14:29:18 +0200] "GET /wp-content/themes/monSiteWP/images/search.png HTTP/1.1" 404 28917
::1 - - [29/Aug/2022:14:29:18 +0200] "GET /wp-content/themes/monSiteWP/js/script.js?ver=1.0 HTTP/1.1" 404 27702
::1 - - [29/Aug/2022:14:29:18 +0200] "GET /wp-content/themes/monSiteWP/img/screenot.png HTTP/1.1" 404 28916
::1 - - [29/Aug/2022:14:30:14 +0200] "POST /wp-admin/admin-ajax.php HTTP/1.1" 200 47
::1 - - [29/Aug/2022:14:30:32 +0200] "GET / HTTP/1.1" 200 29638
::1 - - [29/Aug/2022:14:30:32 +0200] "GET /wp-content/plugins/wp-fastest-cache/css/toolbar.css?ver=1661776232 HTTP/1.1" 200 6287
::1 - - [29/Aug/2022:14:30:32 +0200] "GET /wp-content/plugins/wp-fastest-cache/js/toolbar.js?ver=1661776232 HTTP/1.1" 200 3514
::1 - - [29/Aug/2022:14:30:32 +0200] "GET /wp-content/themes/monSiteWP/img/screenshot.png HTTP/1.1" 304 -
::1 - - [29/Aug/2022:14:30:32 +0200] "GET /wp-content/themes/monSiteWP/js/diaporama.js?ver=1.0 HTTP/1.1" 404 27699
::1 - - [29/Aug/2022:14:30:32 +0200] "GET /wp-content/themes/monSiteWP/js/script.js?ver=1.0 HTTP/1.1" 404 27696
::1 - - [29/Aug/2022:14:30:32 +0200] "GET /wp-content/themes/monSiteWP/images/search.png HTTP/1.1" 404 28911
::1 - - [29/Aug/2022:14:30:33 +0200] "GET /favicon.ico HTTP/1.1" 302 -
::1 - - [29/Aug/2022:14:32:15 +0200] "POST /wp-cron.php?doing_wp_cron=1661776335.7073569297790527343750 HTTP/1.1" 200 -
::1 - - [29/Aug/2022:14:32:15 +0200] "POST /wp-admin/admin-ajax.php HTTP/1.1" 200 47
::1 - - [29/Aug/2022:14:34:16 +0200] "POST /wp-admin/admin-ajax.php HTTP/1.1" 200 47
::1 - - [29/Aug/2022:14:35:00 +0200] "GET / HTTP/1.1" 200 29638
::1 - - [29/Aug/2022:14:35:01 +0200] "GET /wp-content/plugins/wp-fastest-cache/css/toolbar.css?ver=1661776501 HTTP/1.1" 200 6287
::1 - - [29/Aug/2022:14:35:01 +0200] "GET /wp-content/plugins/wp-fastest-cache/js/toolbar.js?ver=1661776501 HTTP/1.1" 200 3514
::1 - - [29/Aug/2022:14:35:01 +0200] "GET /wp-content/themes/monSiteWP/images/search.png HTTP/1.1" 404 28911
::1 - - [29/Aug/2022:14:35:01 +0200] "GET /wp-content/themes/monSiteWP/js/script.js?ver=1.0 HTTP/1.1" 404 27696
::1 - - [29/Aug/2022:14:35:01 +0200] "GET /wp-content/themes/monSiteWP/js/diaporama.js?ver=1.0 HTTP/1.1" 404 27699
::1 - - [29/Aug/2022:14:35:01 +0200] "GET /favicon.ico HTTP/1.1" 302 -
::1 - - [29/Aug/2022:14:35:41 +0200] "POST /wp-admin/admin-ajax.php HTTP/1.1" 200 47
::1 - - [29/Aug/2022:14:48:00 +0200] "-" 408 -
::1 - - [30/Aug/2022:08:27:37 +0200] "GET / HTTP/1.1" 200 21829
::1 - - [30/Aug/2022:08:27:39 +0200] "GET /wp-content/themes/monSiteWP/style.css?ver=1.0 HTTP/1.1" 304 -
::1 - - [30/Aug/2022:08:27:39 +0200] "GET /wp-content/themes/monSiteWP/style.css?ver=6.0.1 HTTP/1.1" 304 -
::1 - - [30/Aug/2022:08:27:39 +0200] "GET /wp-content/themes/monSiteWP/img/screenshot.png HTTP/1.1" 304 -
::1 - - [30/Aug/2022:08:27:39 +0200] "GET /wp-content/themes/monSiteWP/img/logo.svg HTTP/1.1" 304 -
::1 - - [30/Aug/2022:08:27:39 +0200] "GET /wp-content/themes/monSiteWP/js/diaporama.js?ver=1.0 HTTP/1.1" 404 21055
::1 - - [30/Aug/2022:08:27:36 +0200] "GET /wp-admin/ HTTP/1.1" 302 -
::1 - - [30/Aug/2022:08:27:40 +0200] "\x16\x03\x01\x02" 400 226
::1 - - [30/Aug/2022:08:27:40 +0200] "\x16\x03\x01\x02" 400 226
::1 - - [30/Aug/2022:08:27:39 +0200] "GET /wp-content/themes/monSiteWP/images/search.png HTTP/1.1" 404 21079
::1 - - [30/Aug/2022:08:27:39 +0200] "GET /wp-content/themes/monSiteWP/js/script.js?ver=1.0 HTTP/1.1" 404 21055
::1 - - [30/Aug/2022:08:27:40 +0200] "GET /wp-login.php?redirect_to=http%3A%2F%2Flocalhost%3A10017%2Fwp-admin%2F&reauth=1 HTTP/1.1" 200 8600
::1 - - [30/Aug/2022:08:27:41 +0200] "GET /wp-includes/css/buttons.min.css?ver=6.0.1 HTTP/1.1" 200 5854
::1 - - [30/Aug/2022:08:27:41 +0200] "GET /wp-admin/css/forms.min.css?ver=6.0.1 HTTP/1.1" 200 25438
::1 - - [30/Aug/2022:08:27:41 +0200] "GET /wp-admin/css/l10n.min.css?ver=6.0.1 HTTP/1.1" 200 2477
::1 - - [30/Aug/2022:08:27:41 +0200] "GET /wp-admin/css/login.min.css?ver=6.0.1 HTTP/1.1" 200 6315
::1 - - [30/Aug/2022:08:27:41 +0200] "GET /wp-includes/js/zxcvbn-async.min.js?ver=1.0 HTTP/1.1" 200 351
::1 - - [30/Aug/2022:08:27:41 +0200] "GET /wp-admin/js/password-strength-meter.min.js?ver=6.0.1 HTTP/1.1" 200 1123
::1 - - [30/Aug/2022:08:27:41 +0200] "GET /wp-admin/js/user-profile.min.js?ver=6.0.1 HTTP/1.1" 200 6187
::1 - - [30/Aug/2022:08:27:38 +0200] "POST /wp-cron.php?doing_wp_cron=1661840858.8276710510253906250000 HTTP/1.1" 200 -
::1 - - [30/Aug/2022:08:27:41 +0200] "GET /wp-content/themes/monSiteWP/js/diaporama.js?ver=1.0 HTTP/1.1" 404 21055
::1 - - [30/Aug/2022:08:27:41 +0200] "GET /wp-admin/images/wordpress-logo.svg?ver=20131107 HTTP/1.1" 200 1521
::1 - - [30/Aug/2022:08:27:41 +0200] "GET /wp-includes/js/zxcvbn.min.js HTTP/1.1" 200 822237
::1 - - [30/Aug/2022:08:29:46 +0200] "GET / HTTP/1.1" 200 21783
::1 - - [30/Aug/2022:08:29:46 +0200] "GET /wp-content/themes/monSiteWP/js/diaporama.js?ver=1.0 HTTP/1.1" 404 21051
::1 - - [30/Aug/2022:08:29:46 +0200] "GET /wp-content/themes/monSiteWP/images/search.png HTTP/1.1" 404 21075
::1 - - [30/Aug/2022:08:29:46 +0200] "GET /wp-content/themes/monSiteWP/js/script.js?ver=1.0 HTTP/1.1" 404 21051
::1 - - [30/Aug/2022:08:29:46 +0200] "GET /favicon.ico HTTP/1.1" 302 26
::1 - - [30/Aug/2022:08:30:15 +0200] "GET / HTTP/1.1" 304 -
::1 - - [30/Aug/2022:08:30:15 +0200] "GET /wp-content/themes/monSiteWP/js/script.js?ver=1.0 HTTP/1.1" 404 21042
::1 - - [30/Aug/2022:08:30:15 +0200] "GET /wp-content/themes/monSiteWP/js/diaporama.js?ver=1.0 HTTP/1.1" 404 21042
::1 - - [30/Aug/2022:08:30:15 +0200] "GET /wp-content/themes/monSiteWP/images/search.png HTTP/1.1" 404 21066
::1 - - [30/Aug/2022:08:30:16 +0200] "GET /favicon.ico HTTP/1.1" 302 26
::1 - - [30/Aug/2022:08:31:34 +0200] "GET / HTTP/1.1" 304 -
::1 - - [30/Aug/2022:08:31:34 +0200] "GET /wp-content/themes/monSiteWP/images/search.png HTTP/1.1" 404 21079
::1 - - [30/Aug/2022:08:31:34 +0200] "GET /wp-content/themes/monSiteWP/js/diaporama.js?ver=1.0 HTTP/1.1" 404 21055
::1 - - [30/Aug/2022:08:31:34 +0200] "GET /wp-content/themes/monSiteWP/js/script.js?ver=1.0 HTTP/1.1" 404 21055
::1 - - [30/Aug/2022:08:31:35 +0200] "GET /favicon.ico HTTP/1.1" 302 26
::1 - - [30/Aug/2022:08:32:06 +0200] "GET / HTTP/1.1" 304 -
::1 - - [30/Aug/2022:08:32:06 +0200] "GET /wp-content/themes/monSiteWP/js/script.js?ver=1.0 HTTP/1.1" 404 21055
::1 - - [30/Aug/2022:08:32:06 +0200] "POST /wp-cron.php?doing_wp_cron=1661841126.9674360752105712890625 HTTP/1.1" 200 -
::1 - - [30/Aug/2022:08:32:06 +0200] "GET /wp-content/themes/monSiteWP/images/search.png HTTP/1.1" 404 21079
::1 - - [30/Aug/2022:08:32:06 +0200] "GET /wp-content/themes/monSiteWP/js/diaporama.js?ver=1.0 HTTP/1.1" 404 21055
::1 - - [30/Aug/2022:08:32:07 +0200] "POST /wp-cron.php?doing_wp_cron=1661841126.9681329727172851562500 HTTP/1.1" 200 -
::1 - - [30/Aug/2022:08:32:08 +0200] "GET /favicon.ico HTTP/1.1" 302 26
::1 - - [30/Aug/2022:08:32:22 +0200] "POST /wp-login.php HTTP/1.1" 302 -
::1 - - [30/Aug/2022:08:32:22 +0200] "GET /wp-admin/ HTTP/1.1" 200 88841
::1 - - [30/Aug/2022:08:32:23 +0200] "GET /wp-content/plugins/wp-fastest-cache/css/style.css?ver=1661841143 HTTP/1.1" 200 17342
::1 - - [30/Aug/2022:08:32:23 +0200] "GET /wp-content/plugins/wp-fastest-cache/css/toolbar.css?ver=1661841143 HTTP/1.1" 200 6287
::1 - - [30/Aug/2022:08:32:23 +0200] "GET /wp-content/plugins/fakerpress/src/resources/css/font.min.css?ver=0.5.2 HTTP/1.1" 304 -
::1 - - [30/Aug/2022:08:32:23 +0200] "GET /wp-content/plugins/wp-fastest-cache/js/column.js?ver=1661841143 HTTP/1.1" 200 1411
::1 - - [30/Aug/2022:08:32:23 +0200] "GET /wp-content/plugins/wp-fastest-cache/js/toolbar.js?ver=1661841143 HTTP/1.1" 200 3514
::1 - - [30/Aug/2022:08:32:23 +0200] "GET /wp-content/plugins/wp-fastest-cache/images/icon.svg HTTP/1.1" 304 -
::1 - - [30/Aug/2022:08:32:23 +0200] "GET /wp-content/plugins/fakerpress/src/resources/font/fakerpress.ttf HTTP/1.1" 304 -
::1 - - [30/Aug/2022:08:32:23 +0200] "GET /wp-content/themes/monSiteWP/js/diaporama.js?ver=1.0 HTTP/1.1" 404 27699
::1 - - [30/Aug/2022:08:32:24 +0200] "POST /wp-admin/admin-ajax.php HTTP/1.1" 200 1015
::1 - - [30/Aug/2022:08:32:24 +0200] "GET /wp-admin/images/spinner-2x.gif HTTP/1.1" 200 7536
::1 - - [30/Aug/2022:08:32:24 +0200] "GET /wp-admin/admin-ajax.php?action=dashboard-widgets&widget=dashboard_primary&pagenow=dashboard HTTP/1.1" 200 490
::1 - - [30/Aug/2022:08:32:30 +0200] "GET / HTTP/1.1" 200 29638
::1 - - [30/Aug/2022:08:32:30 +0200] "GET /wp-content/plugins/wp-fastest-cache/css/toolbar.css?ver=1661841150 HTTP/1.1" 200 6287
::1 - - [30/Aug/2022:08:32:30 +0200] "GET /wp-content/plugins/wp-fastest-cache/js/toolbar.js?ver=1661841150 HTTP/1.1" 200 3514
::1 - - [30/Aug/2022:08:32:30 +0200] "GET /wp-content/themes/monSiteWP/js/diaporama.js?ver=1.0 HTTP/1.1" 404 27699
::1 - - [30/Aug/2022:08:32:30 +0200] "GET /wp-content/themes/monSiteWP/js/script.js?ver=1.0 HTTP/1.1" 404 27696
::1 - - [30/Aug/2022:08:32:30 +0200] "GET /wp-content/themes/monSiteWP/images/search.png HTTP/1.1" 404 28911
::1 - - [30/Aug/2022:08:32:38 +0200] "GET /wp-admin/admin-ajax.php?action=wpfc_delete_current_page_cache&path=%2F&nonce=b52d1259ed&_=1661841150643 HTTP/1.1" 200 48
::1 - - [30/Aug/2022:08:32:44 +0200] "GET /wp-admin/admin-ajax.php?action=wpfc_delete_cache&path=%2F&nonce=b52d1259ed&_=1661841150644 HTTP/1.1" 200 2
::1 - - [30/Aug/2022:08:32:47 +0200] "GET /wp-admin/admin-ajax.php?action=wpfc_delete_cache_and_minified&path=%2F&nonce=b52d1259ed&_=1661841150645 HTTP/1.1" 200 2
::1 - - [30/Aug/2022:08:32:51 +0200] "GET / HTTP/1.1" 200 29638
::1 - - [30/Aug/2022:08:32:51 +0200] "GET /wp-content/plugins/wp-fastest-cache/css/toolbar.css?ver=1661841171 HTTP/1.1" 200 6287
::1 - - [30/Aug/2022:08:32:51 +0200] "GET /wp-content/plugins/wp-fastest-cache/js/toolbar.js?ver=1661841171 HTTP/1.1" 200 3514
::1 - - [30/Aug/2022:08:32:51 +0200] "GET /wp-content/themes/monSiteWP/js/script.js?ver=1.0 HTTP/1.1" 404 27696
::1 - - [30/Aug/2022:08:32:51 +0200] "GET /wp-content/themes/monSiteWP/images/search.png HTTP/1.1" 404 28911
::1 - - [30/Aug/2022:08:32:51 +0200] "GET /wp-content/themes/monSiteWP/js/diaporama.js?ver=1.0 HTTP/1.1" 404 27699
::1 - - [30/Aug/2022:08:32:52 +0200] "GET /favicon.ico HTTP/1.1" 302 -
::1 - - [30/Aug/2022:08:33:24 +0200] "POST /wp-admin/admin-ajax.php HTTP/1.1" 200 47
::1 - - [30/Aug/2022:08:34:28 +0200] "GET / HTTP/1.1" 200 29637
::1 - - [30/Aug/2022:08:34:28 +0200] "GET /wp-content/plugins/wp-fastest-cache/css/toolbar.css?ver=1661841268 HTTP/1.1" 200 6287
::1 - - [30/Aug/2022:08:34:28 +0200] "GET /wp-content/plugins/wp-fastest-cache/js/toolbar.js?ver=1661841268 HTTP/1.1" 200 3514
::1 - - [30/Aug/2022:08:34:28 +0200] "GET /wp-content/themes/monSiteWP/img/log.svg HTTP/1.1" 404 28904
::1 - - [30/Aug/2022:08:34:28 +0200] "GET /wp-content/themes/monSiteWP/js/diaporama.js?ver=1.0 HTTP/1.1" 404 27698
::1 - - [30/Aug/2022:08:34:28 +0200] "GET /wp-content/themes/monSiteWP/js/script.js?ver=1.0 HTTP/1.1" 404 27695
::1 - - [30/Aug/2022:08:34:28 +0200] "GET /wp-content/themes/monSiteWP/images/search.png HTTP/1.1" 404 28910
::1 - - [30/Aug/2022:08:34:29 +0200] "GET /favicon.ico HTTP/1.1" 302 -
::1 - - [30/Aug/2022:08:34:59 +0200] "GET / HTTP/1.1" 200 29638
::1 - - [30/Aug/2022:08:34:59 +0200] "GET /wp-content/plugins/wp-fastest-cache/css/toolbar.css?ver=1661841299 HTTP/1.1" 200 6287
::1 - - [30/Aug/2022:08:34:59 +0200] "GET /wp-content/plugins/wp-fastest-cache/js/toolbar.js?ver=1661841299 HTTP/1.1" 200 3514
::1 - - [30/Aug/2022:08:34:59 +0200] "GET /wp-content/themes/monSiteWP/js/diaporama.js?ver=1.0 HTTP/1.1" 404 27699
::1 - - [30/Aug/2022:08:34:59 +0200] "GET /wp-content/themes/monSiteWP/js/script.js?ver=1.0 HTTP/1.1" 404 27696
::1 - - [30/Aug/2022:08:34:59 +0200] "GET /wp-content/themes/monSiteWP/images/search.png HTTP/1.1" 404 28911
::1 - - [30/Aug/2022:08:35:00 +0200] "GET /favicon.ico HTTP/1.1" 302 -
::1 - - [30/Aug/2022:08:35:25 +0200] "POST /wp-admin/admin-ajax.php HTTP/1.1" 200 47
::1 - - [30/Aug/2022:08:37:26 +0200] "POST /wp-admin/admin-ajax.php HTTP/1.1" 200 47
::1 - - [30/Aug/2022:08:39:27 +0200] "POST /wp-admin/admin-ajax.php HTTP/1.1" 200 47
::1 - - [30/Aug/2022:08:41:28 +0200] "POST /wp-admin/admin-ajax.php HTTP/1.1" 200 47
::1 - - [30/Aug/2022:08:50:25 +0200] "GET /wp-admin/ HTTP/1.1" 200 89178
::1 - - [30/Aug/2022:08:50:26 +0200] "GET /wp-content/plugins/wp-fastest-cache/css/style.css?ver=1661842226 HTTP/1.1" 200 17342
::1 - - [30/Aug/2022:08:50:26 +0200] "GET /wp-content/plugins/wp-fastest-cache/css/toolbar.css?ver=1661842226 HTTP/1.1" 200 6287
::1 - - [30/Aug/2022:08:50:26 +0200] "GET /wp-content/plugins/wp-fastest-cache/js/column.js?ver=1661842226 HTTP/1.1" 200 1411
::1 - - [30/Aug/2022:08:50:26 +0200] "GET /wp-content/plugins/wp-fastest-cache/js/toolbar.js?ver=1661842226 HTTP/1.1" 200 3514
::1 - - [30/Aug/2022:08:50:26 +0200] "GET /wp-content/themes/monSiteWP/js/diaporama.js?ver=1.0 HTTP/1.1" 404 27699
::1 - - [30/Aug/2022:08:50:26 +0200] "POST /wp-admin/admin-ajax.php HTTP/1.1" 200 1015
::1 - - [30/Aug/2022:08:50:27 +0200] "GET / HTTP/1.1" 200 29638
::1 - - [30/Aug/2022:08:50:28 +0200] "GET /wp-content/plugins/wp-fastest-cache/css/toolbar.css?ver=1661842228 HTTP/1.1" 200 6287
::1 - - [30/Aug/2022:08:50:28 +0200] "GET /wp-content/plugins/wp-fastest-cache/js/toolbar.js?ver=1661842228 HTTP/1.1" 200 3514
::1 - - [30/Aug/2022:08:50:28 +0200] "GET /wp-content/themes/monSiteWP/js/diaporama.js?ver=1.0 HTTP/1.1" 404 27699
::1 - - [30/Aug/2022:08:50:28 +0200] "GET /wp-content/themes/monSiteWP/images/search.png HTTP/1.1" 404 28911
::1 - - [30/Aug/2022:08:50:28 +0200] "GET /wp-content/themes/monSiteWP/js/script.js?ver=1.0 HTTP/1.1" 404 27696
::1 - - [30/Aug/2022:08:50:46 +0200] "GET /wp-admin/themes.php HTTP/1.1" 200 61652
::1 - - [30/Aug/2022:08:50:47 +0200] "GET /wp-content/plugins/wp-fastest-cache/css/style.css?ver=1661842247 HTTP/1.1" 200 17342
::1 - - [30/Aug/2022:08:50:47 +0200] "GET /wp-content/plugins/wp-fastest-cache/css/toolbar.css?ver=1661842247 HTTP/1.1" 200 6287
::1 - - [30/Aug/2022:08:50:47 +0200] "GET /wp-content/plugins/wp-fastest-cache/js/column.js?ver=1661842247 HTTP/1.1" 200 1411
::1 - - [30/Aug/2022:08:50:47 +0200] "GET /wp-content/plugins/wp-fastest-cache/js/toolbar.js?ver=1661842247 HTTP/1.1" 200 3514
::1 - - [30/Aug/2022:08:50:47 +0200] "GET /wp-content/themes/tahar/screenshot.jpg?ver=1.0 HTTP/1.1" 200 883296
::1 - - [30/Aug/2022:08:50:47 +0200] "GET /wp-content/themes/twentytwentytwo/screenshot.png?ver=1.2 HTTP/1.1" 200 162290
::1 - - [30/Aug/2022:08:50:47 +0200] "GET /wp-admin/js/theme.min.js?ver=6.0.1 HTTP/1.1" 200 26987
::1 - - [30/Aug/2022:08:50:47 +0200] "GET /wp-content/themes/monSiteWP/js/diaporama.js?ver=1.0 HTTP/1.1" 404 27699
::1 - - [30/Aug/2022:08:50:50 +0200] "GET /wp-admin/themes.php?action=activate&stylesheet=tahar&_wpnonce=95752bd570 HTTP/1.1" 302 -
::1 - - [30/Aug/2022:08:50:51 +0200] "GET /wp-admin/themes.php?activated=true HTTP/1.1" 200 61716
::1 - - [30/Aug/2022:08:50:51 +0200] "GET /wp-content/plugins/wp-fastest-cache/css/style.css?ver=1661842251 HTTP/1.1" 200 17342
::1 - - [30/Aug/2022:08:50:51 +0200] "GET /wp-content/plugins/wp-fastest-cache/css/toolbar.css?ver=1661842251 HTTP/1.1" 200 6287
::1 - - [30/Aug/2022:08:50:51 +0200] "GET /wp-content/plugins/wp-fastest-cache/js/column.js?ver=1661842251 HTTP/1.1" 200 1411
::1 - - [30/Aug/2022:08:50:51 +0200] "GET /wp-content/plugins/wp-fastest-cache/js/toolbar.js?ver=1661842251 HTTP/1.1" 200 3514
::1 - - [30/Aug/2022:08:50:59 +0200] "GET / HTTP/1.1" 200 21931
::1 - - [30/Aug/2022:08:51:00 +0200] "GET /wp-content/themes/tahar/style.css HTTP/1.1" 200 1350
::1 - - [30/Aug/2022:08:51:00 +0200] "GET /wp-content/plugins/wp-fastest-cache/css/toolbar.css?ver=1661842260 HTTP/1.1" 200 6287
::1 - - [30/Aug/2022:08:51:00 +0200] "GET /wp-content/plugins/wp-fastest-cache/js/toolbar.js?ver=1661842260 HTTP/1.1" 200 3514
::1 - - [30/Aug/2022:08:51:26 +0200] "POST /wp-admin/admin-ajax.php HTTP/1.1" 200 47
::1 - - [30/Aug/2022:08:51:54 +0200] "GET /wp-content/plugins/wp-fastest-cache/css/style.css?ver=1661842313 HTTP/1.1" 200 17342
::1 - - [30/Aug/2022:08:51:54 +0200] "GET /wp-content/plugins/wp-fastest-cache/css/toolbar.css?ver=1661842314 HTTP/1.1" 200 6287
::1 - - [30/Aug/2022:08:51:53 +0200] "GET /wp-admin/post.php?post=5&action=edit HTTP/1.1" 200 436351
::1 - - [30/Aug/2022:08:51:54 +0200] "GET /wp-content/plugins/wp-fastest-cache/js/column.js?ver=1661842314 HTTP/1.1" 200 1411
::1 - - [30/Aug/2022:08:51:54 +0200] "GET /wp-content/plugins/wp-fastest-cache/js/toolbar.js?ver=1661842314 HTTP/1.1" 200 3514
::1 - - [30/Aug/2022:08:51:54 +0200] "GET /wp-json/wp/v2/blocks?context=edit&per_page=100&_locale=user HTTP/1.1" 200 2
::1 - - [30/Aug/2022:08:51:55 +0200] "OPTIONS /wp-json/wp/v2/templates?_locale=user HTTP/1.1" 200 4953
::1 - - [30/Aug/2022:08:51:55 +0200] "GET /wp-json/wp/v2/taxonomies?context=edit&per_page=100&_locale=user HTTP/1.1" 200 7203
::1 - - [30/Aug/2022:08:51:55 +0200] "OPTIONS /wp-json/wp/v2/pages/5?_locale=user HTTP/1.1" 200 10881
::1 - - [30/Aug/2022:08:51:54 +0200] "GET /wp-json/wp/v2/block-patterns/categories?_locale=user HTTP/1.1" 200 270
::1 - - [30/Aug/2022:08:51:54 +0200] "GET /wp-json/?_fields=description%2Cgmt_offset%2Chome%2Cname%2Csite_icon%2Csite_icon_url%2Csite_logo%2Ctimezone_string%2Curl&_locale=user HTTP/1.1" 200 443
::1 - - [30/Aug/2022:08:51:54 +0200] "GET /wp-json/wp/v2/users?context=view&who=authors&per_page=50&_fields=id%2Cname&_locale=user HTTP/1.1" 200 32
::1 - - [30/Aug/2022:08:51:54 +0200] "GET /wp-json/wp/v2/templates?context=edit&post_type=page&per_page=100&_locale=user HTTP/1.1" 200 2
::1 - - [30/Aug/2022:08:51:54 +0200] "GET /wp-json/wp/v2/block-patterns/patterns?_locale=user HTTP/1.1" 200 111368
::1 - - [30/Aug/2022:08:51:56 +0200] "GET /wp-json/wp/v2/themes?context=edit&status=active&_locale=user HTTP/1.1" 200 1552
::1 - - [30/Aug/2022:08:51:58 +0200] "POST /wp-admin/admin-ajax.php HTTP/1.1" 200 1
::1 - - [30/Aug/2022:08:52:01 +0200] "GET /wp-content/plugins/wp-fastest-cache/css/style.css?ver=1661842321 HTTP/1.1" 200 17342
::1 - - [30/Aug/2022:08:52:01 +0200] "GET /wp-content/plugins/wp-fastest-cache/css/toolbar.css?ver=1661842321 HTTP/1.1" 200 6287
::1 - - [30/Aug/2022:08:52:01 +0200] "GET /wp-content/plugins/wp-fastest-cache/js/column.js?ver=1661842321 HTTP/1.1" 200 1411
::1 - - [30/Aug/2022:08:52:01 +0200] "GET /wp-content/plugins/wp-fastest-cache/js/toolbar.js?ver=1661842321 HTTP/1.1" 200 3514
::1 - - [30/Aug/2022:08:52:00 +0200] "GET /wp-admin/customize.php?url=http%3A%2F%2Flocalhost%3A10017%2F HTTP/1.1" 200 616257
::1 - - [30/Aug/2022:08:52:02 +0200] "GET /wp-admin/images/arrows-2x.png HTTP/1.1" 200 863
::1 - - [30/Aug/2022:08:52:02 +0200] "GET /wp-json/wp/v2/widget-types?context=edit&per_page=100&_locale=user HTTP/1.1" 200 5889
::1 - - [30/Aug/2022:08:52:02 +0200] "GET /?customize_changeset_uuid=eeae9dab-da6a-4e8c-8098-b694d11dbd71&customize_theme=tahar&customize_messenger_channel=preview-0 HTTP/1.1" 200 42011
::1 - - [30/Aug/2022:08:52:02 +0200] "GET /wp-content/themes/tahar/style.css HTTP/1.1" 304 -
::1 - - [30/Aug/2022:08:52:10 +0200] "POST /wp-admin/admin-ajax.php HTTP/1.1" 200 46
::1 - - [30/Aug/2022:08:53:02 +0200] "POST /wp-admin/admin-ajax.php HTTP/1.1" 200 47
::1 - - [30/Aug/2022:08:53:10 +0200] "POST /wp-admin/admin-ajax.php HTTP/1.1" 200 163
::1 - - [30/Aug/2022:08:53:27 +0200] "POST /wp-admin/admin-ajax.php HTTP/1.1" 200 47
::1 - - [30/Aug/2022:08:54:02 +0200] "POST /wp-admin/admin-ajax.php HTTP/1.1" 200 47
::1 - - [30/Aug/2022:08:54:10 +0200] "POST /wp-admin/admin-ajax.php HTTP/1.1" 200 122
::1 - - [30/Aug/2022:08:55:02 +0200] "POST /wp-admin/admin-ajax.php HTTP/1.1" 200 47
::1 - - [30/Aug/2022:08:55:27 +0200] "GET /wp-content/plugins/wp-fastest-cache/css/toolbar.css?ver=1661842527 HTTP/1.1" 200 6287
::1 - - [30/Aug/2022:08:55:27 +0200] "GET /wp-content/plugins/wp-fastest-cache/css/style.css?ver=1661842527 HTTP/1.1" 200 17342
::1 - - [30/Aug/2022:08:55:27 +0200] "GET /wp-content/plugins/wp-fastest-cache/js/toolbar.js?ver=1661842527 HTTP/1.1" 200 3514
::1 - - [30/Aug/2022:08:55:27 +0200] "GET /wp-content/plugins/wp-fastest-cache/js/column.js?ver=1661842527 HTTP/1.1" 200 1411
::1 - - [30/Aug/2022:08:55:26 +0200] "GET /wp-admin/customize.php?url=http%3A%2F%2Flocalhost%3A10017%2F HTTP/1.1" 200 616304
::1 - - [30/Aug/2022:08:55:27 +0200] "GET /favicon.ico HTTP/1.1" 302 -
::1 - - [30/Aug/2022:08:55:27 +0200] "GET /wp-json/wp/v2/widget-types?context=edit&per_page=100&_locale=user HTTP/1.1" 200 5889
::1 - - [30/Aug/2022:08:55:27 +0200] "GET /?customize_changeset_uuid=aaba6a91-c778-4299-9f95-d213ef0c2299&customize_theme=tahar&customize_messenger_channel=preview-0 HTTP/1.1" 200 42100
::1 - - [30/Aug/2022:08:55:28 +0200] "GET /wp-content/themes/tahar/style.css HTTP/1.1" 304 -
::1 - - [30/Aug/2022:08:55:28 +0200] "POST /wp-admin/admin-ajax.php HTTP/1.1" 200 47
::1 - - [30/Aug/2022:08:55:54 +0200] "POST /wp-admin/admin-ajax.php HTTP/1.1" 200 46
::1 - - [30/Aug/2022:08:55:55 +0200] "GET / HTTP/1.1" 200 22034
::1 - - [30/Aug/2022:08:55:55 +0200] "GET /wp-content/plugins/wp-fastest-cache/css/toolbar.css?ver=1661842555 HTTP/1.1" 200 6287
::1 - - [30/Aug/2022:08:55:55 +0200] "GET /wp-content/plugins/wp-fastest-cache/js/toolbar.js?ver=1661842555 HTTP/1.1" 200 3514
::1 - - [30/Aug/2022:08:56:40 +0200] "POST /wp-admin/admin-ajax.php HTTP/1.1" 200 47
::1 - - [30/Aug/2022:08:57:40 +0200] "POST /wp-admin/admin-ajax.php HTTP/1.1" 200 47
::1 - - [30/Aug/2022:08:58:03 +0200] "GET /wp-content/plugins/wp-fastest-cache/css/style.css?ver=1661842683 HTTP/1.1" 200 17342
::1 - - [30/Aug/2022:08:58:03 +0200] "GET /wp-content/plugins/wp-fastest-cache/css/toolbar.css?ver=1661842683 HTTP/1.1" 200 6287
::1 - - [30/Aug/2022:08:58:03 +0200] "GET /wp-content/plugins/wp-fastest-cache/js/toolbar.js?ver=1661842683 HTTP/1.1" 200 3514
::1 - - [30/Aug/2022:08:58:03 +0200] "GET /wp-content/plugins/wp-fastest-cache/js/column.js?ver=1661842683 HTTP/1.1" 200 1411
::1 - - [30/Aug/2022:08:58:02 +0200] "GET /wp-admin/customize.php?url=http%3A%2F%2Flocalhost%3A10017%2F HTTP/1.1" 200 616270
::1 - - [30/Aug/2022:08:58:04 +0200] "GET /wp-json/wp/v2/widget-types?context=edit&per_page=100&_locale=user HTTP/1.1" 200 5889
::1 - - [30/Aug/2022:08:58:04 +0200] "GET /?customize_changeset_uuid=fdc4c7df-d816-4fee-850f-b7c30205247c&customize_theme=tahar&customize_messenger_channel=preview-0 HTTP/1.1" 200 42100
::1 - - [30/Aug/2022:08:58:04 +0200] "GET /wp-content/themes/tahar/style.css HTTP/1.1" 304 -
::1 - - [30/Aug/2022:08:58:08 +0200] "POST /wp-admin/admin-ajax.php HTTP/1.1" 404 50
::1 - - [30/Aug/2022:08:58:09 +0200] "GET / HTTP/1.1" 200 22034
::1 - - [30/Aug/2022:08:58:09 +0200] "GET /wp-content/plugins/wp-fastest-cache/css/toolbar.css?ver=1661842689 HTTP/1.1" 200 6287
::1 - - [30/Aug/2022:08:58:09 +0200] "GET /wp-content/plugins/wp-fastest-cache/js/toolbar.js?ver=1661842689 HTTP/1.1" 200 3514
::1 - - [30/Aug/2022:08:59:05 +0200] "GET / HTTP/1.1" 200 22034
::1 - - [30/Aug/2022:08:59:06 +0200] "GET /wp-content/plugins/wp-fastest-cache/css/toolbar.css?ver=1661842746 HTTP/1.1" 200 6287
::1 - - [30/Aug/2022:08:59:06 +0200] "GET /wp-content/plugins/wp-fastest-cache/js/toolbar.js?ver=1661842746 HTTP/1.1" 200 3514
::1 - - [30/Aug/2022:08:59:06 +0200] "GET /favicon.ico HTTP/1.1" 302 -
::1 - - [30/Aug/2022:08:59:41 +0200] "POST /wp-admin/admin-ajax.php HTTP/1.1" 200 47
::1 - - [30/Aug/2022:08:59:57 +0200] "GET / HTTP/1.1" 200 22034
::1 - - [30/Aug/2022:08:59:57 +0200] "GET /wp-content/themes/tahar/style.css HTTP/1.1" 304 -
::1 - - [30/Aug/2022:08:59:57 +0200] "GET /wp-content/plugins/wp-fastest-cache/css/toolbar.css?ver=1661842797 HTTP/1.1" 200 6287
::1 - - [30/Aug/2022:08:59:57 +0200] "GET /wp-content/plugins/wp-fastest-cache/js/toolbar.js?ver=1661842797 HTTP/1.1" 200 3514
::1 - - [30/Aug/2022:08:59:57 +0200] "GET /favicon.ico HTTP/1.1" 302 -
::1 - - [30/Aug/2022:09:00:18 +0200] "GET / HTTP/1.1" 200 22034
::1 - - [30/Aug/2022:09:00:18 +0200] "GET /wp-content/plugins/wp-fastest-cache/js/toolbar.js?ver=1661842818 HTTP/1.1" 200 3514
::1 - - [30/Aug/2022:09:00:18 +0200] "GET /wp-content/plugins/wp-fastest-cache/css/toolbar.css?ver=1661842818 HTTP/1.1" 200 6287
::1 - - [30/Aug/2022:09:00:18 +0200] "GET /favicon.ico HTTP/1.1" 302 -
::1 - - [30/Aug/2022:09:01:26 +0200] "GET /wp-admin/admin-ajax.php?action=wpfc_delete_current_page_cache&path=%2F&nonce=b52d1259ed&_=1661842818460 HTTP/1.1" 200 48
::1 - - [30/Aug/2022:09:01:29 +0200] "GET /wp-admin/admin-ajax.php?action=wpfc_delete_cache&path=%2F&nonce=b52d1259ed&_=1661842818461 HTTP/1.1" 200 2
::1 - - [30/Aug/2022:09:01:31 +0200] "GET /wp-admin/admin-ajax.php?action=wpfc_delete_cache_and_minified&path=%2F&nonce=b52d1259ed&_=1661842818462 HTTP/1.1" 200 2
::1 - - [30/Aug/2022:09:01:33 +0200] "GET / HTTP/1.1" 200 22034
::1 - - [30/Aug/2022:09:01:34 +0200] "GET /wp-content/plugins/wp-fastest-cache/css/toolbar.css?ver=1661842894 HTTP/1.1" 200 6287
::1 - - [30/Aug/2022:09:01:34 +0200] "GET /wp-content/plugins/wp-fastest-cache/js/toolbar.js?ver=1661842894 HTTP/1.1" 200 3514
::1 - - [30/Aug/2022:09:01:34 +0200] "GET /favicon.ico HTTP/1.1" 302 -
::1 - - [30/Aug/2022:09:01:42 +0200] "POST /wp-admin/admin-ajax.php HTTP/1.1" 200 47
::1 - - [30/Aug/2022:09:01:49 +0200] "GET / HTTP/1.1" 200 22034
::1 - - [30/Aug/2022:09:01:49 +0200] "GET /wp-content/themes/tahar/style.css HTTP/1.1" 304 -
::1 - - [30/Aug/2022:09:01:49 +0200] "GET /wp-content/plugins/wp-fastest-cache/css/toolbar.css?ver=1661842909 HTTP/1.1" 200 6287
::1 - - [30/Aug/2022:09:01:49 +0200] "GET /wp-content/plugins/wp-fastest-cache/js/toolbar.js?ver=1661842909 HTTP/1.1" 200 3514
::1 - - [30/Aug/2022:09:01:50 +0200] "GET /favicon.ico HTTP/1.1" 302 -
::1 - - [30/Aug/2022:09:02:06 +0200] "GET / HTTP/1.1" 200 22034
::1 - - [30/Aug/2022:09:02:06 +0200] "GET /wp-content/plugins/wp-fastest-cache/css/toolbar.css?ver=1661842926 HTTP/1.1" 200 6287
::1 - - [30/Aug/2022:09:02:06 +0200] "GET /wp-content/plugins/wp-fastest-cache/js/toolbar.js?ver=1661842926 HTTP/1.1" 200 3514
::1 - - [30/Aug/2022:09:02:06 +0200] "GET /favicon.ico HTTP/1.1" 302 -
::1 - - [30/Aug/2022:09:03:43 +0200] "POST /wp-admin/admin-ajax.php HTTP/1.1" 200 47
::1 - - [30/Aug/2022:09:04:00 +0200] "GET /wp-content/plugins/wp-fastest-cache/css/style.css?ver=1661843040 HTTP/1.1" 200 17342
::1 - - [30/Aug/2022:09:04:00 +0200] "GET /wp-content/plugins/wp-fastest-cache/css/toolbar.css?ver=1661843040 HTTP/1.1" 200 6287
::1 - - [30/Aug/2022:09:04:00 +0200] "GET /wp-content/plugins/wp-fastest-cache/js/column.js?ver=1661843040 HTTP/1.1" 200 1411
::1 - - [30/Aug/2022:09:04:00 +0200] "GET /wp-content/plugins/wp-fastest-cache/js/toolbar.js?ver=1661843040 HTTP/1.1" 200 3514
::1 - - [30/Aug/2022:09:04:00 +0200] "GET /wp-admin/customize.php?url=http%3A%2F%2Flocalhost%3A10017%2F HTTP/1.1" 200 616270
::1 - - [30/Aug/2022:09:04:01 +0200] "GET /wp-json/wp/v2/widget-types?context=edit&per_page=100&_locale=user HTTP/1.1" 200 5889
::1 - - [30/Aug/2022:09:04:01 +0200] "GET /?customize_changeset_uuid=0c27652a-1604-495b-a030-3c3d92fd0245&customize_theme=tahar&customize_messenger_channel=preview-0 HTTP/1.1" 200 42100
::1 - - [30/Aug/2022:09:04:01 +0200] "GET /wp-content/themes/tahar/style.css HTTP/1.1" 304 -
::1 - - [30/Aug/2022:09:05:01 +0200] "POST /wp-admin/admin-ajax.php HTTP/1.1" 200 47
::1 - - [30/Aug/2022:09:05:07 +0200] "POST /wp-admin/admin-ajax.php HTTP/1.1" 200 163
::1 - - [30/Aug/2022:09:05:44 +0200] "POST /wp-admin/admin-ajax.php HTTP/1.1" 200 47
::1 - - [30/Aug/2022:09:06:01 +0200] "POST /wp-admin/admin-ajax.php HTTP/1.1" 200 47
::1 - - [30/Aug/2022:09:06:19 +0200] "POST /wp-admin/admin-ajax.php HTTP/1.1" 200 122
::1 - - [30/Aug/2022:09:06:20 +0200] "POST /wp-admin/admin-ajax.php HTTP/1.1" 200 163
::1 - - [30/Aug/2022:09:07:01 +0200] "POST /wp-admin/admin-ajax.php HTTP/1.1" 200 47
::1 - - [30/Aug/2022:09:07:19 +0200] "POST /wp-admin/admin-ajax.php HTTP/1.1" 200 122
::1 - - [30/Aug/2022:09:08:01 +0200] "POST /wp-admin/admin-ajax.php HTTP/1.1" 200 47
::1 - - [30/Aug/2022:09:08:21 +0200] "POST /wp-admin/admin-ajax.php HTTP/1.1" 404 50
::1 - - [30/Aug/2022:09:08:21 +0200] "GET / HTTP/1.1" 200 22101
::1 - - [30/Aug/2022:09:08:22 +0200] "GET /wp-content/themes/tahar/style.css HTTP/1.1" 304 -
::1 - - [30/Aug/2022:09:08:22 +0200] "GET /wp-content/plugins/wp-fastest-cache/css/toolbar.css?ver=1661843302 HTTP/1.1" 200 6287
::1 - - [30/Aug/2022:09:08:22 +0200] "GET /wp-content/plugins/wp-fastest-cache/js/toolbar.js?ver=1661843302 HTTP/1.1" 200 3514
::1 - - [30/Aug/2022:09:08:30 +0200] "GET / HTTP/1.1" 200 22101
::1 - - [30/Aug/2022:09:08:30 +0200] "GET /wp-content/plugins/wp-fastest-cache/css/toolbar.css?ver=1661843310 HTTP/1.1" 200 6287
::1 - - [30/Aug/2022:09:08:30 +0200] "GET /wp-content/plugins/wp-fastest-cache/js/toolbar.js?ver=1661843310 HTTP/1.1" 200 3514
::1 - - [30/Aug/2022:09:08:30 +0200] "GET /favicon.ico HTTP/1.1" 302 -
::1 - - [30/Aug/2022:09:08:39 +0200] "GET / HTTP/1.1" 200 22101
::1 - - [30/Aug/2022:09:08:39 +0200] "GET /wp-content/plugins/wp-fastest-cache/css/toolbar.css?ver=1661843319 HTTP/1.1" 200 6287
::1 - - [30/Aug/2022:09:08:39 +0200] "GET /wp-content/plugins/wp-fastest-cache/js/toolbar.js?ver=1661843319 HTTP/1.1" 200 3514
::1 - - [30/Aug/2022:09:08:39 +0200] "GET /favicon.ico HTTP/1.1" 302 -
::1 - - [30/Aug/2022:09:08:54 +0200] "GET / HTTP/1.1" 200 22101
::1 - - [30/Aug/2022:09:08:54 +0200] "GET /wp-content/plugins/wp-fastest-cache/css/toolbar.css?ver=1661843334 HTTP/1.1" 200 6287
::1 - - [30/Aug/2022:09:08:54 +0200] "GET /wp-content/plugins/wp-fastest-cache/js/toolbar.js?ver=1661843334 HTTP/1.1" 200 3514
::1 - - [30/Aug/2022:09:08:54 +0200] "GET /favicon.ico HTTP/1.1" 302 -
::1 - - [30/Aug/2022:09:10:09 +0200] "GET / HTTP/1.1" 200 22101
::1 - - [30/Aug/2022:09:10:09 +0200] "GET /wp-content/plugins/wp-fastest-cache/css/toolbar.css?ver=1661843409 HTTP/1.1" 200 6287
::1 - - [30/Aug/2022:09:10:09 +0200] "GET /wp-content/plugins/wp-fastest-cache/js/toolbar.js?ver=1661843409 HTTP/1.1" 200 3514
::1 - - [30/Aug/2022:09:10:09 +0200] "GET /favicon.ico HTTP/1.1" 302 -
::1 - - [30/Aug/2022:09:10:11 +0200] "GET / HTTP/1.1" 200 22101
::1 - - [30/Aug/2022:09:10:11 +0200] "GET /wp-content/plugins/wp-fastest-cache/css/toolbar.css?ver=1661843411 HTTP/1.1" 200 6287
::1 - - [30/Aug/2022:09:10:11 +0200] "GET /wp-content/plugins/wp-fastest-cache/js/toolbar.js?ver=1661843411 HTTP/1.1" 200 3514
::1 - - [30/Aug/2022:09:10:11 +0200] "GET /favicon.ico HTTP/1.1" 302 -
::1 - - [30/Aug/2022:09:10:13 +0200] "GET / HTTP/1.1" 200 22101
::1 - - [30/Aug/2022:09:10:13 +0200] "GET /wp-content/plugins/wp-fastest-cache/css/toolbar.css?ver=1661843413 HTTP/1.1" 200 6287
::1 - - [30/Aug/2022:09:10:13 +0200] "GET /wp-content/plugins/wp-fastest-cache/js/toolbar.js?ver=1661843413 HTTP/1.1" 200 3514
::1 - - [30/Aug/2022:09:10:13 +0200] "GET /favicon.ico HTTP/1.1" 302 -
::1 - - [30/Aug/2022:09:10:40 +0200] "GET / HTTP/1.1" 200 22101
::1 - - [30/Aug/2022:09:10:41 +0200] "GET /wp-content/plugins/wp-fastest-cache/css/toolbar.css?ver=1661843440 HTTP/1.1" 200 6287
::1 - - [30/Aug/2022:09:10:41 +0200] "GET /wp-content/plugins/wp-fastest-cache/js/toolbar.js?ver=1661843440 HTTP/1.1" 200 3514
::1 - - [30/Aug/2022:09:10:41 +0200] "GET /favicon.ico HTTP/1.1" 302 -
::1 - - [30/Aug/2022:09:13:31 +0200] "GET / HTTP/1.1" 200 22101
::1 - - [30/Aug/2022:09:13:32 +0200] "GET /wp-content/themes/tahar/style.css HTTP/1.1" 304 -
::1 - - [30/Aug/2022:09:13:32 +0200] "GET /wp-content/plugins/wp-fastest-cache/css/toolbar.css?ver=1661843612 HTTP/1.1" 200 6287
::1 - - [30/Aug/2022:09:13:32 +0200] "GET /wp-content/plugins/wp-fastest-cache/js/toolbar.js?ver=1661843612 HTTP/1.1" 200 3514
::1 - - [30/Aug/2022:09:13:32 +0200] "GET /favicon.ico HTTP/1.1" 302 -
::1 - - [30/Aug/2022:09:13:35 +0200] "GET / HTTP/1.1" 200 22101
::1 - - [30/Aug/2022:09:13:35 +0200] "GET /wp-content/plugins/wp-fastest-cache/css/toolbar.css?ver=1661843615 HTTP/1.1" 200 6287
::1 - - [30/Aug/2022:09:13:35 +0200] "GET /wp-content/plugins/wp-fastest-cache/js/toolbar.js?ver=1661843615 HTTP/1.1" 200 3514
::1 - - [30/Aug/2022:09:13:35 +0200] "GET /favicon.ico HTTP/1.1" 302 -
::1 - - [30/Aug/2022:09:14:50 +0200] "GET /wp-content/plugins/wp-fastest-cache/css/style.css?ver=1661843690 HTTP/1.1" 200 17342
::1 - - [30/Aug/2022:09:14:50 +0200] "GET /wp-content/plugins/wp-fastest-cache/css/toolbar.css?ver=1661843690 HTTP/1.1" 200 6287
::1 - - [30/Aug/2022:09:14:49 +0200] "GET /wp-admin/customize.php?url=http%3A%2F%2Flocalhost%3A10017%2F HTTP/1.1" 200 616381
::1 - - [30/Aug/2022:09:14:50 +0200] "GET /wp-content/plugins/wp-fastest-cache/js/column.js?ver=1661843690 HTTP/1.1" 200 1411
::1 - - [30/Aug/2022:09:14:50 +0200] "GET /wp-content/plugins/wp-fastest-cache/js/toolbar.js?ver=1661843690 HTTP/1.1" 200 3514
::1 - - [30/Aug/2022:09:14:50 +0200] "GET /wp-json/wp/v2/widget-types?context=edit&per_page=100&_locale=user HTTP/1.1" 200 5889
::1 - - [30/Aug/2022:09:14:51 +0200] "GET /?customize_changeset_uuid=761bd9e7-2d1e-4adf-82b5-8def82e4c8c1&customize_theme=tahar&customize_messenger_channel=preview-0 HTTP/1.1" 200 42244
::1 - - [30/Aug/2022:09:15:12 +0200] "POST /wp-admin/admin-ajax.php HTTP/1.1" 200 46
::1 - - [30/Aug/2022:09:15:16 +0200] "POST /wp-admin/admin-ajax.php HTTP/1.1" 200 163
::1 - - [30/Aug/2022:09:15:19 +0200] "POST /wp-admin/admin-ajax.php HTTP/1.1" 404 50
::1 - - [30/Aug/2022:09:15:19 +0200] "GET / HTTP/1.1" 200 21931
::1 - - [30/Aug/2022:09:15:20 +0200] "GET /wp-content/plugins/wp-fastest-cache/css/toolbar.css?ver=1661843720 HTTP/1.1" 200 6287
::1 - - [30/Aug/2022:09:15:20 +0200] "GET /wp-content/plugins/wp-fastest-cache/js/toolbar.js?ver=1661843720 HTTP/1.1" 200 3514
