::1 - - [29/Aug/2022:14:50:10 +0200] "GET /wp-admin/ HTTP/1.1" 302 -
::1 - - [29/Aug/2022:14:50:10 +0200] "GET /wp-login.php?redirect_to=http%3A%2F%2Flocalhost%3A10022%2Fwp-admin%2F&reauth=1 HTTP/1.1" 200 5130
::1 - - [29/Aug/2022:14:50:10 +0200] "GET /wp-includes/css/dashicons.min.css?ver=6.0.1 HTTP/1.1" 200 59016
::1 - - [29/Aug/2022:14:50:10 +0200] "GET /wp-includes/css/buttons.min.css?ver=6.0.1 HTTP/1.1" 200 5854
::1 - - [29/Aug/2022:14:50:10 +0200] "GET /wp-admin/css/forms.min.css?ver=6.0.1 HTTP/1.1" 200 25438
::1 - - [29/Aug/2022:14:50:10 +0200] "GET /wp-admin/css/login.min.css?ver=6.0.1 HTTP/1.1" 200 6315
::1 - - [29/Aug/2022:14:50:10 +0200] "GET /wp-admin/css/l10n.min.css?ver=6.0.1 HTTP/1.1" 200 2477
::1 - - [29/Aug/2022:14:50:10 +0200] "GET /wp-includes/js/jquery/jquery.min.js?ver=3.6.0 HTTP/1.1" 200 89521
::1 - - [29/Aug/2022:14:50:10 +0200] "GET /wp-includes/js/jquery/jquery-migrate.min.js?ver=3.3.2 HTTP/1.1" 200 11224
::1 - - [29/Aug/2022:14:50:10 +0200] "GET /wp-includes/js/zxcvbn-async.min.js?ver=1.0 HTTP/1.1" 200 351
::1 - - [29/Aug/2022:14:50:10 +0200] "GET /wp-includes/js/dist/vendor/wp-polyfill.min.js?ver=3.15.0 HTTP/1.1" 200 19142
::1 - - [29/Aug/2022:14:50:10 +0200] "GET /wp-admin/js/password-strength-meter.min.js?ver=6.0.1 HTTP/1.1" 200 1123
::1 - - [29/Aug/2022:14:50:10 +0200] "GET /wp-includes/js/dist/i18n.min.js?ver=ebee46757c6a411e38fd079a7ac71d94 HTTP/1.1" 200 10222
::1 - - [29/Aug/2022:14:50:10 +0200] "GET /wp-includes/js/dist/vendor/regenerator-runtime.min.js?ver=0.13.9 HTTP/1.1" 200 6475
::1 - - [29/Aug/2022:14:50:10 +0200] "GET /wp-includes/js/dist/hooks.min.js?ver=c6d64f2cb8f5c6bb49caca37f8828ce3 HTTP/1.1" 200 4910
::1 - - [29/Aug/2022:14:50:10 +0200] "GET /wp-includes/js/underscore.min.js?ver=1.13.3 HTTP/1.1" 200 18911
::1 - - [29/Aug/2022:14:50:10 +0200] "GET /wp-includes/js/wp-util.min.js?ver=6.0.1 HTTP/1.1" 200 1340
::1 - - [29/Aug/2022:14:50:10 +0200] "GET /wp-admin/js/user-profile.min.js?ver=6.0.1 HTTP/1.1" 200 6187
::1 - - [29/Aug/2022:14:50:10 +0200] "GET /wp-admin/images/wordpress-logo.svg?ver=20131107 HTTP/1.1" 200 1521
::1 - - [29/Aug/2022:14:50:10 +0200] "GET /wp-includes/js/zxcvbn.min.js HTTP/1.1" 200 822237
::1 - - [29/Aug/2022:14:50:10 +0200] "GET /favicon.ico HTTP/1.1" 302 -
::1 - - [29/Aug/2022:14:50:11 +0200] "GET /wp-includes/images/w-logo-blue-white-bg.png HTTP/1.1" 200 4119
::1 - - [29/Aug/2022:14:50:22 +0200] "POST /wp-login.php HTTP/1.1" 302 -
::1 - - [29/Aug/2022:14:50:22 +0200] "GET /wp-admin/ HTTP/1.1" 200 67792
::1 - - [29/Aug/2022:14:50:23 +0200] "GET /wp-includes/js/thickbox/thickbox.css?ver=6.0.1 HTTP/1.1" 200 2659
::1 - - [29/Aug/2022:14:50:23 +0200] "GET /wp-includes/css/editor.min.css?ver=6.0.1 HTTP/1.1" 200 27188
::1 - - [29/Aug/2022:14:50:23 +0200] "GET /wp-admin/js/common.min.js?ver=6.0.1 HTTP/1.1" 200 20038
::1 - - [29/Aug/2022:14:50:23 +0200] "GET /wp-includes/js/admin-bar.min.js?ver=6.0.1 HTTP/1.1" 200 3548
::1 - - [29/Aug/2022:14:50:23 +0200] "GET /wp-includes/js/hoverintent-js.min.js?ver=2.2.1 HTTP/1.1" 200 1718
::1 - - [29/Aug/2022:14:50:23 +0200] "GET /wp-includes/js/clipboard.min.js?ver=2.0.10 HTTP/1.1" 200 8908
::1 - - [29/Aug/2022:14:50:23 +0200] "GET /wp-includes/js/dist/dom-ready.min.js?ver=d996b53411d1533a84951212ab6ac4ff HTTP/1.1" 200 498
::1 - - [29/Aug/2022:14:50:23 +0200] "GET /wp-includes/js/dist/a11y.min.js?ver=a38319d7ba46c6e60f7f9d4c371222c5 HTTP/1.1" 200 2508
::1 - - [29/Aug/2022:14:50:23 +0200] "GET /wp-includes/js/api-request.min.js?ver=6.0.1 HTTP/1.1" 200 1023
::1 - - [29/Aug/2022:14:50:23 +0200] "GET /wp-includes/js/dist/vendor/lodash.min.js?ver=4.17.19 HTTP/1.1" 200 71098
::1 - - [29/Aug/2022:14:50:23 +0200] "GET /wp-includes/js/dist/url.min.js?ver=16385e4d69da65c7283790971de6b297 HTTP/1.1" 200 4891
::1 - - [29/Aug/2022:14:50:23 +0200] "GET /wp-admin/js/site-health.min.js?ver=6.0.1 HTTP/1.1" 200 6142
::1 - - [29/Aug/2022:14:50:23 +0200] "GET /wp-includes/js/wp-ajax-response.min.js?ver=6.0.1 HTTP/1.1" 200 2306
::1 - - [29/Aug/2022:14:50:23 +0200] "GET /wp-admin/load-styles.php?c=0&dir=ltr&load%5Bchunk_0%5D=dashicons,admin-bar,site-health,common,forms,admin-menu,dashboard,list-tables,edit,revisions,media,themes,about,nav-menus,wp-poi&load%5Bchunk_1%5D=nter,widgets,site-icon,l10n,buttons,wp-auth-check&ver=6.0.1 HTTP/1.1" 200 394048
::1 - - [29/Aug/2022:14:50:23 +0200] "GET /wp-includes/js/jquery/jquery.color.min.js?ver=2.2.0 HTTP/1.1" 200 7047
::1 - - [29/Aug/2022:14:50:23 +0200] "GET /wp-includes/js/wp-lists.min.js?ver=6.0.1 HTTP/1.1" 200 7446
::1 - - [29/Aug/2022:14:50:23 +0200] "GET /wp-includes/js/quicktags.min.js?ver=6.0.1 HTTP/1.1" 200 11132
::1 - - [29/Aug/2022:14:50:23 +0200] "GET /wp-admin/js/edit-comments.min.js?ver=6.0.1 HTTP/1.1" 200 15317
::1 - - [29/Aug/2022:14:50:23 +0200] "GET /wp-includes/js/jquery/jquery.query.js?ver=2.2.3 HTTP/1.1" 200 3694
::1 - - [29/Aug/2022:14:50:23 +0200] "GET /wp-includes/js/jquery/ui/core.min.js?ver=1.13.1 HTTP/1.1" 200 20715
::1 - - [29/Aug/2022:14:50:23 +0200] "GET /wp-includes/js/jquery/ui/sortable.min.js?ver=1.13.1 HTTP/1.1" 200 25455
::1 - - [29/Aug/2022:14:50:23 +0200] "GET /wp-includes/js/jquery/ui/mouse.min.js?ver=1.13.1 HTTP/1.1" 200 3411
::1 - - [29/Aug/2022:14:50:23 +0200] "GET /wp-admin/js/postbox.min.js?ver=6.0.1 HTTP/1.1" 200 6713
::1 - - [29/Aug/2022:14:50:23 +0200] "GET /wp-includes/js/dist/vendor/moment.min.js?ver=2.29.2 HTTP/1.1" 200 58023
::1 - - [29/Aug/2022:14:50:23 +0200] "GET /wp-includes/js/dist/date.min.js?ver=e0e02b3a1c7037e6cb893486d4680631 HTTP/1.1" 200 202159
::1 - - [29/Aug/2022:14:50:23 +0200] "GET /wp-admin/js/dashboard.min.js?ver=6.0.1 HTTP/1.1" 200 8797
::1 - - [29/Aug/2022:14:50:23 +0200] "GET /wp-includes/js/thickbox/thickbox.js?ver=3.1-20121105 HTTP/1.1" 200 13194
::1 - - [29/Aug/2022:14:50:23 +0200] "GET /wp-admin/js/plugin-install.min.js?ver=6.0.1 HTTP/1.1" 200 2403
::1 - - [29/Aug/2022:14:50:23 +0200] "GET /wp-includes/js/wp-sanitize.min.js?ver=6.0.1 HTTP/1.1" 200 458
::1 - - [29/Aug/2022:14:50:23 +0200] "GET /wp-admin/js/updates.min.js?ver=6.0.1 HTTP/1.1" 200 41355
::1 - - [29/Aug/2022:14:50:23 +0200] "GET /wp-includes/js/shortcode.min.js?ver=6.0.1 HTTP/1.1" 200 2651
::1 - - [29/Aug/2022:14:50:23 +0200] "GET /wp-admin/js/media-upload.min.js?ver=6.0.1 HTTP/1.1" 200 1152
::1 - - [29/Aug/2022:14:50:23 +0200] "GET /wp-admin/js/svg-painter.js?ver=6.0.1 HTTP/1.1" 200 5522
::1 - - [29/Aug/2022:14:50:23 +0200] "GET /wp-includes/js/heartbeat.min.js?ver=6.0.1 HTTP/1.1" 200 5934
::1 - - [29/Aug/2022:14:50:23 +0200] "GET /wp-includes/js/wp-auth-check.min.js?ver=6.0.1 HTTP/1.1" 200 1658
::1 - - [29/Aug/2022:14:50:23 +0200] "GET /wp-includes/js/wplink.min.js?ver=6.0.1 HTTP/1.1" 200 11266
::1 - - [29/Aug/2022:14:50:23 +0200] "GET /wp-includes/js/jquery/ui/menu.min.js?ver=1.13.1 HTTP/1.1" 200 10114
::1 - - [29/Aug/2022:14:50:23 +0200] "GET /wp-includes/js/jquery/ui/autocomplete.min.js?ver=1.13.1 HTTP/1.1" 200 8524
::1 - - [29/Aug/2022:14:50:23 +0200] "GET /wp-admin/load-scripts.php?c=0&load%5Bchunk_0%5D=hoverIntent,regenerator-runtime,wp-polyfill,wp-hooks&ver=6.0.1 HTTP/1.1" 200 32030
::1 - - [29/Aug/2022:14:50:24 +0200] "GET /wp-includes/js/wp-emoji-release.min.js?ver=6.0.1 HTTP/1.1" 200 18617
::1 - - [29/Aug/2022:14:50:23 +0200] "GET /wp-admin/load-scripts.php?c=0&load%5Bchunk_0%5D=jquery-core,jquery-migrate,utils&ver=6.0.1 HTTP/1.1" 200 102614
::1 - - [29/Aug/2022:14:50:25 +0200] "GET /wp-includes/js/thickbox/loadingAnimation.gif HTTP/1.1" 200 15238
::1 - - [29/Aug/2022:14:50:25 +0200] "GET /wp-admin/admin-ajax.php?action=wp-compression-test&test=1&_ajax_nonce=14ffaf7589&1661777425001 HTTP/1.1" 200 1114
::1 - - [29/Aug/2022:14:50:25 +0200] "GET /wp-admin/admin-ajax.php?action=wp-compression-test&test=2&_ajax_nonce=14ffaf7589&1661777425362 HTTP/1.1" 200 572
::1 - - [29/Aug/2022:14:50:25 +0200] "GET /wp-admin/admin-ajax.php?action=wp-compression-test&test=yes&_ajax_nonce=14ffaf7589&1661777425664 HTTP/1.1" 200 1
::1 - - [29/Aug/2022:14:50:25 +0200] "POST /wp-cron.php?doing_wp_cron=1661777425.3164110183715820312500 HTTP/1.1" 200 -
::1 - - [29/Aug/2022:14:50:25 +0200] "POST /wp-admin/admin-ajax.php HTTP/1.1" 200 1015
::1 - - [29/Aug/2022:14:50:26 +0200] "GET /wp-admin/images/spinner-2x.gif HTTP/1.1" 200 7536
::1 - - [29/Aug/2022:14:50:25 +0200] "GET /wp-admin/admin-ajax.php?action=dashboard-widgets&widget=dashboard_primary&pagenow=dashboard HTTP/1.1" 200 912
::1 - - [29/Aug/2022:14:51:21 +0200] "GET / HTTP/1.1" 200 61360
::1 - - [29/Aug/2022:14:51:21 +0200] "GET /wp-includes/css/admin-bar.min.css?ver=6.0.1 HTTP/1.1" 200 20282
::1 - - [29/Aug/2022:14:51:21 +0200] "GET /wp-includes/blocks/navigation/style.min.css?ver=6.0.1 HTTP/1.1" 200 14493
::1 - - [29/Aug/2022:14:51:21 +0200] "GET /wp-content/themes/twentytwentytwo/style.css?ver=1.2 HTTP/1.1" 200 5602
::1 - - [29/Aug/2022:14:51:21 +0200] "GET /wp-includes/blocks/navigation/view.min.js?ver=009e29110e016c14bac4ba0ecc809fcd HTTP/1.1" 200 8334
::1 - - [29/Aug/2022:14:51:21 +0200] "GET /wp-content/themes/twentytwentytwo/assets/images/flight-path-on-transparent-d.png HTTP/1.1" 200 103639
::1 - - [29/Aug/2022:14:51:21 +0200] "GET /wp-content/themes/twentytwentytwo/assets/fonts/source-serif-pro/SourceSerif4Variable-Roman.ttf.woff2 HTTP/1.1" 200 428448
::1 - - [29/Aug/2022:14:51:24 +0200] "GET /wp-admin/admin-ajax.php?action=dashboard-widgets&widget=dashboard_primary&pagenow=dashboard HTTP/1.1" 200 912
::1 - - [29/Aug/2022:14:51:24 +0200] "POST /wp-admin/admin-ajax.php HTTP/1.1" 200 1015
::1 - - [29/Aug/2022:14:51:24 +0200] "GET /wp-admin/admin-ajax.php?action=wp-compression-test&test=1&_ajax_nonce=14ffaf7589&1661777484482 HTTP/1.1" 200 1114
::1 - - [29/Aug/2022:14:51:24 +0200] "POST /wp-cron.php?doing_wp_cron=1661777484.7433879375457763671875 HTTP/1.1" 200 -
::1 - - [29/Aug/2022:14:51:25 +0200] "GET /wp-admin/admin-ajax.php?action=wp-compression-test&test=2&_ajax_nonce=14ffaf7589&1661777485799 HTTP/1.1" 200 572
::1 - - [29/Aug/2022:14:51:26 +0200] "GET /wp-admin/admin-ajax.php?action=wp-compression-test&test=yes&_ajax_nonce=14ffaf7589&1661777486100 HTTP/1.1" 200 1
::1 - - [29/Aug/2022:14:51:27 +0200] "GET /wp-admin/themes.php HTTP/1.1" 200 50094
::1 - - [29/Aug/2022:14:51:28 +0200] "GET /wp-admin/load-scripts.php?c=1&load%5Bchunk_0%5D=jquery-core,jquery-migrate,utils&ver=6.0.1 HTTP/1.1" 200 102614
::1 - - [29/Aug/2022:14:51:28 +0200] "GET /wp-admin/load-styles.php?c=1&dir=ltr&load%5Bchunk_0%5D=dashicons,admin-bar,common,forms,admin-menu,dashboard,list-tables,edit,revisions,media,themes,about,nav-menus,wp-pointer,widgets&load%5Bchunk_1%5D=,site-icon,l10n,buttons,wp-auth-check&ver=6.0.1 HTTP/1.1" 200 388925
::1 - - [29/Aug/2022:14:51:28 +0200] "GET /wp-includes/js/backbone.min.js?ver=1.4.1 HTTP/1.1" 200 23929
::1 - - [29/Aug/2022:14:51:28 +0200] "GET /wp-admin/load-scripts.php?c=1&load%5Bchunk_0%5D=hoverIntent,regenerator-runtime,wp-polyfill,wp-hooks&ver=6.0.1 HTTP/1.1" 200 32030
::1 - - [29/Aug/2022:14:51:28 +0200] "GET /wp-includes/js/customize-base.min.js?ver=6.0.1 HTTP/1.1" 200 7852
::1 - - [29/Aug/2022:14:51:28 +0200] "GET /wp-includes/js/wp-backbone.min.js?ver=6.0.1 HTTP/1.1" 200 3039
::1 - - [29/Aug/2022:14:51:28 +0200] "GET /wp-admin/js/theme.min.js?ver=6.0.1 HTTP/1.1" 200 26987
::1 - - [29/Aug/2022:14:51:28 +0200] "GET /wp-content/themes/twentytwentytwo/screenshot.png?ver=1.2 HTTP/1.1" 200 162290
::1 - - [29/Aug/2022:14:51:28 +0200] "GET /wp-content/themes/twentytwenty/screenshot.png?ver=2.0 HTTP/1.1" 200 53066
::1 - - [29/Aug/2022:14:51:28 +0200] "GET /wp-content/themes/twentytwentyone/screenshot.png?ver=1.6 HTTP/1.1" 200 282897
::1 - - [29/Aug/2022:14:52:28 +0200] "POST /wp-admin/admin-ajax.php HTTP/1.1" 200 47
::1 - - [29/Aug/2022:14:53:28 +0200] "POST /wp-admin/admin-ajax.php HTTP/1.1" 200 47
::1 - - [29/Aug/2022:14:54:28 +0200] "POST /wp-admin/admin-ajax.php HTTP/1.1" 200 47
::1 - - [29/Aug/2022:14:55:28 +0200] "POST /wp-admin/admin-ajax.php HTTP/1.1" 200 47
::1 - - [29/Aug/2022:14:55:53 +0200] "GET /wp-admin/themes.php HTTP/1.1" 200 51901
::1 - - [29/Aug/2022:14:55:54 +0200] "GET /favicon.ico HTTP/1.1" 302 -
::1 - - [29/Aug/2022:14:55:56 +0200] "GET /wp-admin/themes.php?action=activate&stylesheet=mothemeGrafik&_wpnonce=1d5cde3276 HTTP/1.1" 302 -
::1 - - [29/Aug/2022:14:55:57 +0200] "GET /wp-admin/themes.php?activated=true HTTP/1.1" 200 52042
::1 - - [29/Aug/2022:14:56:27 +0200] "GET / HTTP/1.1" 200 21
::1 - - [29/Aug/2022:14:57:27 +0200] "-" 408 -
::1 - - [29/Aug/2022:15:01:04 +0200] "GET / HTTP/1.1" 200 21
::1 - - [29/Aug/2022:15:01:04 +0200] "GET /favicon.ico HTTP/1.1" 302 -
::1 - - [29/Aug/2022:15:02:04 +0200] "-" 408 -
::1 - - [29/Aug/2022:15:03:30 +0200] "GET / HTTP/1.1" 200 21
::1 - - [29/Aug/2022:15:03:30 +0200] "GET /favicon.ico HTTP/1.1" 302 -
::1 - - [29/Aug/2022:15:03:32 +0200] "GET / HTTP/1.1" 200 21
::1 - - [29/Aug/2022:15:03:32 +0200] "GET /favicon.ico HTTP/1.1" 302 -
::1 - - [29/Aug/2022:15:04:30 +0200] "-" 408 -
::1 - - [29/Aug/2022:15:04:32 +0200] "GET / HTTP/1.1" 200 21
::1 - - [29/Aug/2022:15:04:32 +0200] "GET /favicon.ico HTTP/1.1" 302 -
::1 - - [29/Aug/2022:15:04:33 +0200] "GET / HTTP/1.1" 200 21
::1 - - [29/Aug/2022:15:04:33 +0200] "GET /favicon.ico HTTP/1.1" 302 -
::1 - - [29/Aug/2022:15:05:32 +0200] "-" 408 -
::1 - - [29/Aug/2022:15:07:28 +0200] "GET / HTTP/1.1" 200 21
::1 - - [29/Aug/2022:15:07:29 +0200] "GET /favicon.ico HTTP/1.1" 302 -
::1 - - [29/Aug/2022:15:07:30 +0200] "GET / HTTP/1.1" 200 21
::1 - - [29/Aug/2022:15:07:30 +0200] "GET /favicon.ico HTTP/1.1" 302 -
::1 - - [29/Aug/2022:15:07:33 +0200] "GET / HTTP/1.1" 200 21
::1 - - [29/Aug/2022:15:07:33 +0200] "GET /favicon.ico HTTP/1.1" 302 -
::1 - - [29/Aug/2022:15:08:29 +0200] "-" 408 -
::1 - - [29/Aug/2022:15:08:51 +0200] "GET / HTTP/1.1" 200 21
::1 - - [29/Aug/2022:15:08:52 +0200] "GET /favicon.ico HTTP/1.1" 302 -
::1 - - [29/Aug/2022:15:09:01 +0200] "GET / HTTP/1.1" 200 21
::1 - - [29/Aug/2022:15:09:01 +0200] "GET /favicon.ico HTTP/1.1" 302 -
::1 - - [29/Aug/2022:15:09:12 +0200] "GET /wp-admin/ HTTP/1.1" 200 67633
::1 - - [29/Aug/2022:15:09:12 +0200] "GET /wp-admin/load-styles.php?c=1&dir=ltr&load%5Bchunk_0%5D=dashicons,admin-bar,site-health,common,forms,admin-menu,dashboard,list-tables,edit,revisions,media,themes,about,nav-menus,wp-poi&load%5Bchunk_1%5D=nter,widgets,site-icon,l10n,buttons,wp-auth-check&ver=6.0.1 HTTP/1.1" 200 394048
::1 - - [29/Aug/2022:15:09:12 +0200] "POST /wp-admin/admin-ajax.php HTTP/1.1" 200 1015
::1 - - [29/Aug/2022:15:09:14 +0200] "GET / HTTP/1.1" 200 21
::1 - - [29/Aug/2022:15:09:16 +0200] "GET / HTTP/1.1" 200 21
::1 - - [29/Aug/2022:15:09:16 +0200] "GET /favicon.ico HTTP/1.1" 302 -
::1 - - [29/Aug/2022:15:09:26 +0200] "GET /wp-admin/themes.php HTTP/1.1" 200 51898
::1 - - [29/Aug/2022:15:09:31 +0200] "GET /wp-admin/themes.php?action=activate&stylesheet=twentytwenty&_wpnonce=0e6825cd8b HTTP/1.1" 302 -
::1 - - [29/Aug/2022:15:09:31 +0200] "GET /wp-admin/themes.php?activated=true HTTP/1.1" 200 52521
::1 - - [29/Aug/2022:15:09:35 +0200] "GET /wp-admin/themes.php?action=activate&stylesheet=mothemeGrafik&_wpnonce=1d5cde3276 HTTP/1.1" 302 -
::1 - - [29/Aug/2022:15:09:35 +0200] "GET /wp-admin/themes.php?activated=true HTTP/1.1" 200 52042
::1 - - [29/Aug/2022:15:09:41 +0200] "GET / HTTP/1.1" 200 21
::1 - - [29/Aug/2022:15:09:41 +0200] "GET /favicon.ico HTTP/1.1" 302 -
::1 - - [29/Aug/2022:15:10:36 +0200] "POST /wp-admin/admin-ajax.php HTTP/1.1" 200 47
::1 - - [29/Aug/2022:15:11:21 +0200] "GET / HTTP/1.1" 200 21
::1 - - [29/Aug/2022:15:11:21 +0200] "GET /favicon.ico HTTP/1.1" 302 -
::1 - - [29/Aug/2022:15:11:36 +0200] "POST /wp-admin/admin-ajax.php HTTP/1.1" 200 47
::1 - - [29/Aug/2022:15:12:36 +0200] "POST /wp-admin/admin-ajax.php HTTP/1.1" 200 47
::1 - - [29/Aug/2022:15:13:36 +0200] "POST /wp-admin/admin-ajax.php HTTP/1.1" 200 47
::1 - - [29/Aug/2022:15:15:36 +0200] "POST /wp-admin/admin-ajax.php HTTP/1.1" 200 47
::1 - - [29/Aug/2022:15:17:36 +0200] "POST /wp-admin/admin-ajax.php HTTP/1.1" 200 47
::1 - - [29/Aug/2022:15:19:36 +0200] "POST /wp-admin/admin-ajax.php HTTP/1.1" 200 47
::1 - - [29/Aug/2022:15:21:36 +0200] "POST /wp-admin/admin-ajax.php HTTP/1.1" 200 47
::1 - - [29/Aug/2022:15:38:11 +0200] "POST /wp-admin/admin-ajax.php HTTP/1.1" 200 47
::1 - - [29/Aug/2022:15:39:12 +0200] "POST /wp-admin/admin-ajax.php HTTP/1.1" 200 47
::1 - - [29/Aug/2022:15:41:13 +0200] "POST /wp-admin/admin-ajax.php HTTP/1.1" 200 47
::1 - - [29/Aug/2022:15:43:14 +0200] "POST /wp-admin/admin-ajax.php HTTP/1.1" 200 47
::1 - - [29/Aug/2022:15:45:15 +0200] "POST /wp-admin/admin-ajax.php HTTP/1.1" 200 47
::1 - - [29/Aug/2022:15:47:16 +0200] "POST /wp-admin/admin-ajax.php HTTP/1.1" 200 47
::1 - - [29/Aug/2022:15:49:17 +0200] "POST /wp-admin/admin-ajax.php HTTP/1.1" 200 47
::1 - - [29/Aug/2022:16:37:49 +0200] "POST /wp-cron.php?doing_wp_cron=1661783869.2632260322570800781250 HTTP/1.1" 200 -
::1 - - [29/Aug/2022:16:37:48 +0200] "POST /wp-admin/admin-ajax.php HTTP/1.1" 200 47
