[31-Aug-2022 08:50:27 UTC] PHP Parse error:  syntax error, unexpected 'var' (T_VAR), expecting end of file in C:\Users\afpa\Local Sites\oppacity\app\public\wp-content\themes\themeopacity\functions.php on line 29
[31-Aug-2022 08:50:27 UTC] PHP Parse error:  syntax error, unexpected 'var' (T_VAR), expecting end of file in C:\Users\afpa\Local Sites\oppacity\app\public\wp-content\themes\themeopacity\functions.php on line 29
[31-Aug-2022 09:09:35 UTC] PHP Warning:  Use of undefined constant php - assumed 'php' (this will throw an Error in a future version of PHP) in C:\Users\afpa\Local Sites\oppacity\app\public\wp-content\themes\themeopacity\index.php on line 8
[31-Aug-2022 09:09:35 UTC] PHP Stack trace:
[31-Aug-2022 09:09:35 UTC] PHP   1. {main}() C:\Users\afpa\Local Sites\oppacity\app\public\index.php:0
[31-Aug-2022 09:09:35 UTC] PHP   2. require() C:\Users\afpa\Local Sites\oppacity\app\public\index.php:17
[31-Aug-2022 09:09:35 UTC] PHP   3. require_once() C:\Users\afpa\Local Sites\oppacity\app\public\wp-blog-header.php:19
[31-Aug-2022 09:09:35 UTC] PHP   4. include() C:\Users\afpa\Local Sites\oppacity\app\public\wp-includes\template-loader.php:106
[31-Aug-2022 09:09:35 UTC] PHP Warning:  Use of undefined constant php - assumed 'php' (this will throw an Error in a future version of PHP) in C:\Users\afpa\Local Sites\oppacity\app\public\wp-content\themes\themeopacity\index.php on line 8
[31-Aug-2022 09:09:35 UTC] PHP Stack trace:
[31-Aug-2022 09:09:35 UTC] PHP   1. {main}() C:\Users\afpa\Local Sites\oppacity\app\public\index.php:0
[31-Aug-2022 09:09:35 UTC] PHP   2. require() C:\Users\afpa\Local Sites\oppacity\app\public\index.php:17
[31-Aug-2022 09:09:35 UTC] PHP   3. require_once() C:\Users\afpa\Local Sites\oppacity\app\public\wp-blog-header.php:19
[31-Aug-2022 09:09:35 UTC] PHP   4. include() C:\Users\afpa\Local Sites\oppacity\app\public\wp-includes\template-loader.php:106
[31-Aug-2022 09:09:35 UTC] PHP Warning:  Use of undefined constant php - assumed 'php' (this will throw an Error in a future version of PHP) in C:\Users\afpa\Local Sites\oppacity\app\public\wp-content\themes\themeopacity\index.php on line 9
[31-Aug-2022 09:09:35 UTC] PHP Stack trace:
[31-Aug-2022 09:09:35 UTC] PHP   1. {main}() C:\Users\afpa\Local Sites\oppacity\app\public\index.php:0
[31-Aug-2022 09:09:35 UTC] PHP   2. require() C:\Users\afpa\Local Sites\oppacity\app\public\index.php:17
[31-Aug-2022 09:09:35 UTC] PHP   3. require_once() C:\Users\afpa\Local Sites\oppacity\app\public\wp-blog-header.php:19
[31-Aug-2022 09:09:35 UTC] PHP   4. include() C:\Users\afpa\Local Sites\oppacity\app\public\wp-includes\template-loader.php:106
[31-Aug-2022 09:09:35 UTC] PHP Warning:  Use of undefined constant php - assumed 'php' (this will throw an Error in a future version of PHP) in C:\Users\afpa\Local Sites\oppacity\app\public\wp-content\themes\themeopacity\index.php on line 11
[31-Aug-2022 09:09:35 UTC] PHP Stack trace:
[31-Aug-2022 09:09:35 UTC] PHP   1. {main}() C:\Users\afpa\Local Sites\oppacity\app\public\index.php:0
[31-Aug-2022 09:09:35 UTC] PHP   2. require() C:\Users\afpa\Local Sites\oppacity\app\public\index.php:17
[31-Aug-2022 09:09:35 UTC] PHP   3. require_once() C:\Users\afpa\Local Sites\oppacity\app\public\wp-blog-header.php:19
[31-Aug-2022 09:09:35 UTC] PHP   4. include() C:\Users\afpa\Local Sites\oppacity\app\public\wp-includes\template-loader.php:106
[31-Aug-2022 09:09:35 UTC] PHP Warning:  Use of undefined constant php - assumed 'php' (this will throw an Error in a future version of PHP) in C:\Users\afpa\Local Sites\oppacity\app\public\wp-content\themes\themeopacity\index.php on line 17
[31-Aug-2022 09:09:35 UTC] PHP Stack trace:
[31-Aug-2022 09:09:35 UTC] PHP   1. {main}() C:\Users\afpa\Local Sites\oppacity\app\public\index.php:0
[31-Aug-2022 09:09:35 UTC] PHP   2. require() C:\Users\afpa\Local Sites\oppacity\app\public\index.php:17
[31-Aug-2022 09:09:35 UTC] PHP   3. require_once() C:\Users\afpa\Local Sites\oppacity\app\public\wp-blog-header.php:19
[31-Aug-2022 09:09:35 UTC] PHP   4. include() C:\Users\afpa\Local Sites\oppacity\app\public\wp-includes\template-loader.php:106
[31-Aug-2022 09:09:35 UTC] PHP Warning:  Use of undefined constant php - assumed 'php' (this will throw an Error in a future version of PHP) in C:\Users\afpa\Local Sites\oppacity\app\public\wp-content\themes\themeopacity\index.php on line 23
[31-Aug-2022 09:09:35 UTC] PHP Stack trace:
[31-Aug-2022 09:09:35 UTC] PHP   1. {main}() C:\Users\afpa\Local Sites\oppacity\app\public\index.php:0
[31-Aug-2022 09:09:35 UTC] PHP   2. require() C:\Users\afpa\Local Sites\oppacity\app\public\index.php:17
[31-Aug-2022 09:09:35 UTC] PHP   3. require_once() C:\Users\afpa\Local Sites\oppacity\app\public\wp-blog-header.php:19
[31-Aug-2022 09:09:35 UTC] PHP   4. include() C:\Users\afpa\Local Sites\oppacity\app\public\wp-includes\template-loader.php:106
[31-Aug-2022 09:09:35 UTC] PHP Warning:  Use of undefined constant php - assumed 'php' (this will throw an Error in a future version of PHP) in C:\Users\afpa\Local Sites\oppacity\app\public\wp-content\themes\themeopacity\index.php on line 23
[31-Aug-2022 09:09:35 UTC] PHP Stack trace:
[31-Aug-2022 09:09:35 UTC] PHP   1. {main}() C:\Users\afpa\Local Sites\oppacity\app\public\index.php:0
[31-Aug-2022 09:09:35 UTC] PHP   2. require() C:\Users\afpa\Local Sites\oppacity\app\public\index.php:17
[31-Aug-2022 09:09:35 UTC] PHP   3. require_once() C:\Users\afpa\Local Sites\oppacity\app\public\wp-blog-header.php:19
[31-Aug-2022 09:09:35 UTC] PHP   4. include() C:\Users\afpa\Local Sites\oppacity\app\public\wp-includes\template-loader.php:106
[31-Aug-2022 09:09:35 UTC] PHP Warning:  Use of undefined constant php - assumed 'php' (this will throw an Error in a future version of PHP) in C:\Users\afpa\Local Sites\oppacity\app\public\wp-content\themes\themeopacity\index.php on line 23
[31-Aug-2022 09:09:35 UTC] PHP Stack trace:
[31-Aug-2022 09:09:35 UTC] PHP   1. {main}() C:\Users\afpa\Local Sites\oppacity\app\public\index.php:0
[31-Aug-2022 09:09:35 UTC] PHP   2. require() C:\Users\afpa\Local Sites\oppacity\app\public\index.php:17
[31-Aug-2022 09:09:35 UTC] PHP   3. require_once() C:\Users\afpa\Local Sites\oppacity\app\public\wp-blog-header.php:19
[31-Aug-2022 09:09:35 UTC] PHP   4. include() C:\Users\afpa\Local Sites\oppacity\app\public\wp-includes\template-loader.php:106
[31-Aug-2022 09:09:35 UTC] PHP Warning:  Use of undefined constant php - assumed 'php' (this will throw an Error in a future version of PHP) in C:\Users\afpa\Local Sites\oppacity\app\public\wp-content\themes\themeopacity\index.php on line 24
[31-Aug-2022 09:09:35 UTC] PHP Stack trace:
[31-Aug-2022 09:09:35 UTC] PHP   1. {main}() C:\Users\afpa\Local Sites\oppacity\app\public\index.php:0
[31-Aug-2022 09:09:35 UTC] PHP   2. require() C:\Users\afpa\Local Sites\oppacity\app\public\index.php:17
[31-Aug-2022 09:09:35 UTC] PHP   3. require_once() C:\Users\afpa\Local Sites\oppacity\app\public\wp-blog-header.php:19
[31-Aug-2022 09:09:35 UTC] PHP   4. include() C:\Users\afpa\Local Sites\oppacity\app\public\wp-includes\template-loader.php:106
[31-Aug-2022 09:09:35 UTC] PHP Warning:  Use of undefined constant php - assumed 'php' (this will throw an Error in a future version of PHP) in C:\Users\afpa\Local Sites\oppacity\app\public\wp-content\themes\themeopacity\index.php on line 26
[31-Aug-2022 09:09:35 UTC] PHP Stack trace:
[31-Aug-2022 09:09:35 UTC] PHP   1. {main}() C:\Users\afpa\Local Sites\oppacity\app\public\index.php:0
[31-Aug-2022 09:09:35 UTC] PHP   2. require() C:\Users\afpa\Local Sites\oppacity\app\public\index.php:17
[31-Aug-2022 09:09:35 UTC] PHP   3. require_once() C:\Users\afpa\Local Sites\oppacity\app\public\wp-blog-header.php:19
[31-Aug-2022 09:09:35 UTC] PHP   4. include() C:\Users\afpa\Local Sites\oppacity\app\public\wp-includes\template-loader.php:106
[31-Aug-2022 09:09:35 UTC] PHP Warning:  Use of undefined constant php - assumed 'php' (this will throw an Error in a future version of PHP) in C:\Users\afpa\Local Sites\oppacity\app\public\wp-content\themes\themeopacity\index.php on line 32
[31-Aug-2022 09:09:35 UTC] PHP Stack trace:
[31-Aug-2022 09:09:35 UTC] PHP   1. {main}() C:\Users\afpa\Local Sites\oppacity\app\public\index.php:0
[31-Aug-2022 09:09:35 UTC] PHP   2. require() C:\Users\afpa\Local Sites\oppacity\app\public\index.php:17
[31-Aug-2022 09:09:35 UTC] PHP   3. require_once() C:\Users\afpa\Local Sites\oppacity\app\public\wp-blog-header.php:19
[31-Aug-2022 09:09:35 UTC] PHP   4. include() C:\Users\afpa\Local Sites\oppacity\app\public\wp-includes\template-loader.php:106
[31-Aug-2022 09:09:35 UTC] PHP Warning:  Use of undefined constant php - assumed 'php' (this will throw an Error in a future version of PHP) in C:\Users\afpa\Local Sites\oppacity\app\public\wp-content\themes\themeopacity\index.php on line 8
[31-Aug-2022 09:09:35 UTC] PHP Stack trace:
[31-Aug-2022 09:09:35 UTC] PHP   1. {main}() C:\Users\afpa\Local Sites\oppacity\app\public\index.php:0
[31-Aug-2022 09:09:35 UTC] PHP   2. require() C:\Users\afpa\Local Sites\oppacity\app\public\index.php:17
[31-Aug-2022 09:09:35 UTC] PHP   3. require_once() C:\Users\afpa\Local Sites\oppacity\app\public\wp-blog-header.php:19
[31-Aug-2022 09:09:35 UTC] PHP   4. include() C:\Users\afpa\Local Sites\oppacity\app\public\wp-includes\template-loader.php:106
[31-Aug-2022 09:09:35 UTC] PHP Warning:  Use of undefined constant php - assumed 'php' (this will throw an Error in a future version of PHP) in C:\Users\afpa\Local Sites\oppacity\app\public\wp-content\themes\themeopacity\index.php on line 8
[31-Aug-2022 09:09:35 UTC] PHP Stack trace:
[31-Aug-2022 09:09:35 UTC] PHP   1. {main}() C:\Users\afpa\Local Sites\oppacity\app\public\index.php:0
[31-Aug-2022 09:09:35 UTC] PHP   2. require() C:\Users\afpa\Local Sites\oppacity\app\public\index.php:17
[31-Aug-2022 09:09:35 UTC] PHP   3. require_once() C:\Users\afpa\Local Sites\oppacity\app\public\wp-blog-header.php:19
[31-Aug-2022 09:09:35 UTC] PHP   4. include() C:\Users\afpa\Local Sites\oppacity\app\public\wp-includes\template-loader.php:106
[31-Aug-2022 09:09:35 UTC] PHP Warning:  Use of undefined constant php - assumed 'php' (this will throw an Error in a future version of PHP) in C:\Users\afpa\Local Sites\oppacity\app\public\wp-content\themes\themeopacity\index.php on line 9
[31-Aug-2022 09:09:35 UTC] PHP Stack trace:
[31-Aug-2022 09:09:35 UTC] PHP   1. {main}() C:\Users\afpa\Local Sites\oppacity\app\public\index.php:0
[31-Aug-2022 09:09:35 UTC] PHP   2. require() C:\Users\afpa\Local Sites\oppacity\app\public\index.php:17
[31-Aug-2022 09:09:35 UTC] PHP   3. require_once() C:\Users\afpa\Local Sites\oppacity\app\public\wp-blog-header.php:19
[31-Aug-2022 09:09:35 UTC] PHP   4. include() C:\Users\afpa\Local Sites\oppacity\app\public\wp-includes\template-loader.php:106
[31-Aug-2022 09:09:35 UTC] PHP Warning:  Use of undefined constant php - assumed 'php' (this will throw an Error in a future version of PHP) in C:\Users\afpa\Local Sites\oppacity\app\public\wp-content\themes\themeopacity\index.php on line 11
[31-Aug-2022 09:09:35 UTC] PHP Stack trace:
[31-Aug-2022 09:09:35 UTC] PHP   1. {main}() C:\Users\afpa\Local Sites\oppacity\app\public\index.php:0
[31-Aug-2022 09:09:35 UTC] PHP   2. require() C:\Users\afpa\Local Sites\oppacity\app\public\index.php:17
[31-Aug-2022 09:09:35 UTC] PHP   3. require_once() C:\Users\afpa\Local Sites\oppacity\app\public\wp-blog-header.php:19
[31-Aug-2022 09:09:35 UTC] PHP   4. include() C:\Users\afpa\Local Sites\oppacity\app\public\wp-includes\template-loader.php:106
[31-Aug-2022 09:09:35 UTC] PHP Warning:  Use of undefined constant php - assumed 'php' (this will throw an Error in a future version of PHP) in C:\Users\afpa\Local Sites\oppacity\app\public\wp-content\themes\themeopacity\index.php on line 17
[31-Aug-2022 09:09:35 UTC] PHP Stack trace:
[31-Aug-2022 09:09:35 UTC] PHP   1. {main}() C:\Users\afpa\Local Sites\oppacity\app\public\index.php:0
[31-Aug-2022 09:09:35 UTC] PHP   2. require() C:\Users\afpa\Local Sites\oppacity\app\public\index.php:17
[31-Aug-2022 09:09:35 UTC] PHP   3. require_once() C:\Users\afpa\Local Sites\oppacity\app\public\wp-blog-header.php:19
[31-Aug-2022 09:09:35 UTC] PHP   4. include() C:\Users\afpa\Local Sites\oppacity\app\public\wp-includes\template-loader.php:106
[31-Aug-2022 09:09:35 UTC] PHP Warning:  Use of undefined constant php - assumed 'php' (this will throw an Error in a future version of PHP) in C:\Users\afpa\Local Sites\oppacity\app\public\wp-content\themes\themeopacity\index.php on line 23
[31-Aug-2022 09:09:35 UTC] PHP Stack trace:
[31-Aug-2022 09:09:35 UTC] PHP   1. {main}() C:\Users\afpa\Local Sites\oppacity\app\public\index.php:0
[31-Aug-2022 09:09:35 UTC] PHP   2. require() C:\Users\afpa\Local Sites\oppacity\app\public\index.php:17
[31-Aug-2022 09:09:35 UTC] PHP   3. require_once() C:\Users\afpa\Local Sites\oppacity\app\public\wp-blog-header.php:19
[31-Aug-2022 09:09:35 UTC] PHP   4. include() C:\Users\afpa\Local Sites\oppacity\app\public\wp-includes\template-loader.php:106
[31-Aug-2022 09:09:35 UTC] PHP Warning:  Use of undefined constant php - assumed 'php' (this will throw an Error in a future version of PHP) in C:\Users\afpa\Local Sites\oppacity\app\public\wp-content\themes\themeopacity\index.php on line 23
[31-Aug-2022 09:09:35 UTC] PHP Stack trace:
[31-Aug-2022 09:09:35 UTC] PHP   1. {main}() C:\Users\afpa\Local Sites\oppacity\app\public\index.php:0
[31-Aug-2022 09:09:35 UTC] PHP   2. require() C:\Users\afpa\Local Sites\oppacity\app\public\index.php:17
[31-Aug-2022 09:09:35 UTC] PHP   3. require_once() C:\Users\afpa\Local Sites\oppacity\app\public\wp-blog-header.php:19
[31-Aug-2022 09:09:35 UTC] PHP   4. include() C:\Users\afpa\Local Sites\oppacity\app\public\wp-includes\template-loader.php:106
[31-Aug-2022 09:09:35 UTC] PHP Warning:  Use of undefined constant php - assumed 'php' (this will throw an Error in a future version of PHP) in C:\Users\afpa\Local Sites\oppacity\app\public\wp-content\themes\themeopacity\index.php on line 23
[31-Aug-2022 09:09:35 UTC] PHP Stack trace:
[31-Aug-2022 09:09:35 UTC] PHP   1. {main}() C:\Users\afpa\Local Sites\oppacity\app\public\index.php:0
[31-Aug-2022 09:09:35 UTC] PHP   2. require() C:\Users\afpa\Local Sites\oppacity\app\public\index.php:17
[31-Aug-2022 09:09:35 UTC] PHP   3. require_once() C:\Users\afpa\Local Sites\oppacity\app\public\wp-blog-header.php:19
[31-Aug-2022 09:09:35 UTC] PHP   4. include() C:\Users\afpa\Local Sites\oppacity\app\public\wp-includes\template-loader.php:106
[31-Aug-2022 09:09:35 UTC] PHP Warning:  Use of undefined constant php - assumed 'php' (this will throw an Error in a future version of PHP) in C:\Users\afpa\Local Sites\oppacity\app\public\wp-content\themes\themeopacity\index.php on line 24
[31-Aug-2022 09:09:35 UTC] PHP Stack trace:
[31-Aug-2022 09:09:35 UTC] PHP   1. {main}() C:\Users\afpa\Local Sites\oppacity\app\public\index.php:0
[31-Aug-2022 09:09:35 UTC] PHP   2. require() C:\Users\afpa\Local Sites\oppacity\app\public\index.php:17
[31-Aug-2022 09:09:35 UTC] PHP   3. require_once() C:\Users\afpa\Local Sites\oppacity\app\public\wp-blog-header.php:19
[31-Aug-2022 09:09:35 UTC] PHP   4. include() C:\Users\afpa\Local Sites\oppacity\app\public\wp-includes\template-loader.php:106
[31-Aug-2022 09:09:35 UTC] PHP Warning:  Use of undefined constant php - assumed 'php' (this will throw an Error in a future version of PHP) in C:\Users\afpa\Local Sites\oppacity\app\public\wp-content\themes\themeopacity\index.php on line 26
[31-Aug-2022 09:09:35 UTC] PHP Stack trace:
[31-Aug-2022 09:09:35 UTC] PHP   1. {main}() C:\Users\afpa\Local Sites\oppacity\app\public\index.php:0
[31-Aug-2022 09:09:35 UTC] PHP   2. require() C:\Users\afpa\Local Sites\oppacity\app\public\index.php:17
[31-Aug-2022 09:09:35 UTC] PHP   3. require_once() C:\Users\afpa\Local Sites\oppacity\app\public\wp-blog-header.php:19
[31-Aug-2022 09:09:35 UTC] PHP   4. include() C:\Users\afpa\Local Sites\oppacity\app\public\wp-includes\template-loader.php:106
[31-Aug-2022 09:09:35 UTC] PHP Warning:  Use of undefined constant php - assumed 'php' (this will throw an Error in a future version of PHP) in C:\Users\afpa\Local Sites\oppacity\app\public\wp-content\themes\themeopacity\index.php on line 32
[31-Aug-2022 09:09:35 UTC] PHP Stack trace:
[31-Aug-2022 09:09:35 UTC] PHP   1. {main}() C:\Users\afpa\Local Sites\oppacity\app\public\index.php:0
[31-Aug-2022 09:09:35 UTC] PHP   2. require() C:\Users\afpa\Local Sites\oppacity\app\public\index.php:17
[31-Aug-2022 09:09:35 UTC] PHP   3. require_once() C:\Users\afpa\Local Sites\oppacity\app\public\wp-blog-header.php:19
[31-Aug-2022 09:09:35 UTC] PHP   4. include() C:\Users\afpa\Local Sites\oppacity\app\public\wp-includes\template-loader.php:106
[31-Aug-2022 09:11:04 UTC] PHP Warning:  Use of undefined constant php - assumed 'php' (this will throw an Error in a future version of PHP) in C:\Users\afpa\Local Sites\oppacity\app\public\wp-content\themes\themeopacity\index.php on line 8
[31-Aug-2022 09:11:04 UTC] PHP Stack trace:
[31-Aug-2022 09:11:04 UTC] PHP   1. {main}() C:\Users\afpa\Local Sites\oppacity\app\public\index.php:0
[31-Aug-2022 09:11:04 UTC] PHP   2. require() C:\Users\afpa\Local Sites\oppacity\app\public\index.php:17
[31-Aug-2022 09:11:04 UTC] PHP   3. require_once() C:\Users\afpa\Local Sites\oppacity\app\public\wp-blog-header.php:19
[31-Aug-2022 09:11:04 UTC] PHP   4. include() C:\Users\afpa\Local Sites\oppacity\app\public\wp-includes\template-loader.php:106
[31-Aug-2022 09:11:04 UTC] PHP Warning:  Use of undefined constant php - assumed 'php' (this will throw an Error in a future version of PHP) in C:\Users\afpa\Local Sites\oppacity\app\public\wp-content\themes\themeopacity\index.php on line 8
[31-Aug-2022 09:11:04 UTC] PHP Stack trace:
[31-Aug-2022 09:11:04 UTC] PHP   1. {main}() C:\Users\afpa\Local Sites\oppacity\app\public\index.php:0
[31-Aug-2022 09:11:04 UTC] PHP   2. require() C:\Users\afpa\Local Sites\oppacity\app\public\index.php:17
[31-Aug-2022 09:11:04 UTC] PHP   3. require_once() C:\Users\afpa\Local Sites\oppacity\app\public\wp-blog-header.php:19
[31-Aug-2022 09:11:04 UTC] PHP   4. include() C:\Users\afpa\Local Sites\oppacity\app\public\wp-includes\template-loader.php:106
[31-Aug-2022 09:11:04 UTC] PHP Warning:  Use of undefined constant php - assumed 'php' (this will throw an Error in a future version of PHP) in C:\Users\afpa\Local Sites\oppacity\app\public\wp-content\themes\themeopacity\index.php on line 9
[31-Aug-2022 09:11:04 UTC] PHP Stack trace:
[31-Aug-2022 09:11:04 UTC] PHP   1. {main}() C:\Users\afpa\Local Sites\oppacity\app\public\index.php:0
[31-Aug-2022 09:11:04 UTC] PHP   2. require() C:\Users\afpa\Local Sites\oppacity\app\public\index.php:17
[31-Aug-2022 09:11:04 UTC] PHP   3. require_once() C:\Users\afpa\Local Sites\oppacity\app\public\wp-blog-header.php:19
[31-Aug-2022 09:11:04 UTC] PHP   4. include() C:\Users\afpa\Local Sites\oppacity\app\public\wp-includes\template-loader.php:106
[31-Aug-2022 09:11:04 UTC] PHP Warning:  Use of undefined constant php - assumed 'php' (this will throw an Error in a future version of PHP) in C:\Users\afpa\Local Sites\oppacity\app\public\wp-content\themes\themeopacity\index.php on line 11
[31-Aug-2022 09:11:04 UTC] PHP Stack trace:
[31-Aug-2022 09:11:04 UTC] PHP   1. {main}() C:\Users\afpa\Local Sites\oppacity\app\public\index.php:0
[31-Aug-2022 09:11:04 UTC] PHP   2. require() C:\Users\afpa\Local Sites\oppacity\app\public\index.php:17
[31-Aug-2022 09:11:04 UTC] PHP   3. require_once() C:\Users\afpa\Local Sites\oppacity\app\public\wp-blog-header.php:19
[31-Aug-2022 09:11:04 UTC] PHP   4. include() C:\Users\afpa\Local Sites\oppacity\app\public\wp-includes\template-loader.php:106
[31-Aug-2022 09:11:04 UTC] PHP Warning:  Use of undefined constant php - assumed 'php' (this will throw an Error in a future version of PHP) in C:\Users\afpa\Local Sites\oppacity\app\public\wp-content\themes\themeopacity\index.php on line 17
[31-Aug-2022 09:11:04 UTC] PHP Stack trace:
[31-Aug-2022 09:11:04 UTC] PHP   1. {main}() C:\Users\afpa\Local Sites\oppacity\app\public\index.php:0
[31-Aug-2022 09:11:04 UTC] PHP   2. require() C:\Users\afpa\Local Sites\oppacity\app\public\index.php:17
[31-Aug-2022 09:11:04 UTC] PHP   3. require_once() C:\Users\afpa\Local Sites\oppacity\app\public\wp-blog-header.php:19
[31-Aug-2022 09:11:04 UTC] PHP   4. include() C:\Users\afpa\Local Sites\oppacity\app\public\wp-includes\template-loader.php:106
[31-Aug-2022 09:11:04 UTC] PHP Warning:  Use of undefined constant php - assumed 'php' (this will throw an Error in a future version of PHP) in C:\Users\afpa\Local Sites\oppacity\app\public\wp-content\themes\themeopacity\index.php on line 23
[31-Aug-2022 09:11:04 UTC] PHP Stack trace:
[31-Aug-2022 09:11:04 UTC] PHP   1. {main}() C:\Users\afpa\Local Sites\oppacity\app\public\index.php:0
[31-Aug-2022 09:11:04 UTC] PHP   2. require() C:\Users\afpa\Local Sites\oppacity\app\public\index.php:17
[31-Aug-2022 09:11:04 UTC] PHP   3. require_once() C:\Users\afpa\Local Sites\oppacity\app\public\wp-blog-header.php:19
[31-Aug-2022 09:11:04 UTC] PHP   4. include() C:\Users\afpa\Local Sites\oppacity\app\public\wp-includes\template-loader.php:106
[31-Aug-2022 09:11:04 UTC] PHP Warning:  Use of undefined constant php - assumed 'php' (this will throw an Error in a future version of PHP) in C:\Users\afpa\Local Sites\oppacity\app\public\wp-content\themes\themeopacity\index.php on line 23
[31-Aug-2022 09:11:04 UTC] PHP Stack trace:
[31-Aug-2022 09:11:04 UTC] PHP   1. {main}() C:\Users\afpa\Local Sites\oppacity\app\public\index.php:0
[31-Aug-2022 09:11:04 UTC] PHP   2. require() C:\Users\afpa\Local Sites\oppacity\app\public\index.php:17
[31-Aug-2022 09:11:04 UTC] PHP   3. require_once() C:\Users\afpa\Local Sites\oppacity\app\public\wp-blog-header.php:19
[31-Aug-2022 09:11:04 UTC] PHP   4. include() C:\Users\afpa\Local Sites\oppacity\app\public\wp-includes\template-loader.php:106
[31-Aug-2022 09:11:04 UTC] PHP Warning:  Use of undefined constant php - assumed 'php' (this will throw an Error in a future version of PHP) in C:\Users\afpa\Local Sites\oppacity\app\public\wp-content\themes\themeopacity\index.php on line 23
[31-Aug-2022 09:11:04 UTC] PHP Stack trace:
[31-Aug-2022 09:11:04 UTC] PHP   1. {main}() C:\Users\afpa\Local Sites\oppacity\app\public\index.php:0
[31-Aug-2022 09:11:04 UTC] PHP   2. require() C:\Users\afpa\Local Sites\oppacity\app\public\index.php:17
[31-Aug-2022 09:11:04 UTC] PHP   3. require_once() C:\Users\afpa\Local Sites\oppacity\app\public\wp-blog-header.php:19
[31-Aug-2022 09:11:04 UTC] PHP   4. include() C:\Users\afpa\Local Sites\oppacity\app\public\wp-includes\template-loader.php:106
[31-Aug-2022 09:11:04 UTC] PHP Warning:  Use of undefined constant php - assumed 'php' (this will throw an Error in a future version of PHP) in C:\Users\afpa\Local Sites\oppacity\app\public\wp-content\themes\themeopacity\index.php on line 24
[31-Aug-2022 09:11:04 UTC] PHP Stack trace:
[31-Aug-2022 09:11:04 UTC] PHP   1. {main}() C:\Users\afpa\Local Sites\oppacity\app\public\index.php:0
[31-Aug-2022 09:11:04 UTC] PHP   2. require() C:\Users\afpa\Local Sites\oppacity\app\public\index.php:17
[31-Aug-2022 09:11:04 UTC] PHP   3. require_once() C:\Users\afpa\Local Sites\oppacity\app\public\wp-blog-header.php:19
[31-Aug-2022 09:11:04 UTC] PHP   4. include() C:\Users\afpa\Local Sites\oppacity\app\public\wp-includes\template-loader.php:106
[31-Aug-2022 09:11:04 UTC] PHP Warning:  Use of undefined constant php - assumed 'php' (this will throw an Error in a future version of PHP) in C:\Users\afpa\Local Sites\oppacity\app\public\wp-content\themes\themeopacity\index.php on line 26
[31-Aug-2022 09:11:04 UTC] PHP Stack trace:
[31-Aug-2022 09:11:04 UTC] PHP   1. {main}() C:\Users\afpa\Local Sites\oppacity\app\public\index.php:0
[31-Aug-2022 09:11:04 UTC] PHP   2. require() C:\Users\afpa\Local Sites\oppacity\app\public\index.php:17
[31-Aug-2022 09:11:04 UTC] PHP   3. require_once() C:\Users\afpa\Local Sites\oppacity\app\public\wp-blog-header.php:19
[31-Aug-2022 09:11:04 UTC] PHP   4. include() C:\Users\afpa\Local Sites\oppacity\app\public\wp-includes\template-loader.php:106
[31-Aug-2022 09:11:04 UTC] PHP Warning:  Use of undefined constant php - assumed 'php' (this will throw an Error in a future version of PHP) in C:\Users\afpa\Local Sites\oppacity\app\public\wp-content\themes\themeopacity\index.php on line 32
[31-Aug-2022 09:11:04 UTC] PHP Stack trace:
[31-Aug-2022 09:11:04 UTC] PHP   1. {main}() C:\Users\afpa\Local Sites\oppacity\app\public\index.php:0
[31-Aug-2022 09:11:04 UTC] PHP   2. require() C:\Users\afpa\Local Sites\oppacity\app\public\index.php:17
[31-Aug-2022 09:11:04 UTC] PHP   3. require_once() C:\Users\afpa\Local Sites\oppacity\app\public\wp-blog-header.php:19
[31-Aug-2022 09:11:04 UTC] PHP   4. include() C:\Users\afpa\Local Sites\oppacity\app\public\wp-includes\template-loader.php:106
[31-Aug-2022 09:11:04 UTC] PHP Warning:  Use of undefined constant php - assumed 'php' (this will throw an Error in a future version of PHP) in C:\Users\afpa\Local Sites\oppacity\app\public\wp-content\themes\themeopacity\index.php on line 8
[31-Aug-2022 09:11:04 UTC] PHP Stack trace:
[31-Aug-2022 09:11:04 UTC] PHP   1. {main}() C:\Users\afpa\Local Sites\oppacity\app\public\index.php:0
[31-Aug-2022 09:11:04 UTC] PHP   2. require() C:\Users\afpa\Local Sites\oppacity\app\public\index.php:17
[31-Aug-2022 09:11:04 UTC] PHP   3. require_once() C:\Users\afpa\Local Sites\oppacity\app\public\wp-blog-header.php:19
[31-Aug-2022 09:11:04 UTC] PHP   4. include() C:\Users\afpa\Local Sites\oppacity\app\public\wp-includes\template-loader.php:106
[31-Aug-2022 09:11:04 UTC] PHP Warning:  Use of undefined constant php - assumed 'php' (this will throw an Error in a future version of PHP) in C:\Users\afpa\Local Sites\oppacity\app\public\wp-content\themes\themeopacity\index.php on line 8
[31-Aug-2022 09:11:04 UTC] PHP Stack trace:
[31-Aug-2022 09:11:04 UTC] PHP   1. {main}() C:\Users\afpa\Local Sites\oppacity\app\public\index.php:0
[31-Aug-2022 09:11:04 UTC] PHP   2. require() C:\Users\afpa\Local Sites\oppacity\app\public\index.php:17
[31-Aug-2022 09:11:04 UTC] PHP   3. require_once() C:\Users\afpa\Local Sites\oppacity\app\public\wp-blog-header.php:19
[31-Aug-2022 09:11:04 UTC] PHP   4. include() C:\Users\afpa\Local Sites\oppacity\app\public\wp-includes\template-loader.php:106
[31-Aug-2022 09:11:04 UTC] PHP Warning:  Use of undefined constant php - assumed 'php' (this will throw an Error in a future version of PHP) in C:\Users\afpa\Local Sites\oppacity\app\public\wp-content\themes\themeopacity\index.php on line 9
[31-Aug-2022 09:11:04 UTC] PHP Stack trace:
[31-Aug-2022 09:11:04 UTC] PHP   1. {main}() C:\Users\afpa\Local Sites\oppacity\app\public\index.php:0
[31-Aug-2022 09:11:04 UTC] PHP   2. require() C:\Users\afpa\Local Sites\oppacity\app\public\index.php:17
[31-Aug-2022 09:11:04 UTC] PHP   3. require_once() C:\Users\afpa\Local Sites\oppacity\app\public\wp-blog-header.php:19
[31-Aug-2022 09:11:04 UTC] PHP   4. include() C:\Users\afpa\Local Sites\oppacity\app\public\wp-includes\template-loader.php:106
[31-Aug-2022 09:11:04 UTC] PHP Warning:  Use of undefined constant php - assumed 'php' (this will throw an Error in a future version of PHP) in C:\Users\afpa\Local Sites\oppacity\app\public\wp-content\themes\themeopacity\index.php on line 11
[31-Aug-2022 09:11:04 UTC] PHP Stack trace:
[31-Aug-2022 09:11:04 UTC] PHP   1. {main}() C:\Users\afpa\Local Sites\oppacity\app\public\index.php:0
[31-Aug-2022 09:11:04 UTC] PHP   2. require() C:\Users\afpa\Local Sites\oppacity\app\public\index.php:17
[31-Aug-2022 09:11:04 UTC] PHP   3. require_once() C:\Users\afpa\Local Sites\oppacity\app\public\wp-blog-header.php:19
[31-Aug-2022 09:11:04 UTC] PHP   4. include() C:\Users\afpa\Local Sites\oppacity\app\public\wp-includes\template-loader.php:106
[31-Aug-2022 09:11:04 UTC] PHP Warning:  Use of undefined constant php - assumed 'php' (this will throw an Error in a future version of PHP) in C:\Users\afpa\Local Sites\oppacity\app\public\wp-content\themes\themeopacity\index.php on line 17
[31-Aug-2022 09:11:04 UTC] PHP Stack trace:
[31-Aug-2022 09:11:04 UTC] PHP   1. {main}() C:\Users\afpa\Local Sites\oppacity\app\public\index.php:0
[31-Aug-2022 09:11:04 UTC] PHP   2. require() C:\Users\afpa\Local Sites\oppacity\app\public\index.php:17
[31-Aug-2022 09:11:04 UTC] PHP   3. require_once() C:\Users\afpa\Local Sites\oppacity\app\public\wp-blog-header.php:19
[31-Aug-2022 09:11:04 UTC] PHP   4. include() C:\Users\afpa\Local Sites\oppacity\app\public\wp-includes\template-loader.php:106
[31-Aug-2022 09:11:04 UTC] PHP Warning:  Use of undefined constant php - assumed 'php' (this will throw an Error in a future version of PHP) in C:\Users\afpa\Local Sites\oppacity\app\public\wp-content\themes\themeopacity\index.php on line 23
[31-Aug-2022 09:11:04 UTC] PHP Stack trace:
[31-Aug-2022 09:11:04 UTC] PHP   1. {main}() C:\Users\afpa\Local Sites\oppacity\app\public\index.php:0
[31-Aug-2022 09:11:04 UTC] PHP   2. require() C:\Users\afpa\Local Sites\oppacity\app\public\index.php:17
[31-Aug-2022 09:11:04 UTC] PHP   3. require_once() C:\Users\afpa\Local Sites\oppacity\app\public\wp-blog-header.php:19
[31-Aug-2022 09:11:04 UTC] PHP   4. include() C:\Users\afpa\Local Sites\oppacity\app\public\wp-includes\template-loader.php:106
[31-Aug-2022 09:11:04 UTC] PHP Warning:  Use of undefined constant php - assumed 'php' (this will throw an Error in a future version of PHP) in C:\Users\afpa\Local Sites\oppacity\app\public\wp-content\themes\themeopacity\index.php on line 23
[31-Aug-2022 09:11:04 UTC] PHP Stack trace:
[31-Aug-2022 09:11:04 UTC] PHP   1. {main}() C:\Users\afpa\Local Sites\oppacity\app\public\index.php:0
[31-Aug-2022 09:11:04 UTC] PHP   2. require() C:\Users\afpa\Local Sites\oppacity\app\public\index.php:17
[31-Aug-2022 09:11:04 UTC] PHP   3. require_once() C:\Users\afpa\Local Sites\oppacity\app\public\wp-blog-header.php:19
[31-Aug-2022 09:11:04 UTC] PHP   4. include() C:\Users\afpa\Local Sites\oppacity\app\public\wp-includes\template-loader.php:106
[31-Aug-2022 09:11:04 UTC] PHP Warning:  Use of undefined constant php - assumed 'php' (this will throw an Error in a future version of PHP) in C:\Users\afpa\Local Sites\oppacity\app\public\wp-content\themes\themeopacity\index.php on line 23
[31-Aug-2022 09:11:04 UTC] PHP Stack trace:
[31-Aug-2022 09:11:04 UTC] PHP   1. {main}() C:\Users\afpa\Local Sites\oppacity\app\public\index.php:0
[31-Aug-2022 09:11:04 UTC] PHP   2. require() C:\Users\afpa\Local Sites\oppacity\app\public\index.php:17
[31-Aug-2022 09:11:04 UTC] PHP   3. require_once() C:\Users\afpa\Local Sites\oppacity\app\public\wp-blog-header.php:19
[31-Aug-2022 09:11:04 UTC] PHP   4. include() C:\Users\afpa\Local Sites\oppacity\app\public\wp-includes\template-loader.php:106
[31-Aug-2022 09:11:04 UTC] PHP Warning:  Use of undefined constant php - assumed 'php' (this will throw an Error in a future version of PHP) in C:\Users\afpa\Local Sites\oppacity\app\public\wp-content\themes\themeopacity\index.php on line 24
[31-Aug-2022 09:11:04 UTC] PHP Stack trace:
[31-Aug-2022 09:11:04 UTC] PHP   1. {main}() C:\Users\afpa\Local Sites\oppacity\app\public\index.php:0
[31-Aug-2022 09:11:04 UTC] PHP   2. require() C:\Users\afpa\Local Sites\oppacity\app\public\index.php:17
[31-Aug-2022 09:11:04 UTC] PHP   3. require_once() C:\Users\afpa\Local Sites\oppacity\app\public\wp-blog-header.php:19
[31-Aug-2022 09:11:04 UTC] PHP   4. include() C:\Users\afpa\Local Sites\oppacity\app\public\wp-includes\template-loader.php:106
[31-Aug-2022 09:11:04 UTC] PHP Warning:  Use of undefined constant php - assumed 'php' (this will throw an Error in a future version of PHP) in C:\Users\afpa\Local Sites\oppacity\app\public\wp-content\themes\themeopacity\index.php on line 26
[31-Aug-2022 09:11:04 UTC] PHP Stack trace:
[31-Aug-2022 09:11:04 UTC] PHP   1. {main}() C:\Users\afpa\Local Sites\oppacity\app\public\index.php:0
[31-Aug-2022 09:11:04 UTC] PHP   2. require() C:\Users\afpa\Local Sites\oppacity\app\public\index.php:17
[31-Aug-2022 09:11:04 UTC] PHP   3. require_once() C:\Users\afpa\Local Sites\oppacity\app\public\wp-blog-header.php:19
[31-Aug-2022 09:11:04 UTC] PHP   4. include() C:\Users\afpa\Local Sites\oppacity\app\public\wp-includes\template-loader.php:106
[31-Aug-2022 09:11:04 UTC] PHP Warning:  Use of undefined constant php - assumed 'php' (this will throw an Error in a future version of PHP) in C:\Users\afpa\Local Sites\oppacity\app\public\wp-content\themes\themeopacity\index.php on line 32
[31-Aug-2022 09:11:04 UTC] PHP Stack trace:
[31-Aug-2022 09:11:04 UTC] PHP   1. {main}() C:\Users\afpa\Local Sites\oppacity\app\public\index.php:0
[31-Aug-2022 09:11:04 UTC] PHP   2. require() C:\Users\afpa\Local Sites\oppacity\app\public\index.php:17
[31-Aug-2022 09:11:04 UTC] PHP   3. require_once() C:\Users\afpa\Local Sites\oppacity\app\public\wp-blog-header.php:19
[31-Aug-2022 09:11:04 UTC] PHP   4. include() C:\Users\afpa\Local Sites\oppacity\app\public\wp-includes\template-loader.php:106
[31-Aug-2022 09:13:50 UTC] PHP Warning:  Use of undefined constant php - assumed 'php' (this will throw an Error in a future version of PHP) in C:\Users\afpa\Local Sites\oppacity\app\public\wp-content\themes\themeopacity\index.php on line 8
[31-Aug-2022 09:13:50 UTC] PHP Stack trace:
[31-Aug-2022 09:13:50 UTC] PHP   1. {main}() C:\Users\afpa\Local Sites\oppacity\app\public\index.php:0
[31-Aug-2022 09:13:50 UTC] PHP   2. require() C:\Users\afpa\Local Sites\oppacity\app\public\index.php:17
[31-Aug-2022 09:13:50 UTC] PHP   3. require_once() C:\Users\afpa\Local Sites\oppacity\app\public\wp-blog-header.php:19
[31-Aug-2022 09:13:50 UTC] PHP   4. include() C:\Users\afpa\Local Sites\oppacity\app\public\wp-includes\template-loader.php:106
[31-Aug-2022 09:13:50 UTC] PHP Warning:  Use of undefined constant php - assumed 'php' (this will throw an Error in a future version of PHP) in C:\Users\afpa\Local Sites\oppacity\app\public\wp-content\themes\themeopacity\index.php on line 8
[31-Aug-2022 09:13:50 UTC] PHP Stack trace:
[31-Aug-2022 09:13:50 UTC] PHP   1. {main}() C:\Users\afpa\Local Sites\oppacity\app\public\index.php:0
[31-Aug-2022 09:13:50 UTC] PHP   2. require() C:\Users\afpa\Local Sites\oppacity\app\public\index.php:17
[31-Aug-2022 09:13:50 UTC] PHP   3. require_once() C:\Users\afpa\Local Sites\oppacity\app\public\wp-blog-header.php:19
[31-Aug-2022 09:13:50 UTC] PHP   4. include() C:\Users\afpa\Local Sites\oppacity\app\public\wp-includes\template-loader.php:106
[31-Aug-2022 09:13:50 UTC] PHP Warning:  Use of undefined constant php - assumed 'php' (this will throw an Error in a future version of PHP) in C:\Users\afpa\Local Sites\oppacity\app\public\wp-content\themes\themeopacity\index.php on line 9
[31-Aug-2022 09:13:50 UTC] PHP Stack trace:
[31-Aug-2022 09:13:50 UTC] PHP   1. {main}() C:\Users\afpa\Local Sites\oppacity\app\public\index.php:0
[31-Aug-2022 09:13:50 UTC] PHP   2. require() C:\Users\afpa\Local Sites\oppacity\app\public\index.php:17
[31-Aug-2022 09:13:50 UTC] PHP   3. require_once() C:\Users\afpa\Local Sites\oppacity\app\public\wp-blog-header.php:19
[31-Aug-2022 09:13:50 UTC] PHP   4. include() C:\Users\afpa\Local Sites\oppacity\app\public\wp-includes\template-loader.php:106
[31-Aug-2022 09:13:50 UTC] PHP Warning:  Use of undefined constant php - assumed 'php' (this will throw an Error in a future version of PHP) in C:\Users\afpa\Local Sites\oppacity\app\public\wp-content\themes\themeopacity\index.php on line 11
[31-Aug-2022 09:13:50 UTC] PHP Stack trace:
[31-Aug-2022 09:13:50 UTC] PHP   1. {main}() C:\Users\afpa\Local Sites\oppacity\app\public\index.php:0
[31-Aug-2022 09:13:50 UTC] PHP   2. require() C:\Users\afpa\Local Sites\oppacity\app\public\index.php:17
[31-Aug-2022 09:13:50 UTC] PHP   3. require_once() C:\Users\afpa\Local Sites\oppacity\app\public\wp-blog-header.php:19
[31-Aug-2022 09:13:50 UTC] PHP   4. include() C:\Users\afpa\Local Sites\oppacity\app\public\wp-includes\template-loader.php:106
[31-Aug-2022 09:13:50 UTC] PHP Warning:  Use of undefined constant php - assumed 'php' (this will throw an Error in a future version of PHP) in C:\Users\afpa\Local Sites\oppacity\app\public\wp-content\themes\themeopacity\index.php on line 17
[31-Aug-2022 09:13:50 UTC] PHP Stack trace:
[31-Aug-2022 09:13:50 UTC] PHP   1. {main}() C:\Users\afpa\Local Sites\oppacity\app\public\index.php:0
[31-Aug-2022 09:13:50 UTC] PHP   2. require() C:\Users\afpa\Local Sites\oppacity\app\public\index.php:17
[31-Aug-2022 09:13:50 UTC] PHP   3. require_once() C:\Users\afpa\Local Sites\oppacity\app\public\wp-blog-header.php:19
[31-Aug-2022 09:13:50 UTC] PHP   4. include() C:\Users\afpa\Local Sites\oppacity\app\public\wp-includes\template-loader.php:106
[31-Aug-2022 09:13:50 UTC] PHP Warning:  Use of undefined constant php - assumed 'php' (this will throw an Error in a future version of PHP) in C:\Users\afpa\Local Sites\oppacity\app\public\wp-content\themes\themeopacity\index.php on line 23
[31-Aug-2022 09:13:50 UTC] PHP Stack trace:
[31-Aug-2022 09:13:50 UTC] PHP   1. {main}() C:\Users\afpa\Local Sites\oppacity\app\public\index.php:0
[31-Aug-2022 09:13:50 UTC] PHP   2. require() C:\Users\afpa\Local Sites\oppacity\app\public\index.php:17
[31-Aug-2022 09:13:50 UTC] PHP   3. require_once() C:\Users\afpa\Local Sites\oppacity\app\public\wp-blog-header.php:19
[31-Aug-2022 09:13:50 UTC] PHP   4. include() C:\Users\afpa\Local Sites\oppacity\app\public\wp-includes\template-loader.php:106
[31-Aug-2022 09:13:50 UTC] PHP Warning:  Use of undefined constant php - assumed 'php' (this will throw an Error in a future version of PHP) in C:\Users\afpa\Local Sites\oppacity\app\public\wp-content\themes\themeopacity\index.php on line 23
[31-Aug-2022 09:13:50 UTC] PHP Stack trace:
[31-Aug-2022 09:13:50 UTC] PHP   1. {main}() C:\Users\afpa\Local Sites\oppacity\app\public\index.php:0
[31-Aug-2022 09:13:50 UTC] PHP   2. require() C:\Users\afpa\Local Sites\oppacity\app\public\index.php:17
[31-Aug-2022 09:13:50 UTC] PHP   3. require_once() C:\Users\afpa\Local Sites\oppacity\app\public\wp-blog-header.php:19
[31-Aug-2022 09:13:50 UTC] PHP   4. include() C:\Users\afpa\Local Sites\oppacity\app\public\wp-includes\template-loader.php:106
[31-Aug-2022 09:13:50 UTC] PHP Warning:  Use of undefined constant php - assumed 'php' (this will throw an Error in a future version of PHP) in C:\Users\afpa\Local Sites\oppacity\app\public\wp-content\themes\themeopacity\index.php on line 23
[31-Aug-2022 09:13:50 UTC] PHP Stack trace:
[31-Aug-2022 09:13:50 UTC] PHP   1. {main}() C:\Users\afpa\Local Sites\oppacity\app\public\index.php:0
[31-Aug-2022 09:13:50 UTC] PHP   2. require() C:\Users\afpa\Local Sites\oppacity\app\public\index.php:17
[31-Aug-2022 09:13:50 UTC] PHP   3. require_once() C:\Users\afpa\Local Sites\oppacity\app\public\wp-blog-header.php:19
[31-Aug-2022 09:13:50 UTC] PHP   4. include() C:\Users\afpa\Local Sites\oppacity\app\public\wp-includes\template-loader.php:106
[31-Aug-2022 09:13:50 UTC] PHP Warning:  Use of undefined constant php - assumed 'php' (this will throw an Error in a future version of PHP) in C:\Users\afpa\Local Sites\oppacity\app\public\wp-content\themes\themeopacity\index.php on line 24
[31-Aug-2022 09:13:50 UTC] PHP Stack trace:
[31-Aug-2022 09:13:50 UTC] PHP   1. {main}() C:\Users\afpa\Local Sites\oppacity\app\public\index.php:0
[31-Aug-2022 09:13:50 UTC] PHP   2. require() C:\Users\afpa\Local Sites\oppacity\app\public\index.php:17
[31-Aug-2022 09:13:50 UTC] PHP   3. require_once() C:\Users\afpa\Local Sites\oppacity\app\public\wp-blog-header.php:19
[31-Aug-2022 09:13:50 UTC] PHP   4. include() C:\Users\afpa\Local Sites\oppacity\app\public\wp-includes\template-loader.php:106
[31-Aug-2022 09:13:50 UTC] PHP Warning:  Use of undefined constant php - assumed 'php' (this will throw an Error in a future version of PHP) in C:\Users\afpa\Local Sites\oppacity\app\public\wp-content\themes\themeopacity\index.php on line 26
[31-Aug-2022 09:13:50 UTC] PHP Stack trace:
[31-Aug-2022 09:13:50 UTC] PHP   1. {main}() C:\Users\afpa\Local Sites\oppacity\app\public\index.php:0
[31-Aug-2022 09:13:50 UTC] PHP   2. require() C:\Users\afpa\Local Sites\oppacity\app\public\index.php:17
[31-Aug-2022 09:13:50 UTC] PHP   3. require_once() C:\Users\afpa\Local Sites\oppacity\app\public\wp-blog-header.php:19
[31-Aug-2022 09:13:50 UTC] PHP   4. include() C:\Users\afpa\Local Sites\oppacity\app\public\wp-includes\template-loader.php:106
[31-Aug-2022 09:13:50 UTC] PHP Warning:  Use of undefined constant php - assumed 'php' (this will throw an Error in a future version of PHP) in C:\Users\afpa\Local Sites\oppacity\app\public\wp-content\themes\themeopacity\index.php on line 32
[31-Aug-2022 09:13:50 UTC] PHP Stack trace:
[31-Aug-2022 09:13:50 UTC] PHP   1. {main}() C:\Users\afpa\Local Sites\oppacity\app\public\index.php:0
[31-Aug-2022 09:13:50 UTC] PHP   2. require() C:\Users\afpa\Local Sites\oppacity\app\public\index.php:17
[31-Aug-2022 09:13:50 UTC] PHP   3. require_once() C:\Users\afpa\Local Sites\oppacity\app\public\wp-blog-header.php:19
[31-Aug-2022 09:13:50 UTC] PHP   4. include() C:\Users\afpa\Local Sites\oppacity\app\public\wp-includes\template-loader.php:106
[31-Aug-2022 09:13:50 UTC] PHP Warning:  Use of undefined constant php - assumed 'php' (this will throw an Error in a future version of PHP) in C:\Users\afpa\Local Sites\oppacity\app\public\wp-content\themes\themeopacity\index.php on line 8
[31-Aug-2022 09:13:50 UTC] PHP Stack trace:
[31-Aug-2022 09:13:50 UTC] PHP   1. {main}() C:\Users\afpa\Local Sites\oppacity\app\public\index.php:0
[31-Aug-2022 09:13:50 UTC] PHP   2. require() C:\Users\afpa\Local Sites\oppacity\app\public\index.php:17
[31-Aug-2022 09:13:50 UTC] PHP   3. require_once() C:\Users\afpa\Local Sites\oppacity\app\public\wp-blog-header.php:19
[31-Aug-2022 09:13:50 UTC] PHP   4. include() C:\Users\afpa\Local Sites\oppacity\app\public\wp-includes\template-loader.php:106
[31-Aug-2022 09:13:50 UTC] PHP Warning:  Use of undefined constant php - assumed 'php' (this will throw an Error in a future version of PHP) in C:\Users\afpa\Local Sites\oppacity\app\public\wp-content\themes\themeopacity\index.php on line 8
[31-Aug-2022 09:13:50 UTC] PHP Stack trace:
[31-Aug-2022 09:13:50 UTC] PHP   1. {main}() C:\Users\afpa\Local Sites\oppacity\app\public\index.php:0
[31-Aug-2022 09:13:50 UTC] PHP   2. require() C:\Users\afpa\Local Sites\oppacity\app\public\index.php:17
[31-Aug-2022 09:13:50 UTC] PHP   3. require_once() C:\Users\afpa\Local Sites\oppacity\app\public\wp-blog-header.php:19
[31-Aug-2022 09:13:50 UTC] PHP   4. include() C:\Users\afpa\Local Sites\oppacity\app\public\wp-includes\template-loader.php:106
[31-Aug-2022 09:13:50 UTC] PHP Warning:  Use of undefined constant php - assumed 'php' (this will throw an Error in a future version of PHP) in C:\Users\afpa\Local Sites\oppacity\app\public\wp-content\themes\themeopacity\index.php on line 9
[31-Aug-2022 09:13:50 UTC] PHP Stack trace:
[31-Aug-2022 09:13:50 UTC] PHP   1. {main}() C:\Users\afpa\Local Sites\oppacity\app\public\index.php:0
[31-Aug-2022 09:13:50 UTC] PHP   2. require() C:\Users\afpa\Local Sites\oppacity\app\public\index.php:17
[31-Aug-2022 09:13:50 UTC] PHP   3. require_once() C:\Users\afpa\Local Sites\oppacity\app\public\wp-blog-header.php:19
[31-Aug-2022 09:13:50 UTC] PHP   4. include() C:\Users\afpa\Local Sites\oppacity\app\public\wp-includes\template-loader.php:106
[31-Aug-2022 09:13:50 UTC] PHP Warning:  Use of undefined constant php - assumed 'php' (this will throw an Error in a future version of PHP) in C:\Users\afpa\Local Sites\oppacity\app\public\wp-content\themes\themeopacity\index.php on line 11
[31-Aug-2022 09:13:50 UTC] PHP Stack trace:
[31-Aug-2022 09:13:50 UTC] PHP   1. {main}() C:\Users\afpa\Local Sites\oppacity\app\public\index.php:0
[31-Aug-2022 09:13:50 UTC] PHP   2. require() C:\Users\afpa\Local Sites\oppacity\app\public\index.php:17
[31-Aug-2022 09:13:50 UTC] PHP   3. require_once() C:\Users\afpa\Local Sites\oppacity\app\public\wp-blog-header.php:19
[31-Aug-2022 09:13:50 UTC] PHP   4. include() C:\Users\afpa\Local Sites\oppacity\app\public\wp-includes\template-loader.php:106
[31-Aug-2022 09:13:50 UTC] PHP Warning:  Use of undefined constant php - assumed 'php' (this will throw an Error in a future version of PHP) in C:\Users\afpa\Local Sites\oppacity\app\public\wp-content\themes\themeopacity\index.php on line 17
[31-Aug-2022 09:13:50 UTC] PHP Stack trace:
[31-Aug-2022 09:13:50 UTC] PHP   1. {main}() C:\Users\afpa\Local Sites\oppacity\app\public\index.php:0
[31-Aug-2022 09:13:50 UTC] PHP   2. require() C:\Users\afpa\Local Sites\oppacity\app\public\index.php:17
[31-Aug-2022 09:13:50 UTC] PHP   3. require_once() C:\Users\afpa\Local Sites\oppacity\app\public\wp-blog-header.php:19
[31-Aug-2022 09:13:50 UTC] PHP   4. include() C:\Users\afpa\Local Sites\oppacity\app\public\wp-includes\template-loader.php:106
[31-Aug-2022 09:13:50 UTC] PHP Warning:  Use of undefined constant php - assumed 'php' (this will throw an Error in a future version of PHP) in C:\Users\afpa\Local Sites\oppacity\app\public\wp-content\themes\themeopacity\index.php on line 23
[31-Aug-2022 09:13:50 UTC] PHP Stack trace:
[31-Aug-2022 09:13:50 UTC] PHP   1. {main}() C:\Users\afpa\Local Sites\oppacity\app\public\index.php:0
[31-Aug-2022 09:13:50 UTC] PHP   2. require() C:\Users\afpa\Local Sites\oppacity\app\public\index.php:17
[31-Aug-2022 09:13:50 UTC] PHP   3. require_once() C:\Users\afpa\Local Sites\oppacity\app\public\wp-blog-header.php:19
[31-Aug-2022 09:13:50 UTC] PHP   4. include() C:\Users\afpa\Local Sites\oppacity\app\public\wp-includes\template-loader.php:106
[31-Aug-2022 09:13:50 UTC] PHP Warning:  Use of undefined constant php - assumed 'php' (this will throw an Error in a future version of PHP) in C:\Users\afpa\Local Sites\oppacity\app\public\wp-content\themes\themeopacity\index.php on line 23
[31-Aug-2022 09:13:50 UTC] PHP Stack trace:
[31-Aug-2022 09:13:50 UTC] PHP   1. {main}() C:\Users\afpa\Local Sites\oppacity\app\public\index.php:0
[31-Aug-2022 09:13:50 UTC] PHP   2. require() C:\Users\afpa\Local Sites\oppacity\app\public\index.php:17
[31-Aug-2022 09:13:50 UTC] PHP   3. require_once() C:\Users\afpa\Local Sites\oppacity\app\public\wp-blog-header.php:19
[31-Aug-2022 09:13:50 UTC] PHP   4. include() C:\Users\afpa\Local Sites\oppacity\app\public\wp-includes\template-loader.php:106
[31-Aug-2022 09:13:50 UTC] PHP Warning:  Use of undefined constant php - assumed 'php' (this will throw an Error in a future version of PHP) in C:\Users\afpa\Local Sites\oppacity\app\public\wp-content\themes\themeopacity\index.php on line 23
[31-Aug-2022 09:13:50 UTC] PHP Stack trace:
[31-Aug-2022 09:13:50 UTC] PHP   1. {main}() C:\Users\afpa\Local Sites\oppacity\app\public\index.php:0
[31-Aug-2022 09:13:50 UTC] PHP   2. require() C:\Users\afpa\Local Sites\oppacity\app\public\index.php:17
[31-Aug-2022 09:13:50 UTC] PHP   3. require_once() C:\Users\afpa\Local Sites\oppacity\app\public\wp-blog-header.php:19
[31-Aug-2022 09:13:50 UTC] PHP   4. include() C:\Users\afpa\Local Sites\oppacity\app\public\wp-includes\template-loader.php:106
[31-Aug-2022 09:13:50 UTC] PHP Warning:  Use of undefined constant php - assumed 'php' (this will throw an Error in a future version of PHP) in C:\Users\afpa\Local Sites\oppacity\app\public\wp-content\themes\themeopacity\index.php on line 24
[31-Aug-2022 09:13:50 UTC] PHP Stack trace:
[31-Aug-2022 09:13:50 UTC] PHP   1. {main}() C:\Users\afpa\Local Sites\oppacity\app\public\index.php:0
[31-Aug-2022 09:13:50 UTC] PHP   2. require() C:\Users\afpa\Local Sites\oppacity\app\public\index.php:17
[31-Aug-2022 09:13:50 UTC] PHP   3. require_once() C:\Users\afpa\Local Sites\oppacity\app\public\wp-blog-header.php:19
[31-Aug-2022 09:13:50 UTC] PHP   4. include() C:\Users\afpa\Local Sites\oppacity\app\public\wp-includes\template-loader.php:106
[31-Aug-2022 09:13:50 UTC] PHP Warning:  Use of undefined constant php - assumed 'php' (this will throw an Error in a future version of PHP) in C:\Users\afpa\Local Sites\oppacity\app\public\wp-content\themes\themeopacity\index.php on line 26
[31-Aug-2022 09:13:50 UTC] PHP Stack trace:
[31-Aug-2022 09:13:50 UTC] PHP   1. {main}() C:\Users\afpa\Local Sites\oppacity\app\public\index.php:0
[31-Aug-2022 09:13:50 UTC] PHP   2. require() C:\Users\afpa\Local Sites\oppacity\app\public\index.php:17
[31-Aug-2022 09:13:50 UTC] PHP   3. require_once() C:\Users\afpa\Local Sites\oppacity\app\public\wp-blog-header.php:19
[31-Aug-2022 09:13:50 UTC] PHP   4. include() C:\Users\afpa\Local Sites\oppacity\app\public\wp-includes\template-loader.php:106
[31-Aug-2022 09:13:50 UTC] PHP Warning:  Use of undefined constant php - assumed 'php' (this will throw an Error in a future version of PHP) in C:\Users\afpa\Local Sites\oppacity\app\public\wp-content\themes\themeopacity\index.php on line 32
[31-Aug-2022 09:13:50 UTC] PHP Stack trace:
[31-Aug-2022 09:13:50 UTC] PHP   1. {main}() C:\Users\afpa\Local Sites\oppacity\app\public\index.php:0
[31-Aug-2022 09:13:50 UTC] PHP   2. require() C:\Users\afpa\Local Sites\oppacity\app\public\index.php:17
[31-Aug-2022 09:13:50 UTC] PHP   3. require_once() C:\Users\afpa\Local Sites\oppacity\app\public\wp-blog-header.php:19
[31-Aug-2022 09:13:50 UTC] PHP   4. include() C:\Users\afpa\Local Sites\oppacity\app\public\wp-includes\template-loader.php:106
[31-Aug-2022 09:15:11 UTC] PHP Warning:  Use of undefined constant php - assumed 'php' (this will throw an Error in a future version of PHP) in C:\Users\afpa\Local Sites\oppacity\app\public\wp-content\themes\themeopacity\index.php on line 8
[31-Aug-2022 09:15:11 UTC] PHP Stack trace:
[31-Aug-2022 09:15:11 UTC] PHP   1. {main}() C:\Users\afpa\Local Sites\oppacity\app\public\index.php:0
[31-Aug-2022 09:15:11 UTC] PHP   2. require() C:\Users\afpa\Local Sites\oppacity\app\public\index.php:17
[31-Aug-2022 09:15:11 UTC] PHP   3. require_once() C:\Users\afpa\Local Sites\oppacity\app\public\wp-blog-header.php:19
[31-Aug-2022 09:15:11 UTC] PHP   4. include() C:\Users\afpa\Local Sites\oppacity\app\public\wp-includes\template-loader.php:106
[31-Aug-2022 09:15:11 UTC] PHP Warning:  Use of undefined constant php - assumed 'php' (this will throw an Error in a future version of PHP) in C:\Users\afpa\Local Sites\oppacity\app\public\wp-content\themes\themeopacity\index.php on line 8
[31-Aug-2022 09:15:11 UTC] PHP Stack trace:
[31-Aug-2022 09:15:11 UTC] PHP   1. {main}() C:\Users\afpa\Local Sites\oppacity\app\public\index.php:0
[31-Aug-2022 09:15:11 UTC] PHP   2. require() C:\Users\afpa\Local Sites\oppacity\app\public\index.php:17
[31-Aug-2022 09:15:11 UTC] PHP   3. require_once() C:\Users\afpa\Local Sites\oppacity\app\public\wp-blog-header.php:19
[31-Aug-2022 09:15:11 UTC] PHP   4. include() C:\Users\afpa\Local Sites\oppacity\app\public\wp-includes\template-loader.php:106
[31-Aug-2022 09:15:11 UTC] PHP Warning:  Use of undefined constant php - assumed 'php' (this will throw an Error in a future version of PHP) in C:\Users\afpa\Local Sites\oppacity\app\public\wp-content\themes\themeopacity\index.php on line 9
[31-Aug-2022 09:15:11 UTC] PHP Stack trace:
[31-Aug-2022 09:15:11 UTC] PHP   1. {main}() C:\Users\afpa\Local Sites\oppacity\app\public\index.php:0
[31-Aug-2022 09:15:11 UTC] PHP   2. require() C:\Users\afpa\Local Sites\oppacity\app\public\index.php:17
[31-Aug-2022 09:15:11 UTC] PHP   3. require_once() C:\Users\afpa\Local Sites\oppacity\app\public\wp-blog-header.php:19
[31-Aug-2022 09:15:11 UTC] PHP   4. include() C:\Users\afpa\Local Sites\oppacity\app\public\wp-includes\template-loader.php:106
[31-Aug-2022 09:15:11 UTC] PHP Warning:  Use of undefined constant php - assumed 'php' (this will throw an Error in a future version of PHP) in C:\Users\afpa\Local Sites\oppacity\app\public\wp-content\themes\themeopacity\index.php on line 11
[31-Aug-2022 09:15:11 UTC] PHP Stack trace:
[31-Aug-2022 09:15:11 UTC] PHP   1. {main}() C:\Users\afpa\Local Sites\oppacity\app\public\index.php:0
[31-Aug-2022 09:15:11 UTC] PHP   2. require() C:\Users\afpa\Local Sites\oppacity\app\public\index.php:17
[31-Aug-2022 09:15:11 UTC] PHP   3. require_once() C:\Users\afpa\Local Sites\oppacity\app\public\wp-blog-header.php:19
[31-Aug-2022 09:15:11 UTC] PHP   4. include() C:\Users\afpa\Local Sites\oppacity\app\public\wp-includes\template-loader.php:106
[31-Aug-2022 09:15:11 UTC] PHP Warning:  Use of undefined constant php - assumed 'php' (this will throw an Error in a future version of PHP) in C:\Users\afpa\Local Sites\oppacity\app\public\wp-content\themes\themeopacity\index.php on line 17
[31-Aug-2022 09:15:11 UTC] PHP Stack trace:
[31-Aug-2022 09:15:11 UTC] PHP   1. {main}() C:\Users\afpa\Local Sites\oppacity\app\public\index.php:0
[31-Aug-2022 09:15:11 UTC] PHP   2. require() C:\Users\afpa\Local Sites\oppacity\app\public\index.php:17
[31-Aug-2022 09:15:11 UTC] PHP   3. require_once() C:\Users\afpa\Local Sites\oppacity\app\public\wp-blog-header.php:19
[31-Aug-2022 09:15:11 UTC] PHP   4. include() C:\Users\afpa\Local Sites\oppacity\app\public\wp-includes\template-loader.php:106
[31-Aug-2022 09:15:11 UTC] PHP Warning:  Use of undefined constant php - assumed 'php' (this will throw an Error in a future version of PHP) in C:\Users\afpa\Local Sites\oppacity\app\public\wp-content\themes\themeopacity\index.php on line 23
[31-Aug-2022 09:15:11 UTC] PHP Stack trace:
[31-Aug-2022 09:15:11 UTC] PHP   1. {main}() C:\Users\afpa\Local Sites\oppacity\app\public\index.php:0
[31-Aug-2022 09:15:11 UTC] PHP   2. require() C:\Users\afpa\Local Sites\oppacity\app\public\index.php:17
[31-Aug-2022 09:15:11 UTC] PHP   3. require_once() C:\Users\afpa\Local Sites\oppacity\app\public\wp-blog-header.php:19
[31-Aug-2022 09:15:11 UTC] PHP   4. include() C:\Users\afpa\Local Sites\oppacity\app\public\wp-includes\template-loader.php:106
[31-Aug-2022 09:15:11 UTC] PHP Warning:  Use of undefined constant php - assumed 'php' (this will throw an Error in a future version of PHP) in C:\Users\afpa\Local Sites\oppacity\app\public\wp-content\themes\themeopacity\index.php on line 23
[31-Aug-2022 09:15:11 UTC] PHP Stack trace:
[31-Aug-2022 09:15:11 UTC] PHP   1. {main}() C:\Users\afpa\Local Sites\oppacity\app\public\index.php:0
[31-Aug-2022 09:15:11 UTC] PHP   2. require() C:\Users\afpa\Local Sites\oppacity\app\public\index.php:17
[31-Aug-2022 09:15:11 UTC] PHP   3. require_once() C:\Users\afpa\Local Sites\oppacity\app\public\wp-blog-header.php:19
[31-Aug-2022 09:15:11 UTC] PHP   4. include() C:\Users\afpa\Local Sites\oppacity\app\public\wp-includes\template-loader.php:106
[31-Aug-2022 09:15:11 UTC] PHP Warning:  Use of undefined constant php - assumed 'php' (this will throw an Error in a future version of PHP) in C:\Users\afpa\Local Sites\oppacity\app\public\wp-content\themes\themeopacity\index.php on line 23
[31-Aug-2022 09:15:11 UTC] PHP Stack trace:
[31-Aug-2022 09:15:11 UTC] PHP   1. {main}() C:\Users\afpa\Local Sites\oppacity\app\public\index.php:0
[31-Aug-2022 09:15:11 UTC] PHP   2. require() C:\Users\afpa\Local Sites\oppacity\app\public\index.php:17
[31-Aug-2022 09:15:11 UTC] PHP   3. require_once() C:\Users\afpa\Local Sites\oppacity\app\public\wp-blog-header.php:19
[31-Aug-2022 09:15:11 UTC] PHP   4. include() C:\Users\afpa\Local Sites\oppacity\app\public\wp-includes\template-loader.php:106
[31-Aug-2022 09:15:11 UTC] PHP Warning:  Use of undefined constant php - assumed 'php' (this will throw an Error in a future version of PHP) in C:\Users\afpa\Local Sites\oppacity\app\public\wp-content\themes\themeopacity\index.php on line 24
[31-Aug-2022 09:15:11 UTC] PHP Stack trace:
[31-Aug-2022 09:15:11 UTC] PHP   1. {main}() C:\Users\afpa\Local Sites\oppacity\app\public\index.php:0
[31-Aug-2022 09:15:11 UTC] PHP   2. require() C:\Users\afpa\Local Sites\oppacity\app\public\index.php:17
[31-Aug-2022 09:15:11 UTC] PHP   3. require_once() C:\Users\afpa\Local Sites\oppacity\app\public\wp-blog-header.php:19
[31-Aug-2022 09:15:11 UTC] PHP   4. include() C:\Users\afpa\Local Sites\oppacity\app\public\wp-includes\template-loader.php:106
[31-Aug-2022 09:15:11 UTC] PHP Warning:  Use of undefined constant php - assumed 'php' (this will throw an Error in a future version of PHP) in C:\Users\afpa\Local Sites\oppacity\app\public\wp-content\themes\themeopacity\index.php on line 26
[31-Aug-2022 09:15:11 UTC] PHP Stack trace:
[31-Aug-2022 09:15:11 UTC] PHP   1. {main}() C:\Users\afpa\Local Sites\oppacity\app\public\index.php:0
[31-Aug-2022 09:15:11 UTC] PHP   2. require() C:\Users\afpa\Local Sites\oppacity\app\public\index.php:17
[31-Aug-2022 09:15:11 UTC] PHP   3. require_once() C:\Users\afpa\Local Sites\oppacity\app\public\wp-blog-header.php:19
[31-Aug-2022 09:15:11 UTC] PHP   4. include() C:\Users\afpa\Local Sites\oppacity\app\public\wp-includes\template-loader.php:106
[31-Aug-2022 09:15:11 UTC] PHP Warning:  Use of undefined constant php - assumed 'php' (this will throw an Error in a future version of PHP) in C:\Users\afpa\Local Sites\oppacity\app\public\wp-content\themes\themeopacity\index.php on line 32
[31-Aug-2022 09:15:11 UTC] PHP Stack trace:
[31-Aug-2022 09:15:11 UTC] PHP   1. {main}() C:\Users\afpa\Local Sites\oppacity\app\public\index.php:0
[31-Aug-2022 09:15:11 UTC] PHP   2. require() C:\Users\afpa\Local Sites\oppacity\app\public\index.php:17
[31-Aug-2022 09:15:11 UTC] PHP   3. require_once() C:\Users\afpa\Local Sites\oppacity\app\public\wp-blog-header.php:19
[31-Aug-2022 09:15:11 UTC] PHP   4. include() C:\Users\afpa\Local Sites\oppacity\app\public\wp-includes\template-loader.php:106
[31-Aug-2022 09:15:12 UTC] PHP Warning:  Use of undefined constant php - assumed 'php' (this will throw an Error in a future version of PHP) in C:\Users\afpa\Local Sites\oppacity\app\public\wp-content\themes\themeopacity\index.php on line 8
[31-Aug-2022 09:15:12 UTC] PHP Stack trace:
[31-Aug-2022 09:15:12 UTC] PHP   1. {main}() C:\Users\afpa\Local Sites\oppacity\app\public\index.php:0
[31-Aug-2022 09:15:12 UTC] PHP   2. require() C:\Users\afpa\Local Sites\oppacity\app\public\index.php:17
[31-Aug-2022 09:15:12 UTC] PHP   3. require_once() C:\Users\afpa\Local Sites\oppacity\app\public\wp-blog-header.php:19
[31-Aug-2022 09:15:12 UTC] PHP   4. include() C:\Users\afpa\Local Sites\oppacity\app\public\wp-includes\template-loader.php:106
[31-Aug-2022 09:15:12 UTC] PHP Warning:  Use of undefined constant php - assumed 'php' (this will throw an Error in a future version of PHP) in C:\Users\afpa\Local Sites\oppacity\app\public\wp-content\themes\themeopacity\index.php on line 8
[31-Aug-2022 09:15:12 UTC] PHP Stack trace:
[31-Aug-2022 09:15:12 UTC] PHP   1. {main}() C:\Users\afpa\Local Sites\oppacity\app\public\index.php:0
[31-Aug-2022 09:15:12 UTC] PHP   2. require() C:\Users\afpa\Local Sites\oppacity\app\public\index.php:17
[31-Aug-2022 09:15:12 UTC] PHP   3. require_once() C:\Users\afpa\Local Sites\oppacity\app\public\wp-blog-header.php:19
[31-Aug-2022 09:15:12 UTC] PHP   4. include() C:\Users\afpa\Local Sites\oppacity\app\public\wp-includes\template-loader.php:106
[31-Aug-2022 09:15:12 UTC] PHP Warning:  Use of undefined constant php - assumed 'php' (this will throw an Error in a future version of PHP) in C:\Users\afpa\Local Sites\oppacity\app\public\wp-content\themes\themeopacity\index.php on line 9
[31-Aug-2022 09:15:12 UTC] PHP Stack trace:
[31-Aug-2022 09:15:12 UTC] PHP   1. {main}() C:\Users\afpa\Local Sites\oppacity\app\public\index.php:0
[31-Aug-2022 09:15:12 UTC] PHP   2. require() C:\Users\afpa\Local Sites\oppacity\app\public\index.php:17
[31-Aug-2022 09:15:12 UTC] PHP   3. require_once() C:\Users\afpa\Local Sites\oppacity\app\public\wp-blog-header.php:19
[31-Aug-2022 09:15:12 UTC] PHP   4. include() C:\Users\afpa\Local Sites\oppacity\app\public\wp-includes\template-loader.php:106
[31-Aug-2022 09:15:12 UTC] PHP Warning:  Use of undefined constant php - assumed 'php' (this will throw an Error in a future version of PHP) in C:\Users\afpa\Local Sites\oppacity\app\public\wp-content\themes\themeopacity\index.php on line 11
[31-Aug-2022 09:15:12 UTC] PHP Stack trace:
[31-Aug-2022 09:15:12 UTC] PHP   1. {main}() C:\Users\afpa\Local Sites\oppacity\app\public\index.php:0
[31-Aug-2022 09:15:12 UTC] PHP   2. require() C:\Users\afpa\Local Sites\oppacity\app\public\index.php:17
[31-Aug-2022 09:15:12 UTC] PHP   3. require_once() C:\Users\afpa\Local Sites\oppacity\app\public\wp-blog-header.php:19
[31-Aug-2022 09:15:12 UTC] PHP   4. include() C:\Users\afpa\Local Sites\oppacity\app\public\wp-includes\template-loader.php:106
[31-Aug-2022 09:15:12 UTC] PHP Warning:  Use of undefined constant php - assumed 'php' (this will throw an Error in a future version of PHP) in C:\Users\afpa\Local Sites\oppacity\app\public\wp-content\themes\themeopacity\index.php on line 17
[31-Aug-2022 09:15:12 UTC] PHP Stack trace:
[31-Aug-2022 09:15:12 UTC] PHP   1. {main}() C:\Users\afpa\Local Sites\oppacity\app\public\index.php:0
[31-Aug-2022 09:15:12 UTC] PHP   2. require() C:\Users\afpa\Local Sites\oppacity\app\public\index.php:17
[31-Aug-2022 09:15:12 UTC] PHP   3. require_once() C:\Users\afpa\Local Sites\oppacity\app\public\wp-blog-header.php:19
[31-Aug-2022 09:15:12 UTC] PHP   4. include() C:\Users\afpa\Local Sites\oppacity\app\public\wp-includes\template-loader.php:106
[31-Aug-2022 09:15:12 UTC] PHP Warning:  Use of undefined constant php - assumed 'php' (this will throw an Error in a future version of PHP) in C:\Users\afpa\Local Sites\oppacity\app\public\wp-content\themes\themeopacity\index.php on line 23
[31-Aug-2022 09:15:12 UTC] PHP Stack trace:
[31-Aug-2022 09:15:12 UTC] PHP   1. {main}() C:\Users\afpa\Local Sites\oppacity\app\public\index.php:0
[31-Aug-2022 09:15:12 UTC] PHP   2. require() C:\Users\afpa\Local Sites\oppacity\app\public\index.php:17
[31-Aug-2022 09:15:12 UTC] PHP   3. require_once() C:\Users\afpa\Local Sites\oppacity\app\public\wp-blog-header.php:19
[31-Aug-2022 09:15:12 UTC] PHP   4. include() C:\Users\afpa\Local Sites\oppacity\app\public\wp-includes\template-loader.php:106
[31-Aug-2022 09:15:12 UTC] PHP Warning:  Use of undefined constant php - assumed 'php' (this will throw an Error in a future version of PHP) in C:\Users\afpa\Local Sites\oppacity\app\public\wp-content\themes\themeopacity\index.php on line 23
[31-Aug-2022 09:15:12 UTC] PHP Stack trace:
[31-Aug-2022 09:15:12 UTC] PHP   1. {main}() C:\Users\afpa\Local Sites\oppacity\app\public\index.php:0
[31-Aug-2022 09:15:12 UTC] PHP   2. require() C:\Users\afpa\Local Sites\oppacity\app\public\index.php:17
[31-Aug-2022 09:15:12 UTC] PHP   3. require_once() C:\Users\afpa\Local Sites\oppacity\app\public\wp-blog-header.php:19
[31-Aug-2022 09:15:12 UTC] PHP   4. include() C:\Users\afpa\Local Sites\oppacity\app\public\wp-includes\template-loader.php:106
[31-Aug-2022 09:15:12 UTC] PHP Warning:  Use of undefined constant php - assumed 'php' (this will throw an Error in a future version of PHP) in C:\Users\afpa\Local Sites\oppacity\app\public\wp-content\themes\themeopacity\index.php on line 23
[31-Aug-2022 09:15:12 UTC] PHP Stack trace:
[31-Aug-2022 09:15:12 UTC] PHP   1. {main}() C:\Users\afpa\Local Sites\oppacity\app\public\index.php:0
[31-Aug-2022 09:15:12 UTC] PHP   2. require() C:\Users\afpa\Local Sites\oppacity\app\public\index.php:17
[31-Aug-2022 09:15:12 UTC] PHP   3. require_once() C:\Users\afpa\Local Sites\oppacity\app\public\wp-blog-header.php:19
[31-Aug-2022 09:15:12 UTC] PHP   4. include() C:\Users\afpa\Local Sites\oppacity\app\public\wp-includes\template-loader.php:106
[31-Aug-2022 09:15:12 UTC] PHP Warning:  Use of undefined constant php - assumed 'php' (this will throw an Error in a future version of PHP) in C:\Users\afpa\Local Sites\oppacity\app\public\wp-content\themes\themeopacity\index.php on line 24
[31-Aug-2022 09:15:12 UTC] PHP Stack trace:
[31-Aug-2022 09:15:12 UTC] PHP   1. {main}() C:\Users\afpa\Local Sites\oppacity\app\public\index.php:0
[31-Aug-2022 09:15:12 UTC] PHP   2. require() C:\Users\afpa\Local Sites\oppacity\app\public\index.php:17
[31-Aug-2022 09:15:12 UTC] PHP   3. require_once() C:\Users\afpa\Local Sites\oppacity\app\public\wp-blog-header.php:19
[31-Aug-2022 09:15:12 UTC] PHP   4. include() C:\Users\afpa\Local Sites\oppacity\app\public\wp-includes\template-loader.php:106
[31-Aug-2022 09:15:12 UTC] PHP Warning:  Use of undefined constant php - assumed 'php' (this will throw an Error in a future version of PHP) in C:\Users\afpa\Local Sites\oppacity\app\public\wp-content\themes\themeopacity\index.php on line 26
[31-Aug-2022 09:15:12 UTC] PHP Stack trace:
[31-Aug-2022 09:15:12 UTC] PHP   1. {main}() C:\Users\afpa\Local Sites\oppacity\app\public\index.php:0
[31-Aug-2022 09:15:12 UTC] PHP   2. require() C:\Users\afpa\Local Sites\oppacity\app\public\index.php:17
[31-Aug-2022 09:15:12 UTC] PHP   3. require_once() C:\Users\afpa\Local Sites\oppacity\app\public\wp-blog-header.php:19
[31-Aug-2022 09:15:12 UTC] PHP   4. include() C:\Users\afpa\Local Sites\oppacity\app\public\wp-includes\template-loader.php:106
[31-Aug-2022 09:15:12 UTC] PHP Warning:  Use of undefined constant php - assumed 'php' (this will throw an Error in a future version of PHP) in C:\Users\afpa\Local Sites\oppacity\app\public\wp-content\themes\themeopacity\index.php on line 32
[31-Aug-2022 09:15:12 UTC] PHP Stack trace:
[31-Aug-2022 09:15:12 UTC] PHP   1. {main}() C:\Users\afpa\Local Sites\oppacity\app\public\index.php:0
[31-Aug-2022 09:15:12 UTC] PHP   2. require() C:\Users\afpa\Local Sites\oppacity\app\public\index.php:17
[31-Aug-2022 09:15:12 UTC] PHP   3. require_once() C:\Users\afpa\Local Sites\oppacity\app\public\wp-blog-header.php:19
[31-Aug-2022 09:15:12 UTC] PHP   4. include() C:\Users\afpa\Local Sites\oppacity\app\public\wp-includes\template-loader.php:106
[31-Aug-2022 09:16:41 UTC] PHP Warning:  Use of undefined constant php - assumed 'php' (this will throw an Error in a future version of PHP) in C:\Users\afpa\Local Sites\oppacity\app\public\wp-content\themes\themeopacity\index.php on line 8
[31-Aug-2022 09:16:41 UTC] PHP Stack trace:
[31-Aug-2022 09:16:41 UTC] PHP   1. {main}() C:\Users\afpa\Local Sites\oppacity\app\public\index.php:0
[31-Aug-2022 09:16:41 UTC] PHP   2. require() C:\Users\afpa\Local Sites\oppacity\app\public\index.php:17
[31-Aug-2022 09:16:41 UTC] PHP   3. require_once() C:\Users\afpa\Local Sites\oppacity\app\public\wp-blog-header.php:19
[31-Aug-2022 09:16:41 UTC] PHP   4. include() C:\Users\afpa\Local Sites\oppacity\app\public\wp-includes\template-loader.php:106
[31-Aug-2022 09:16:41 UTC] PHP Warning:  Use of undefined constant php - assumed 'php' (this will throw an Error in a future version of PHP) in C:\Users\afpa\Local Sites\oppacity\app\public\wp-content\themes\themeopacity\index.php on line 8
[31-Aug-2022 09:16:41 UTC] PHP Stack trace:
[31-Aug-2022 09:16:41 UTC] PHP   1. {main}() C:\Users\afpa\Local Sites\oppacity\app\public\index.php:0
[31-Aug-2022 09:16:41 UTC] PHP   2. require() C:\Users\afpa\Local Sites\oppacity\app\public\index.php:17
[31-Aug-2022 09:16:41 UTC] PHP   3. require_once() C:\Users\afpa\Local Sites\oppacity\app\public\wp-blog-header.php:19
[31-Aug-2022 09:16:41 UTC] PHP   4. include() C:\Users\afpa\Local Sites\oppacity\app\public\wp-includes\template-loader.php:106
[31-Aug-2022 09:16:41 UTC] PHP Warning:  Use of undefined constant php - assumed 'php' (this will throw an Error in a future version of PHP) in C:\Users\afpa\Local Sites\oppacity\app\public\wp-content\themes\themeopacity\index.php on line 9
[31-Aug-2022 09:16:41 UTC] PHP Stack trace:
[31-Aug-2022 09:16:41 UTC] PHP   1. {main}() C:\Users\afpa\Local Sites\oppacity\app\public\index.php:0
[31-Aug-2022 09:16:41 UTC] PHP   2. require() C:\Users\afpa\Local Sites\oppacity\app\public\index.php:17
[31-Aug-2022 09:16:41 UTC] PHP   3. require_once() C:\Users\afpa\Local Sites\oppacity\app\public\wp-blog-header.php:19
[31-Aug-2022 09:16:41 UTC] PHP   4. include() C:\Users\afpa\Local Sites\oppacity\app\public\wp-includes\template-loader.php:106
[31-Aug-2022 09:16:41 UTC] PHP Warning:  Use of undefined constant php - assumed 'php' (this will throw an Error in a future version of PHP) in C:\Users\afpa\Local Sites\oppacity\app\public\wp-content\themes\themeopacity\index.php on line 11
[31-Aug-2022 09:16:41 UTC] PHP Stack trace:
[31-Aug-2022 09:16:41 UTC] PHP   1. {main}() C:\Users\afpa\Local Sites\oppacity\app\public\index.php:0
[31-Aug-2022 09:16:41 UTC] PHP   2. require() C:\Users\afpa\Local Sites\oppacity\app\public\index.php:17
[31-Aug-2022 09:16:41 UTC] PHP   3. require_once() C:\Users\afpa\Local Sites\oppacity\app\public\wp-blog-header.php:19
[31-Aug-2022 09:16:41 UTC] PHP   4. include() C:\Users\afpa\Local Sites\oppacity\app\public\wp-includes\template-loader.php:106
[31-Aug-2022 09:16:41 UTC] PHP Warning:  Use of undefined constant php - assumed 'php' (this will throw an Error in a future version of PHP) in C:\Users\afpa\Local Sites\oppacity\app\public\wp-content\themes\themeopacity\index.php on line 17
[31-Aug-2022 09:16:41 UTC] PHP Stack trace:
[31-Aug-2022 09:16:41 UTC] PHP   1. {main}() C:\Users\afpa\Local Sites\oppacity\app\public\index.php:0
[31-Aug-2022 09:16:41 UTC] PHP   2. require() C:\Users\afpa\Local Sites\oppacity\app\public\index.php:17
[31-Aug-2022 09:16:41 UTC] PHP   3. require_once() C:\Users\afpa\Local Sites\oppacity\app\public\wp-blog-header.php:19
[31-Aug-2022 09:16:41 UTC] PHP   4. include() C:\Users\afpa\Local Sites\oppacity\app\public\wp-includes\template-loader.php:106
[31-Aug-2022 09:16:41 UTC] PHP Warning:  Use of undefined constant php - assumed 'php' (this will throw an Error in a future version of PHP) in C:\Users\afpa\Local Sites\oppacity\app\public\wp-content\themes\themeopacity\index.php on line 23
[31-Aug-2022 09:16:41 UTC] PHP Stack trace:
[31-Aug-2022 09:16:41 UTC] PHP   1. {main}() C:\Users\afpa\Local Sites\oppacity\app\public\index.php:0
[31-Aug-2022 09:16:41 UTC] PHP   2. require() C:\Users\afpa\Local Sites\oppacity\app\public\index.php:17
[31-Aug-2022 09:16:41 UTC] PHP   3. require_once() C:\Users\afpa\Local Sites\oppacity\app\public\wp-blog-header.php:19
[31-Aug-2022 09:16:41 UTC] PHP   4. include() C:\Users\afpa\Local Sites\oppacity\app\public\wp-includes\template-loader.php:106
[31-Aug-2022 09:16:41 UTC] PHP Warning:  Use of undefined constant php - assumed 'php' (this will throw an Error in a future version of PHP) in C:\Users\afpa\Local Sites\oppacity\app\public\wp-content\themes\themeopacity\index.php on line 23
[31-Aug-2022 09:16:41 UTC] PHP Stack trace:
[31-Aug-2022 09:16:41 UTC] PHP   1. {main}() C:\Users\afpa\Local Sites\oppacity\app\public\index.php:0
[31-Aug-2022 09:16:41 UTC] PHP   2. require() C:\Users\afpa\Local Sites\oppacity\app\public\index.php:17
[31-Aug-2022 09:16:41 UTC] PHP   3. require_once() C:\Users\afpa\Local Sites\oppacity\app\public\wp-blog-header.php:19
[31-Aug-2022 09:16:41 UTC] PHP   4. include() C:\Users\afpa\Local Sites\oppacity\app\public\wp-includes\template-loader.php:106
[31-Aug-2022 09:16:41 UTC] PHP Warning:  Use of undefined constant php - assumed 'php' (this will throw an Error in a future version of PHP) in C:\Users\afpa\Local Sites\oppacity\app\public\wp-content\themes\themeopacity\index.php on line 23
[31-Aug-2022 09:16:41 UTC] PHP Stack trace:
[31-Aug-2022 09:16:41 UTC] PHP   1. {main}() C:\Users\afpa\Local Sites\oppacity\app\public\index.php:0
[31-Aug-2022 09:16:41 UTC] PHP   2. require() C:\Users\afpa\Local Sites\oppacity\app\public\index.php:17
[31-Aug-2022 09:16:41 UTC] PHP   3. require_once() C:\Users\afpa\Local Sites\oppacity\app\public\wp-blog-header.php:19
[31-Aug-2022 09:16:41 UTC] PHP   4. include() C:\Users\afpa\Local Sites\oppacity\app\public\wp-includes\template-loader.php:106
[31-Aug-2022 09:16:41 UTC] PHP Warning:  Use of undefined constant php - assumed 'php' (this will throw an Error in a future version of PHP) in C:\Users\afpa\Local Sites\oppacity\app\public\wp-content\themes\themeopacity\index.php on line 24
[31-Aug-2022 09:16:41 UTC] PHP Stack trace:
[31-Aug-2022 09:16:41 UTC] PHP   1. {main}() C:\Users\afpa\Local Sites\oppacity\app\public\index.php:0
[31-Aug-2022 09:16:41 UTC] PHP   2. require() C:\Users\afpa\Local Sites\oppacity\app\public\index.php:17
[31-Aug-2022 09:16:41 UTC] PHP   3. require_once() C:\Users\afpa\Local Sites\oppacity\app\public\wp-blog-header.php:19
[31-Aug-2022 09:16:41 UTC] PHP   4. include() C:\Users\afpa\Local Sites\oppacity\app\public\wp-includes\template-loader.php:106
[31-Aug-2022 09:16:41 UTC] PHP Warning:  Use of undefined constant php - assumed 'php' (this will throw an Error in a future version of PHP) in C:\Users\afpa\Local Sites\oppacity\app\public\wp-content\themes\themeopacity\index.php on line 26
[31-Aug-2022 09:16:41 UTC] PHP Stack trace:
[31-Aug-2022 09:16:41 UTC] PHP   1. {main}() C:\Users\afpa\Local Sites\oppacity\app\public\index.php:0
[31-Aug-2022 09:16:41 UTC] PHP   2. require() C:\Users\afpa\Local Sites\oppacity\app\public\index.php:17
[31-Aug-2022 09:16:41 UTC] PHP   3. require_once() C:\Users\afpa\Local Sites\oppacity\app\public\wp-blog-header.php:19
[31-Aug-2022 09:16:41 UTC] PHP   4. include() C:\Users\afpa\Local Sites\oppacity\app\public\wp-includes\template-loader.php:106
[31-Aug-2022 09:16:41 UTC] PHP Warning:  Use of undefined constant php - assumed 'php' (this will throw an Error in a future version of PHP) in C:\Users\afpa\Local Sites\oppacity\app\public\wp-content\themes\themeopacity\index.php on line 32
[31-Aug-2022 09:16:41 UTC] PHP Stack trace:
[31-Aug-2022 09:16:41 UTC] PHP   1. {main}() C:\Users\afpa\Local Sites\oppacity\app\public\index.php:0
[31-Aug-2022 09:16:41 UTC] PHP   2. require() C:\Users\afpa\Local Sites\oppacity\app\public\index.php:17
[31-Aug-2022 09:16:41 UTC] PHP   3. require_once() C:\Users\afpa\Local Sites\oppacity\app\public\wp-blog-header.php:19
[31-Aug-2022 09:16:41 UTC] PHP   4. include() C:\Users\afpa\Local Sites\oppacity\app\public\wp-includes\template-loader.php:106
[31-Aug-2022 09:16:41 UTC] PHP Warning:  Use of undefined constant php - assumed 'php' (this will throw an Error in a future version of PHP) in C:\Users\afpa\Local Sites\oppacity\app\public\wp-content\themes\themeopacity\index.php on line 8
[31-Aug-2022 09:16:41 UTC] PHP Stack trace:
[31-Aug-2022 09:16:41 UTC] PHP   1. {main}() C:\Users\afpa\Local Sites\oppacity\app\public\index.php:0
[31-Aug-2022 09:16:41 UTC] PHP   2. require() C:\Users\afpa\Local Sites\oppacity\app\public\index.php:17
[31-Aug-2022 09:16:41 UTC] PHP   3. require_once() C:\Users\afpa\Local Sites\oppacity\app\public\wp-blog-header.php:19
[31-Aug-2022 09:16:41 UTC] PHP   4. include() C:\Users\afpa\Local Sites\oppacity\app\public\wp-includes\template-loader.php:106
[31-Aug-2022 09:16:41 UTC] PHP Warning:  Use of undefined constant php - assumed 'php' (this will throw an Error in a future version of PHP) in C:\Users\afpa\Local Sites\oppacity\app\public\wp-content\themes\themeopacity\index.php on line 8
[31-Aug-2022 09:16:41 UTC] PHP Stack trace:
[31-Aug-2022 09:16:41 UTC] PHP   1. {main}() C:\Users\afpa\Local Sites\oppacity\app\public\index.php:0
[31-Aug-2022 09:16:41 UTC] PHP   2. require() C:\Users\afpa\Local Sites\oppacity\app\public\index.php:17
[31-Aug-2022 09:16:41 UTC] PHP   3. require_once() C:\Users\afpa\Local Sites\oppacity\app\public\wp-blog-header.php:19
[31-Aug-2022 09:16:41 UTC] PHP   4. include() C:\Users\afpa\Local Sites\oppacity\app\public\wp-includes\template-loader.php:106
[31-Aug-2022 09:16:41 UTC] PHP Warning:  Use of undefined constant php - assumed 'php' (this will throw an Error in a future version of PHP) in C:\Users\afpa\Local Sites\oppacity\app\public\wp-content\themes\themeopacity\index.php on line 9
[31-Aug-2022 09:16:41 UTC] PHP Stack trace:
[31-Aug-2022 09:16:41 UTC] PHP   1. {main}() C:\Users\afpa\Local Sites\oppacity\app\public\index.php:0
[31-Aug-2022 09:16:41 UTC] PHP   2. require() C:\Users\afpa\Local Sites\oppacity\app\public\index.php:17
[31-Aug-2022 09:16:41 UTC] PHP   3. require_once() C:\Users\afpa\Local Sites\oppacity\app\public\wp-blog-header.php:19
[31-Aug-2022 09:16:41 UTC] PHP   4. include() C:\Users\afpa\Local Sites\oppacity\app\public\wp-includes\template-loader.php:106
[31-Aug-2022 09:16:41 UTC] PHP Warning:  Use of undefined constant php - assumed 'php' (this will throw an Error in a future version of PHP) in C:\Users\afpa\Local Sites\oppacity\app\public\wp-content\themes\themeopacity\index.php on line 11
[31-Aug-2022 09:16:41 UTC] PHP Stack trace:
[31-Aug-2022 09:16:41 UTC] PHP   1. {main}() C:\Users\afpa\Local Sites\oppacity\app\public\index.php:0
[31-Aug-2022 09:16:41 UTC] PHP   2. require() C:\Users\afpa\Local Sites\oppacity\app\public\index.php:17
[31-Aug-2022 09:16:41 UTC] PHP   3. require_once() C:\Users\afpa\Local Sites\oppacity\app\public\wp-blog-header.php:19
[31-Aug-2022 09:16:41 UTC] PHP   4. include() C:\Users\afpa\Local Sites\oppacity\app\public\wp-includes\template-loader.php:106
[31-Aug-2022 09:16:41 UTC] PHP Warning:  Use of undefined constant php - assumed 'php' (this will throw an Error in a future version of PHP) in C:\Users\afpa\Local Sites\oppacity\app\public\wp-content\themes\themeopacity\index.php on line 17
[31-Aug-2022 09:16:41 UTC] PHP Stack trace:
[31-Aug-2022 09:16:41 UTC] PHP   1. {main}() C:\Users\afpa\Local Sites\oppacity\app\public\index.php:0
[31-Aug-2022 09:16:41 UTC] PHP   2. require() C:\Users\afpa\Local Sites\oppacity\app\public\index.php:17
[31-Aug-2022 09:16:41 UTC] PHP   3. require_once() C:\Users\afpa\Local Sites\oppacity\app\public\wp-blog-header.php:19
[31-Aug-2022 09:16:41 UTC] PHP   4. include() C:\Users\afpa\Local Sites\oppacity\app\public\wp-includes\template-loader.php:106
[31-Aug-2022 09:16:41 UTC] PHP Warning:  Use of undefined constant php - assumed 'php' (this will throw an Error in a future version of PHP) in C:\Users\afpa\Local Sites\oppacity\app\public\wp-content\themes\themeopacity\index.php on line 23
[31-Aug-2022 09:16:41 UTC] PHP Stack trace:
[31-Aug-2022 09:16:41 UTC] PHP   1. {main}() C:\Users\afpa\Local Sites\oppacity\app\public\index.php:0
[31-Aug-2022 09:16:41 UTC] PHP   2. require() C:\Users\afpa\Local Sites\oppacity\app\public\index.php:17
[31-Aug-2022 09:16:41 UTC] PHP   3. require_once() C:\Users\afpa\Local Sites\oppacity\app\public\wp-blog-header.php:19
[31-Aug-2022 09:16:41 UTC] PHP   4. include() C:\Users\afpa\Local Sites\oppacity\app\public\wp-includes\template-loader.php:106
[31-Aug-2022 09:16:41 UTC] PHP Warning:  Use of undefined constant php - assumed 'php' (this will throw an Error in a future version of PHP) in C:\Users\afpa\Local Sites\oppacity\app\public\wp-content\themes\themeopacity\index.php on line 23
[31-Aug-2022 09:16:41 UTC] PHP Stack trace:
[31-Aug-2022 09:16:41 UTC] PHP   1. {main}() C:\Users\afpa\Local Sites\oppacity\app\public\index.php:0
[31-Aug-2022 09:16:41 UTC] PHP   2. require() C:\Users\afpa\Local Sites\oppacity\app\public\index.php:17
[31-Aug-2022 09:16:41 UTC] PHP   3. require_once() C:\Users\afpa\Local Sites\oppacity\app\public\wp-blog-header.php:19
[31-Aug-2022 09:16:41 UTC] PHP   4. include() C:\Users\afpa\Local Sites\oppacity\app\public\wp-includes\template-loader.php:106
[31-Aug-2022 09:16:41 UTC] PHP Warning:  Use of undefined constant php - assumed 'php' (this will throw an Error in a future version of PHP) in C:\Users\afpa\Local Sites\oppacity\app\public\wp-content\themes\themeopacity\index.php on line 23
[31-Aug-2022 09:16:41 UTC] PHP Stack trace:
[31-Aug-2022 09:16:41 UTC] PHP   1. {main}() C:\Users\afpa\Local Sites\oppacity\app\public\index.php:0
[31-Aug-2022 09:16:41 UTC] PHP   2. require() C:\Users\afpa\Local Sites\oppacity\app\public\index.php:17
[31-Aug-2022 09:16:41 UTC] PHP   3. require_once() C:\Users\afpa\Local Sites\oppacity\app\public\wp-blog-header.php:19
[31-Aug-2022 09:16:41 UTC] PHP   4. include() C:\Users\afpa\Local Sites\oppacity\app\public\wp-includes\template-loader.php:106
[31-Aug-2022 09:16:41 UTC] PHP Warning:  Use of undefined constant php - assumed 'php' (this will throw an Error in a future version of PHP) in C:\Users\afpa\Local Sites\oppacity\app\public\wp-content\themes\themeopacity\index.php on line 24
[31-Aug-2022 09:16:41 UTC] PHP Stack trace:
[31-Aug-2022 09:16:41 UTC] PHP   1. {main}() C:\Users\afpa\Local Sites\oppacity\app\public\index.php:0
[31-Aug-2022 09:16:41 UTC] PHP   2. require() C:\Users\afpa\Local Sites\oppacity\app\public\index.php:17
[31-Aug-2022 09:16:41 UTC] PHP   3. require_once() C:\Users\afpa\Local Sites\oppacity\app\public\wp-blog-header.php:19
[31-Aug-2022 09:16:41 UTC] PHP   4. include() C:\Users\afpa\Local Sites\oppacity\app\public\wp-includes\template-loader.php:106
[31-Aug-2022 09:16:41 UTC] PHP Warning:  Use of undefined constant php - assumed 'php' (this will throw an Error in a future version of PHP) in C:\Users\afpa\Local Sites\oppacity\app\public\wp-content\themes\themeopacity\index.php on line 26
[31-Aug-2022 09:16:41 UTC] PHP Stack trace:
[31-Aug-2022 09:16:41 UTC] PHP   1. {main}() C:\Users\afpa\Local Sites\oppacity\app\public\index.php:0
[31-Aug-2022 09:16:41 UTC] PHP   2. require() C:\Users\afpa\Local Sites\oppacity\app\public\index.php:17
[31-Aug-2022 09:16:41 UTC] PHP   3. require_once() C:\Users\afpa\Local Sites\oppacity\app\public\wp-blog-header.php:19
[31-Aug-2022 09:16:41 UTC] PHP   4. include() C:\Users\afpa\Local Sites\oppacity\app\public\wp-includes\template-loader.php:106
[31-Aug-2022 09:16:41 UTC] PHP Warning:  Use of undefined constant php - assumed 'php' (this will throw an Error in a future version of PHP) in C:\Users\afpa\Local Sites\oppacity\app\public\wp-content\themes\themeopacity\index.php on line 32
[31-Aug-2022 09:16:41 UTC] PHP Stack trace:
[31-Aug-2022 09:16:41 UTC] PHP   1. {main}() C:\Users\afpa\Local Sites\oppacity\app\public\index.php:0
[31-Aug-2022 09:16:41 UTC] PHP   2. require() C:\Users\afpa\Local Sites\oppacity\app\public\index.php:17
[31-Aug-2022 09:16:41 UTC] PHP   3. require_once() C:\Users\afpa\Local Sites\oppacity\app\public\wp-blog-header.php:19
[31-Aug-2022 09:16:41 UTC] PHP   4. include() C:\Users\afpa\Local Sites\oppacity\app\public\wp-includes\template-loader.php:106
[31-Aug-2022 09:18:15 UTC] PHP Warning:  Use of undefined constant php - assumed 'php' (this will throw an Error in a future version of PHP) in C:\Users\afpa\Local Sites\oppacity\app\public\wp-content\themes\themeopacity\index.php on line 8
[31-Aug-2022 09:18:15 UTC] PHP Stack trace:
[31-Aug-2022 09:18:15 UTC] PHP   1. {main}() C:\Users\afpa\Local Sites\oppacity\app\public\index.php:0
[31-Aug-2022 09:18:15 UTC] PHP   2. require() C:\Users\afpa\Local Sites\oppacity\app\public\index.php:17
[31-Aug-2022 09:18:15 UTC] PHP   3. require_once() C:\Users\afpa\Local Sites\oppacity\app\public\wp-blog-header.php:19
[31-Aug-2022 09:18:15 UTC] PHP   4. include() C:\Users\afpa\Local Sites\oppacity\app\public\wp-includes\template-loader.php:106
[31-Aug-2022 09:18:15 UTC] PHP Warning:  Use of undefined constant php - assumed 'php' (this will throw an Error in a future version of PHP) in C:\Users\afpa\Local Sites\oppacity\app\public\wp-content\themes\themeopacity\index.php on line 8
[31-Aug-2022 09:18:15 UTC] PHP Stack trace:
[31-Aug-2022 09:18:15 UTC] PHP   1. {main}() C:\Users\afpa\Local Sites\oppacity\app\public\index.php:0
[31-Aug-2022 09:18:15 UTC] PHP   2. require() C:\Users\afpa\Local Sites\oppacity\app\public\index.php:17
[31-Aug-2022 09:18:15 UTC] PHP   3. require_once() C:\Users\afpa\Local Sites\oppacity\app\public\wp-blog-header.php:19
[31-Aug-2022 09:18:15 UTC] PHP   4. include() C:\Users\afpa\Local Sites\oppacity\app\public\wp-includes\template-loader.php:106
[31-Aug-2022 09:18:15 UTC] PHP Warning:  Use of undefined constant php - assumed 'php' (this will throw an Error in a future version of PHP) in C:\Users\afpa\Local Sites\oppacity\app\public\wp-content\themes\themeopacity\index.php on line 9
[31-Aug-2022 09:18:15 UTC] PHP Stack trace:
[31-Aug-2022 09:18:15 UTC] PHP   1. {main}() C:\Users\afpa\Local Sites\oppacity\app\public\index.php:0
[31-Aug-2022 09:18:15 UTC] PHP   2. require() C:\Users\afpa\Local Sites\oppacity\app\public\index.php:17
[31-Aug-2022 09:18:15 UTC] PHP   3. require_once() C:\Users\afpa\Local Sites\oppacity\app\public\wp-blog-header.php:19
[31-Aug-2022 09:18:15 UTC] PHP   4. include() C:\Users\afpa\Local Sites\oppacity\app\public\wp-includes\template-loader.php:106
[31-Aug-2022 09:18:15 UTC] PHP Warning:  Use of undefined constant php - assumed 'php' (this will throw an Error in a future version of PHP) in C:\Users\afpa\Local Sites\oppacity\app\public\wp-content\themes\themeopacity\index.php on line 11
[31-Aug-2022 09:18:15 UTC] PHP Stack trace:
[31-Aug-2022 09:18:15 UTC] PHP   1. {main}() C:\Users\afpa\Local Sites\oppacity\app\public\index.php:0
[31-Aug-2022 09:18:15 UTC] PHP   2. require() C:\Users\afpa\Local Sites\oppacity\app\public\index.php:17
[31-Aug-2022 09:18:15 UTC] PHP   3. require_once() C:\Users\afpa\Local Sites\oppacity\app\public\wp-blog-header.php:19
[31-Aug-2022 09:18:15 UTC] PHP   4. include() C:\Users\afpa\Local Sites\oppacity\app\public\wp-includes\template-loader.php:106
[31-Aug-2022 09:18:15 UTC] PHP Warning:  Use of undefined constant php - assumed 'php' (this will throw an Error in a future version of PHP) in C:\Users\afpa\Local Sites\oppacity\app\public\wp-content\themes\themeopacity\index.php on line 17
[31-Aug-2022 09:18:15 UTC] PHP Stack trace:
[31-Aug-2022 09:18:15 UTC] PHP   1. {main}() C:\Users\afpa\Local Sites\oppacity\app\public\index.php:0
[31-Aug-2022 09:18:15 UTC] PHP   2. require() C:\Users\afpa\Local Sites\oppacity\app\public\index.php:17
[31-Aug-2022 09:18:15 UTC] PHP   3. require_once() C:\Users\afpa\Local Sites\oppacity\app\public\wp-blog-header.php:19
[31-Aug-2022 09:18:15 UTC] PHP   4. include() C:\Users\afpa\Local Sites\oppacity\app\public\wp-includes\template-loader.php:106
[31-Aug-2022 09:18:15 UTC] PHP Warning:  Use of undefined constant php - assumed 'php' (this will throw an Error in a future version of PHP) in C:\Users\afpa\Local Sites\oppacity\app\public\wp-content\themes\themeopacity\index.php on line 23
[31-Aug-2022 09:18:15 UTC] PHP Stack trace:
[31-Aug-2022 09:18:15 UTC] PHP   1. {main}() C:\Users\afpa\Local Sites\oppacity\app\public\index.php:0
[31-Aug-2022 09:18:15 UTC] PHP   2. require() C:\Users\afpa\Local Sites\oppacity\app\public\index.php:17
[31-Aug-2022 09:18:15 UTC] PHP   3. require_once() C:\Users\afpa\Local Sites\oppacity\app\public\wp-blog-header.php:19
[31-Aug-2022 09:18:15 UTC] PHP   4. include() C:\Users\afpa\Local Sites\oppacity\app\public\wp-includes\template-loader.php:106
[31-Aug-2022 09:18:15 UTC] PHP Warning:  Use of undefined constant php - assumed 'php' (this will throw an Error in a future version of PHP) in C:\Users\afpa\Local Sites\oppacity\app\public\wp-content\themes\themeopacity\index.php on line 23
[31-Aug-2022 09:18:15 UTC] PHP Stack trace:
[31-Aug-2022 09:18:15 UTC] PHP   1. {main}() C:\Users\afpa\Local Sites\oppacity\app\public\index.php:0
[31-Aug-2022 09:18:15 UTC] PHP   2. require() C:\Users\afpa\Local Sites\oppacity\app\public\index.php:17
[31-Aug-2022 09:18:15 UTC] PHP   3. require_once() C:\Users\afpa\Local Sites\oppacity\app\public\wp-blog-header.php:19
[31-Aug-2022 09:18:15 UTC] PHP   4. include() C:\Users\afpa\Local Sites\oppacity\app\public\wp-includes\template-loader.php:106
[31-Aug-2022 09:18:15 UTC] PHP Warning:  Use of undefined constant php - assumed 'php' (this will throw an Error in a future version of PHP) in C:\Users\afpa\Local Sites\oppacity\app\public\wp-content\themes\themeopacity\index.php on line 23
[31-Aug-2022 09:18:15 UTC] PHP Stack trace:
[31-Aug-2022 09:18:15 UTC] PHP   1. {main}() C:\Users\afpa\Local Sites\oppacity\app\public\index.php:0
[31-Aug-2022 09:18:15 UTC] PHP   2. require() C:\Users\afpa\Local Sites\oppacity\app\public\index.php:17
[31-Aug-2022 09:18:15 UTC] PHP   3. require_once() C:\Users\afpa\Local Sites\oppacity\app\public\wp-blog-header.php:19
[31-Aug-2022 09:18:15 UTC] PHP   4. include() C:\Users\afpa\Local Sites\oppacity\app\public\wp-includes\template-loader.php:106
[31-Aug-2022 09:18:15 UTC] PHP Warning:  Use of undefined constant php - assumed 'php' (this will throw an Error in a future version of PHP) in C:\Users\afpa\Local Sites\oppacity\app\public\wp-content\themes\themeopacity\index.php on line 24
[31-Aug-2022 09:18:15 UTC] PHP Stack trace:
[31-Aug-2022 09:18:15 UTC] PHP   1. {main}() C:\Users\afpa\Local Sites\oppacity\app\public\index.php:0
[31-Aug-2022 09:18:15 UTC] PHP   2. require() C:\Users\afpa\Local Sites\oppacity\app\public\index.php:17
[31-Aug-2022 09:18:15 UTC] PHP   3. require_once() C:\Users\afpa\Local Sites\oppacity\app\public\wp-blog-header.php:19
[31-Aug-2022 09:18:15 UTC] PHP   4. include() C:\Users\afpa\Local Sites\oppacity\app\public\wp-includes\template-loader.php:106
[31-Aug-2022 09:18:15 UTC] PHP Warning:  Use of undefined constant php - assumed 'php' (this will throw an Error in a future version of PHP) in C:\Users\afpa\Local Sites\oppacity\app\public\wp-content\themes\themeopacity\index.php on line 26
[31-Aug-2022 09:18:15 UTC] PHP Stack trace:
[31-Aug-2022 09:18:15 UTC] PHP   1. {main}() C:\Users\afpa\Local Sites\oppacity\app\public\index.php:0
[31-Aug-2022 09:18:15 UTC] PHP   2. require() C:\Users\afpa\Local Sites\oppacity\app\public\index.php:17
[31-Aug-2022 09:18:15 UTC] PHP   3. require_once() C:\Users\afpa\Local Sites\oppacity\app\public\wp-blog-header.php:19
[31-Aug-2022 09:18:15 UTC] PHP   4. include() C:\Users\afpa\Local Sites\oppacity\app\public\wp-includes\template-loader.php:106
[31-Aug-2022 09:18:15 UTC] PHP Warning:  Use of undefined constant php - assumed 'php' (this will throw an Error in a future version of PHP) in C:\Users\afpa\Local Sites\oppacity\app\public\wp-content\themes\themeopacity\index.php on line 32
[31-Aug-2022 09:18:15 UTC] PHP Stack trace:
[31-Aug-2022 09:18:15 UTC] PHP   1. {main}() C:\Users\afpa\Local Sites\oppacity\app\public\index.php:0
[31-Aug-2022 09:18:15 UTC] PHP   2. require() C:\Users\afpa\Local Sites\oppacity\app\public\index.php:17
[31-Aug-2022 09:18:15 UTC] PHP   3. require_once() C:\Users\afpa\Local Sites\oppacity\app\public\wp-blog-header.php:19
[31-Aug-2022 09:18:15 UTC] PHP   4. include() C:\Users\afpa\Local Sites\oppacity\app\public\wp-includes\template-loader.php:106
[31-Aug-2022 09:18:15 UTC] PHP Warning:  Use of undefined constant php - assumed 'php' (this will throw an Error in a future version of PHP) in C:\Users\afpa\Local Sites\oppacity\app\public\wp-content\themes\themeopacity\index.php on line 8
[31-Aug-2022 09:18:15 UTC] PHP Stack trace:
[31-Aug-2022 09:18:15 UTC] PHP   1. {main}() C:\Users\afpa\Local Sites\oppacity\app\public\index.php:0
[31-Aug-2022 09:18:15 UTC] PHP   2. require() C:\Users\afpa\Local Sites\oppacity\app\public\index.php:17
[31-Aug-2022 09:18:15 UTC] PHP   3. require_once() C:\Users\afpa\Local Sites\oppacity\app\public\wp-blog-header.php:19
[31-Aug-2022 09:18:15 UTC] PHP   4. include() C:\Users\afpa\Local Sites\oppacity\app\public\wp-includes\template-loader.php:106
[31-Aug-2022 09:18:15 UTC] PHP Warning:  Use of undefined constant php - assumed 'php' (this will throw an Error in a future version of PHP) in C:\Users\afpa\Local Sites\oppacity\app\public\wp-content\themes\themeopacity\index.php on line 8
[31-Aug-2022 09:18:15 UTC] PHP Stack trace:
[31-Aug-2022 09:18:15 UTC] PHP   1. {main}() C:\Users\afpa\Local Sites\oppacity\app\public\index.php:0
[31-Aug-2022 09:18:15 UTC] PHP   2. require() C:\Users\afpa\Local Sites\oppacity\app\public\index.php:17
[31-Aug-2022 09:18:15 UTC] PHP   3. require_once() C:\Users\afpa\Local Sites\oppacity\app\public\wp-blog-header.php:19
[31-Aug-2022 09:18:15 UTC] PHP   4. include() C:\Users\afpa\Local Sites\oppacity\app\public\wp-includes\template-loader.php:106
[31-Aug-2022 09:18:15 UTC] PHP Warning:  Use of undefined constant php - assumed 'php' (this will throw an Error in a future version of PHP) in C:\Users\afpa\Local Sites\oppacity\app\public\wp-content\themes\themeopacity\index.php on line 9
[31-Aug-2022 09:18:15 UTC] PHP Stack trace:
[31-Aug-2022 09:18:15 UTC] PHP   1. {main}() C:\Users\afpa\Local Sites\oppacity\app\public\index.php:0
[31-Aug-2022 09:18:15 UTC] PHP   2. require() C:\Users\afpa\Local Sites\oppacity\app\public\index.php:17
[31-Aug-2022 09:18:15 UTC] PHP   3. require_once() C:\Users\afpa\Local Sites\oppacity\app\public\wp-blog-header.php:19
[31-Aug-2022 09:18:15 UTC] PHP   4. include() C:\Users\afpa\Local Sites\oppacity\app\public\wp-includes\template-loader.php:106
[31-Aug-2022 09:18:15 UTC] PHP Warning:  Use of undefined constant php - assumed 'php' (this will throw an Error in a future version of PHP) in C:\Users\afpa\Local Sites\oppacity\app\public\wp-content\themes\themeopacity\index.php on line 11
[31-Aug-2022 09:18:15 UTC] PHP Stack trace:
[31-Aug-2022 09:18:15 UTC] PHP   1. {main}() C:\Users\afpa\Local Sites\oppacity\app\public\index.php:0
[31-Aug-2022 09:18:15 UTC] PHP   2. require() C:\Users\afpa\Local Sites\oppacity\app\public\index.php:17
[31-Aug-2022 09:18:15 UTC] PHP   3. require_once() C:\Users\afpa\Local Sites\oppacity\app\public\wp-blog-header.php:19
[31-Aug-2022 09:18:15 UTC] PHP   4. include() C:\Users\afpa\Local Sites\oppacity\app\public\wp-includes\template-loader.php:106
[31-Aug-2022 09:18:15 UTC] PHP Warning:  Use of undefined constant php - assumed 'php' (this will throw an Error in a future version of PHP) in C:\Users\afpa\Local Sites\oppacity\app\public\wp-content\themes\themeopacity\index.php on line 17
[31-Aug-2022 09:18:15 UTC] PHP Stack trace:
[31-Aug-2022 09:18:15 UTC] PHP   1. {main}() C:\Users\afpa\Local Sites\oppacity\app\public\index.php:0
[31-Aug-2022 09:18:15 UTC] PHP   2. require() C:\Users\afpa\Local Sites\oppacity\app\public\index.php:17
[31-Aug-2022 09:18:15 UTC] PHP   3. require_once() C:\Users\afpa\Local Sites\oppacity\app\public\wp-blog-header.php:19
[31-Aug-2022 09:18:15 UTC] PHP   4. include() C:\Users\afpa\Local Sites\oppacity\app\public\wp-includes\template-loader.php:106
[31-Aug-2022 09:18:15 UTC] PHP Warning:  Use of undefined constant php - assumed 'php' (this will throw an Error in a future version of PHP) in C:\Users\afpa\Local Sites\oppacity\app\public\wp-content\themes\themeopacity\index.php on line 23
[31-Aug-2022 09:18:15 UTC] PHP Stack trace:
[31-Aug-2022 09:18:15 UTC] PHP   1. {main}() C:\Users\afpa\Local Sites\oppacity\app\public\index.php:0
[31-Aug-2022 09:18:15 UTC] PHP   2. require() C:\Users\afpa\Local Sites\oppacity\app\public\index.php:17
[31-Aug-2022 09:18:15 UTC] PHP   3. require_once() C:\Users\afpa\Local Sites\oppacity\app\public\wp-blog-header.php:19
[31-Aug-2022 09:18:15 UTC] PHP   4. include() C:\Users\afpa\Local Sites\oppacity\app\public\wp-includes\template-loader.php:106
[31-Aug-2022 09:18:15 UTC] PHP Warning:  Use of undefined constant php - assumed 'php' (this will throw an Error in a future version of PHP) in C:\Users\afpa\Local Sites\oppacity\app\public\wp-content\themes\themeopacity\index.php on line 23
[31-Aug-2022 09:18:15 UTC] PHP Stack trace:
[31-Aug-2022 09:18:15 UTC] PHP   1. {main}() C:\Users\afpa\Local Sites\oppacity\app\public\index.php:0
[31-Aug-2022 09:18:15 UTC] PHP   2. require() C:\Users\afpa\Local Sites\oppacity\app\public\index.php:17
[31-Aug-2022 09:18:15 UTC] PHP   3. require_once() C:\Users\afpa\Local Sites\oppacity\app\public\wp-blog-header.php:19
[31-Aug-2022 09:18:15 UTC] PHP   4. include() C:\Users\afpa\Local Sites\oppacity\app\public\wp-includes\template-loader.php:106
[31-Aug-2022 09:18:15 UTC] PHP Warning:  Use of undefined constant php - assumed 'php' (this will throw an Error in a future version of PHP) in C:\Users\afpa\Local Sites\oppacity\app\public\wp-content\themes\themeopacity\index.php on line 23
[31-Aug-2022 09:18:15 UTC] PHP Stack trace:
[31-Aug-2022 09:18:15 UTC] PHP   1. {main}() C:\Users\afpa\Local Sites\oppacity\app\public\index.php:0
[31-Aug-2022 09:18:15 UTC] PHP   2. require() C:\Users\afpa\Local Sites\oppacity\app\public\index.php:17
[31-Aug-2022 09:18:15 UTC] PHP   3. require_once() C:\Users\afpa\Local Sites\oppacity\app\public\wp-blog-header.php:19
[31-Aug-2022 09:18:15 UTC] PHP   4. include() C:\Users\afpa\Local Sites\oppacity\app\public\wp-includes\template-loader.php:106
[31-Aug-2022 09:18:15 UTC] PHP Warning:  Use of undefined constant php - assumed 'php' (this will throw an Error in a future version of PHP) in C:\Users\afpa\Local Sites\oppacity\app\public\wp-content\themes\themeopacity\index.php on line 24
[31-Aug-2022 09:18:15 UTC] PHP Stack trace:
[31-Aug-2022 09:18:15 UTC] PHP   1. {main}() C:\Users\afpa\Local Sites\oppacity\app\public\index.php:0
[31-Aug-2022 09:18:15 UTC] PHP   2. require() C:\Users\afpa\Local Sites\oppacity\app\public\index.php:17
[31-Aug-2022 09:18:15 UTC] PHP   3. require_once() C:\Users\afpa\Local Sites\oppacity\app\public\wp-blog-header.php:19
[31-Aug-2022 09:18:15 UTC] PHP   4. include() C:\Users\afpa\Local Sites\oppacity\app\public\wp-includes\template-loader.php:106
[31-Aug-2022 09:18:15 UTC] PHP Warning:  Use of undefined constant php - assumed 'php' (this will throw an Error in a future version of PHP) in C:\Users\afpa\Local Sites\oppacity\app\public\wp-content\themes\themeopacity\index.php on line 26
[31-Aug-2022 09:18:15 UTC] PHP Stack trace:
[31-Aug-2022 09:18:15 UTC] PHP   1. {main}() C:\Users\afpa\Local Sites\oppacity\app\public\index.php:0
[31-Aug-2022 09:18:15 UTC] PHP   2. require() C:\Users\afpa\Local Sites\oppacity\app\public\index.php:17
[31-Aug-2022 09:18:15 UTC] PHP   3. require_once() C:\Users\afpa\Local Sites\oppacity\app\public\wp-blog-header.php:19
[31-Aug-2022 09:18:15 UTC] PHP   4. include() C:\Users\afpa\Local Sites\oppacity\app\public\wp-includes\template-loader.php:106
[31-Aug-2022 09:18:15 UTC] PHP Warning:  Use of undefined constant php - assumed 'php' (this will throw an Error in a future version of PHP) in C:\Users\afpa\Local Sites\oppacity\app\public\wp-content\themes\themeopacity\index.php on line 32
[31-Aug-2022 09:18:15 UTC] PHP Stack trace:
[31-Aug-2022 09:18:15 UTC] PHP   1. {main}() C:\Users\afpa\Local Sites\oppacity\app\public\index.php:0
[31-Aug-2022 09:18:15 UTC] PHP   2. require() C:\Users\afpa\Local Sites\oppacity\app\public\index.php:17
[31-Aug-2022 09:18:15 UTC] PHP   3. require_once() C:\Users\afpa\Local Sites\oppacity\app\public\wp-blog-header.php:19
[31-Aug-2022 09:18:15 UTC] PHP   4. include() C:\Users\afpa\Local Sites\oppacity\app\public\wp-includes\template-loader.php:106
